29100
65187
270659
778859
1182199
1367233
1554737
1786104
1805162
2014724
2095535
2229408
2318082
2337059
2371697
2403893
2494536
2508128
2620507
2832496
3260699
3321839
3326382
3495440
3520256
3558699
3638383
3639772
3805165
3898415
4320137
4469190
4825282
4862251
4950309
4951550
4963739
4993352
5069374
5173859
5575363
5590492
5834398
6009521
6375314
6622123
6704915
6780570
7039941
7113691
7314552
7384476
7602970
7863017
7925738
8000033
8101168
8139718
8257647
8359956
8422326
8477931
8588725
8642235
8718304
8828530
8846404
8962962
9125051
9147921
9150461
9266235
9566070
9752552
9989788
10016142
10045255
10201203
10294248
10414654
10505884
10590728
11032132
11321188
11496572
11741172
11758895
11860697
11994634
12088547
12180215
12507142
12510435
12598864
12638010
12681048
13539305
13549104
13573401
13819385
14138243
14265416
14439442
14717961
14770321
14848514
14999917
15084036
15137244
15230695
15415453
15803197
16328653
16386173
16608929
16614307
16621310
16877030
16955267
16969004
17124224
17224346
17336858
17582316
17685133
17769541
17877159
18008982
18298812
18366795
18560294
18621818
18647148
18752835
18865804
18868415
18884254
19002239
19153336
19155847
19291950
19393536
19505473
19533556
19573138
19604656
20350887
20567688
20713428
20842964
20949257
20988144
21271265
21304129
21379209
21379997
21398974
21597285
21635116
21636985
21683040
21804763
22046572
22100902
22210268
22270118
22291058
22311096
22324477
22389762
22710354
22851585
23040758
23408442
23513130
23624275
23739338
23957809
23985625
24015643
24036244
24154926
24303355
24426275
24487716
24731733
24735544
24890492
24960808
24976024
25000297
25058409
25168237
25262864
25703962
25725609
25745053
25884105
25891376
26266070
26433096
26434379
26470438
26742126
27164700
27164743
27224312
27241246
27266949
27638871
27667697
27695702
27706523
27877113
28001388
28035230
28101193
28255600
28387917
28391041
28535975
28546436
28728445
28881012
28918418
29058803
29087758
29240695
29344060
29369999
29451516
29465459
29678397
29690519
29747585
29863190
29901857
29950968
30047722
30153627
30168834
30180739
30283199
30571105
30731776
30802596
31178836
31502548
31725440
31739897
31902233
31996098
32146547
32252316
32420408
32595527
32719192
32847680
32948012
32979284
33051602
33168283
33273348
33410994
33487901
33494681
33644292
33675453
33741499
33883044
33922008
34352677
34451188
34871220
34937203
35031916
35104204
35165622
35418696
35420485
35488425
35494690
35517146
35524657
35607826
35659690
35744207
35956466
35964926
36023183
36136862
36154376
36159634
36160235
36209832
36216587
36220437
36248430
36302179
36336304
36359200
36479574
36549405
36680156
36880103
36905904
36923667
37019216
37276367
37363144
37377139
37621099
37672041
37684815
37708658
37718099
37826844
37967531
37975861
38126955
38406298
38825600
38837486
39156639
39174207
39231268
39354998
39457341
39460917
39475034
39574505
39661414
39758008
39840648
39961255
40006669
40146156
40217839
40449104
40457646
40653176
40712792
40720699
41018652
41035024
41071464
41114652
41133128
41192827
41227328
41248414
41311411
41364185
41510717
41954001
41993076
42296189
42301004
42366513
42378367
42404317
42427717
42448790
42535713
42642700
42681327
42688474
42867380
43403048
43412734
43755345
43864261
43892495
43954300
44035978
44180391
44481309
44540416
44561895
44727799
44750058
44844802
44899115
44902023
44922756
45002360
45084603
45209365
45441752
45624086
45679951
45771979
45780468
45849992
46096299
46211802
46343556
46344191
46353718
46448552
46516718
46521440
46549344
46735694
46740624
46827033
47007493
47365329
47366005
47379223
47458304
47509197
47725233
47803183
47836465
47851507
47913123
48143571
48371913
48493856
48554621
48838840
49058837
49085114
49130691
49197958
49273090
49351264
49748887
50310515
50388346
50393657
50528160
50543760
50588786
50630001
50690414
50737373
50743062
51291460
51403619
51502842
51568407
51688861
51803697
51951654
52067257
52071936
52166345
52182685
52744161
52827644
52859012
53010826
53174419
53210671
53247471
53283150
53305249
53380215
53419422
53497338
53582908
53722528
53867575
53970893
54054509
54252465
54303531
54424827
54503662
54642213
54917707
55002220
55227370
55274654
55702178
55850154
55933110
55951818
56082646
56336307
56367330
56433058
56497166
56500858
56649716
56912158
56923849
56937884
56958559
56992902
57408432
57460232
57488326
57638386
57701894
57725587
57910727
57913776
57964842
57997703
58127178
58284899
58376858
58392685
58615687
58875600
58981194
58991951
59000004
59189097
59306203
59422864
59490757
59620095
59635798
59782142
59787628
59900230
59976080
60133334
60145684
60213768
60218236
60260493
60467258
60477464
60495737
60565556
60783067
60892741
61615284
61825981
61872286
62323384
62330977
62376023
62412725
62619732
62687559
62869811
62894342
62905435
62957951
63011286
63162963
63276839
63415819
63512808
63563261
63626731
63656347
63791723
63960601
64016584
64030249
64215616
64231776
64345435
64408813
64430631
64475780
64567560
65050223
65245177
65288062
65361855
65385383
65639161
65784901
65908023
66056718
66116259
66198833
66221904
66259454
66358911
66371448
66410751
66482813
66573024
66967309
67131727
67327204
67409428
67447598
67491885
67553891
67646487
67769041
67796060
67824038
67888538
68062315
68104235
68412358
68615186
68727195
68775349
68791181
68891274
69130007
69138250
69218752
69297177
69644811
69659831
69711581
69867160
69917400
69947420
70109390
70173358
70177611
70200231
70277068
70697162
70897326
70903572
71000376
71022991
71060609
71288790
71327429
71516233
71532799
71537281
71584787
71799378
71903467
72002593
72017207
72290086
72323344
72438565
72466984
72476988
72696180
72783590
72855186
73060448
73134300
73207889
73322043
73352931
73428180
73472939
73499890
73675075
73826868
73840556
73907939
74039028
74040708
74046929
74262370
74269206
74299865
74330070
74404004
74800851
74840068
74847316
75133698
75177792
75199798
75374808
75664377
75697043
76203719
76678782
76717942
76807468
76821436
76953121
76965362
77018008
77248564
77319467
77464434
77552215
77843203
77853579
77911884
77925413
78057095
78105786
78294726
78327691
78586099
78765963
78793335
78814353
78877894
78892970
78894882
78929032
78978296
79063648
79137346
79271565
79286883
79397625
79461131
79610219
79619380
79676838
79725459
79760460
79933982
79978800
80008832
80051139
80102501
80189832
80290365
80370126
80391074
80501037
80509717
80582645
80682004
80693208
80797761
80866481
81036944
81138357
81142363
81148415
81154613
81216168
81439509
81936315
81954675
82009859
82079203
82263220
82270695
82316995
82694794
83000996
83001326
83403557
83414846
83496029
83658369
83725924
83736324
83846263
83985383
84048767
84087726
84350521
84635229
84644252
84757328
84788940
84819898
84873124
85226516
85268436
85363685
85399673
85477235
85565789
85845030
85973386
86022190
86231649
86311829
86375644
86426984
86432728
86466562
86951556
87049230
87318231
87371805
87375135
87415634
87451395
87600355
88072875
88317089
88371000
88491657
88646218
89027899
89131708
89161807
89268643
89340425
89466324
89495053
89579174
89619036
89729284
89772531
89822156
89947539
90464936
90520605
90814205
90966248
91151023
91410287
91445757
91546541
91623350
91683236
91759819
92224725
92294406
92315461
92360209
92485930
92534863
92601018
92604047
92645780
92697544
92981022
93089850
93323555
93331965
93684153
93713327
94076146
94166936
94187922
94235901
94283400
94331172
94454753
94529702
94592288
94604145
94629919
94634246
94670489
94701414
95116048
95136447
95201062
95324556
95376480
95560646
95576704
95728994
95867072
95935338
95976271
96037236
96160415
96210152
96236375
96290637
96370693
96444997
96512631
96702532
96724739
96729448
96859766
96957962
96989007
97119922
97201088
97586861
97727480
97792311
97899640
98272116
98507513
98551304
98555129
98612410
98937678
98943640
98983430
98986920
99202146
99923220
99935697
100135885
100222221
100355694
100405153
100451816
100457035
100626834
100666682
100701293
100748059
100771285
101144060
101184083
101193844
101262813
101456771
101511238
101630197
101755130
101882701
102195857
102678375
102749010
103031906
103057407
103069156
103157331
103234866
103342148
103350337
103454098
104111960
104134321
104266873
104474397
104525157
104799727
104859451
104967043
105189777
105268992
105635517
105789820
106175583
106409640
106459133
106482402
106607228
106809385
106829391
106877391
106980264
107104272
107240762
107300291
107607260
107675018
107685655
107695308
107737747
107905609
107952560
107987179
108025602
108052459
108138330
108163615
108235454
108250659
108253359
108430178
108483976
108689578
108846037
108859822
108927373
109043555
109186877
109240150
109342393
109413141
109451780
109707956
109845278
109860549
110091764
110140927
110208721
110284806
110375135
110379547
110563198
110711137
110718461
110818213
110833719
110869218
110904556
111140934
111147236
111549928
111553358
111579831
111656741
111737999
111806643
111936364
111994541
112194991
112259450
112298214
112388425
112396563
112507093
112593535
112876488
112893348
112951277
113119652
113123714
113178772
113663512
113738406
113744428
113870488
113939114
113996820
114050949
114094509
114348331
114389804
114465710
114590797
114609724
114641873
114696638
114884431
114902641
115084589
115192014
115209565
115222438
115320658
115321629
115406455
115561286
115599206
115634713
115840584
115843035
115923735
115945544
115958025
115962541
116097520
116284612
116295505
116298557
116360211
116366983
116465521
116678173
116825020
116999069
117025979
117127655
117311953
117414899
117542357
117597431
117633633
117756600
118025039
118215246
118319976
118579368
118782340
118886214
118886289
119044631
119146016
119379875
119418297
119703224
119903004
119917019
120204668
120241061
120466608
120518755
120602070
120781678
120955063
121026477
121231455
121361620
121382106
121525639
121573246
121989238
122126243
122142523
122310371
122317324
122340698
122546216
122570435
122574344
122759695
122878475
122888911
122978146
123151483
123274341
123661471
123668079
123709971
124024906
124224522
124267547
124372234
124439997
124482366
124646077
124760771
124790514
124812140
124972442
125057866
125194897
125357733
125366777
125395331
125620896
126008984
126051382
126159671
126295159
126515066
126519709
126780687
126830445
126909456
127229240
127285217
127332389
127494602
127501756
127504530
127642931
127683644
128140827
128185701
128262578
128272730
128297191
128417339
128467828
128734764
128762904
128807007
128884272
128944659
129134408
129344876
129403443
129506879
129690874
129938629
129942779
130046291
130073893
130261729
130289781
130351639
130393662
130421740
130573381
130596002
130666272
130763655
130816419
131025976
131035355
131055916
131104388
131114138
131120906
131494067
131628395
131760349
131762597
131784091
131928555
132209379
132504260
132598203
132690321
132691288
132813011
132886011
132903461
133120538
133286042
133315971
133449974
133485487
133566371
133573647
133583149
133641403
133645472
133677517
133859722
134054776
134149615
134290743
134394540
134402355
134517866
134588355
134604930
134625204
134911861
134958410
134958772
135084564
135239151
135351617
135352409
135440708
135614459
135639740
135657552
135847194
135852102
135901307
135966510
136008713
136198101
136295243
136319827
136356447
136453348
136455779
136560449
136767794
136828030
136954161
137022778
137039674
137195384
137471179
137508042
137851316
137931397
138013097
138018774
138130067
138291178
138507824
138649759
138732896
138891912
138973421
139039128
139069696
139139056
139275079
139353985
139487914
139566184
139619818
139698723
139748507
139759410
139918118
139922321
140039300
140346195
140378625
140404626
140450309
140505188
140546300
140593139
140646015
140691949
140768442
140924532
141174385
141451397
141490680
141513805
141742464
141749039
142026804
142124673
142453546
142748933
142788655
143029783
143181319
143290023
143784515
143823748
143912216
143947054
144064128
144075015
144213650
144230510
144517239
144580335
144653461
144680898
144812319
144846811
145012913
145208026
145611855
145799672
145989911
146008995
146069440
146105649
146172795
146239541
146249021
146727969
146816914
146998462
147330081
147357361
147385814
147698037
147837849
148171935
148212091
148274238
148453530
148519515
148688151
148755120
148765449
148787200
148971549
149014410
149043937
149058922
149108566
149134175
149149845
149349654
149394128
149512917
149617579
149854254
150054818
150085373
150088406
150288285
150411257
150484248
150526578
150714188
150788057
150814414
150837778
150860905
151087839
151266282
151474293
151636374
151780237
151886719
151945173
152174107
152331331
152338191
152379176
152470802
152481671
152598476
152612917
152673239
152890991
153047320
153074893
153222894
153264503
153366726
153511381
153658825
153722416
153774229
153777134
153849573
153877497
154116859
154123764
154329840
154397584
154420762
154612541
154700306
154882248
154937496
155002940
155161432
155222933
155259644
155288303
155290794
155400142
155453746
155514895
155587453
155625812
155769807
155969035
156177439
156212205
156233532
156311371
156547116
156564434
156640969
156685234
156892676
157007042
157010822
157062588
157426411
157487611
157556005
157667649
157723330
157748167
157775196
157835799
158021305
158049449
158225642
158263856
158867089
158908276
158958461
159242043
159252248
159323038
159588223
159623517
159726389
159780156
159936910
159966558
160156032
160214801
160221816
160342092
160378731
160386327
160473295
160577807
160636230
160751099
160839748
160913380
160920111
161083955
161311389
161624750
161852671
161865249
161908411
161973586
162280262
162347439
162407602
162542228
162578302
162638986
162650171
162804754
163197602
163200597
163212742
163345379
163512140
163629328
163774712
163884637
164065020
164231359
164384273
164790235
164938169
165015032
165036006
165073862
165107533
165189613
165404897
165454736
165636180
165744936
166313762
166459319
166484195
166601243
166646544
166697517
166705739
166801422
166924564
166941439
167254009
167287646
167391526
167495042
167552354
167819564
167820093
167944400
167967363
168079751
168240160
168421284
168447264
168672264
168934987
169111879
169130497
169200604
169245036
169446387
169681178
169713138
169741004
169860054
169868402
169878900
170091919
170137060
170291993
170566560
170614298
170653618
170773145
170789371
170810013
170840679
170947490
170957044
171012233
171091530
171247794
171460424
171465741
171497918
172217445
172371370
172514797
172582899
172897812
173100179
173173787
173300058
173315041
173359879
173398660
173531032
173536067
173581304
173582478
173655653
173703830
173844118
173892651
173933105
174036590
174152914
174165938
174175706
174176742
174196011
174224882
174236437
174344229
174390649
174488488
174867305
175016988
175058830
175059735
175122686
175153297
175244122
175415032
175434736
175454613
175788277
175925361
176101998
176387762
176437510
176555686
176603161
176615914
176627437
176661403
176709135
176769277
176931023
177075572
177255707
177581141
177716445
177867844
177918355
177971242
178133184
178141521
178195742
178278916
178416511
178514818
178537534
178691435
178830154
178951484
178973134
179216741
179330875
179335215
179348251
179379178
179381824
179390981
179500442
179569426
179645544
179757085
179879652
180096600
180331278
180405168
180465038
180543156
180636965
180737380
180784592
180809899
180995647
181059791
181091141
181106742
181203640
181278810
181328868
181338666
181417421
181439859
181496374
181790607
182085844
182275304
182834475
182933956
183058434
183326093
183644701
183722213
183822542
183900850
184062178
184182014
184238404
184243041
184297906
184372689
184588941
184974204
184978382
185108646
185121952
185140790
185287244
185372956
185419736
185597702
185789637
186005029
186113750
186182139
186221008
186260513
186405137
186539112
186796196
186860283
186905557
187001071
187302666
187307464
187373894
187706839
187735306
187832185
187910733
188036702
188146159
188304738
188409523
188524121
188574108
188793550
188848659
188878733
189111431
189115269
189416705
189689466
189815766
190291966
190360865
190386519
190390378
190484559
190488523
190501322
190592300
190769791
190795331
191135233
191177535
191211694
191228142
191443549
191492254
191734983
191960040
192020268
192233854
192284707
192412279
192415566
192418871
192699146
192813015
192907681
192912488
193032376
193096542
193668335
193683064
193756462
193906513
194060056
194124376
194181861
194291407
194344719
194439226
194476969
194480153
194603345
194703212
194729433
194780704
194836212
194836908
194866798
194904179
195078370
195243077
195250451
195419205
195482577
195629613
195669592
195723993
195790114
195839603
195848936
195926077
196116621
196242590
196245021
196257071
196600444
196607238
196664208
196675722
196819252
197014655
197050568
197213005
197225827
197341406
197734313
197866896
197957936
198111448
198417387
198703367
198708545
198781096
198976845
199031759
199048613
199055415
199132945
199239478
199254853
199311263
199470740
199524217
199535414
199566459
199608815
199911947
200111705
200146958
200218928
200266510
200332266
200455860
200514335
200694701
200746016
200798352
200861273
200876585
200900461
200911370
201059055
201097070
201134900
201309256
201414786
201429607
201457528
201458922
201495552
201670880
201832387
201897141
201902367
201926973
202111488
202129080
202209871
202476890
202523575
202682601
202721647
202733389
202789121
202816961
203081139
203558635
203650829
203837937
204095043
204156553
204348317
204363120
204367191
204375669
204457548
204626078
204901976
205056806
205137623
205176626
205198015
205313428
205334582
205338251
205503047
205510714
205578909
205740626
205829819
205919607
205947711
205994351
206078844
206308133
206592429
206690844
206708669
206816903
207084967
207165110
207191706
207257858
207556061
207563131
207911905
207937190
207971487
208248274
208262147
208334927
208442888
208465862
208640184
208720983
208760238
208816259
208818196
209016782
209040451
209144166
209226666
209319981
209354364
209419402
209449997
209527621
209686269
209772269
209802479
209876996
209932605
209938708
210024100
210058318
210061299
210246035
210456481
210498553
210675179
211203096
211628111
211731358
211758938
211787832
211904272
211995748
212005206
212005460
212016661
212059005
212285938
212325828
212374812
212461096
212481111
212503307
212556557
212699198
212704704
212771798
212832949
213087974
213311911
213495806
213526528
213793827
213813575
213903037
213928902
213987208
214080253
214158195
214372818
214506459
214699728
214811108
214828394
214852207
214904632
215051019
215128792
215164638
215263135
215295277
215500585
215532155
215623930
215663830
215765310
215824897
215887126
216158087
216250407
216393770
216678283
216696107
216704360
216727277
216939103
217002496
217216810
217247191
217318966
217389686
217465098
217596551
217683561
217684552
217715088
217738653
217903589
217976877
217992052
218018130
218140895
218173387
218218501
218265564
218282653
218415012
218462615
218472180
218557067
218611252
218638894
218672498
218698823
218755832
218901171
218999241
219135667
219328500
219390589
219435233
219503870
219506560
219547518
219570573
219641594
219809880
219899424
219904244
220088755
220191609
220228460
220236305
220296147
220302699
220382956
220620486
220726911
220815970
220817957
221145817
221153036
221164500
221225493
221282047
221318823
221364444
221372214
221385310
221394286
221395399
221409502
221420017
221623613
221956612
221998771
222071332
222101852
222365926
222497475
222599039
222601151
222650452
222711363
222881380
223004823
223075839
223267733
223299401
223472124
223507931
223523797
223571697
223709012
223796320
223867527
224114697
224177711
224449211
224600933
224609275
224758217
224944826
224953122
225015070
225200634
225276934
225331078
225431678
225469034
225527312
225629684
225676793
225682842
225690908
225703982
225810760
225856062
225880653
225918779
225926768
225946847
226117598
226147759
226248261
226286674
226406104
226521487
226773680
226776665
226857427
226959757
227132287
227236899
227411187
227598476
227610221
227769124
227845630
228253046
228294252
228316414
228380984
228474403
228569483
228612036
228879844
228881557
228918101
229439138
229509272
229587669
229722256
229760594
230080036
230271881
230326436
230376746
230540769
230548709
230572043
231087761
231157066
231482223
231575174
231818912
231841737
231924734
232014158
232322087
232368796
232640480
232649704
232729612
232732249
232764536
232789471
232909886
233464911
233549914
233677723
233736836
233861662
233880356
233908592
234092200
234259950
234282151
234331437
234398643
234600718
235263170
235354956
235395156
235423129
235465394
235630722
235679615
235994749
236151814
236190678
236249851
236494364
236546162
236556129
236586327
236752870
236856916
237001162
237272210
237310235
237461824
237538732
237699063
237831441
237903245
237972010
238032488
238111954
238217991
238273165
238505844
238507915
238541823
238791974
238805385
238881602
239238075
239293841
239296473
239309274
239369151
239672160
239901348
239938709
240330967
240422045
240433269
240525487
240531155
240774642
240777025
240968448
241130115
241369309
241397941
241560076
241858403
242019801
242019862
242610962
242861457
243058325
243059394
243224290
243267015
243549223
243803442
243926738
244122336
244145604
244237901
244256178
244268144
244296216
244305911
244433145
244505085
244691635
244748308
244855269
244881779
245194991
245374599
245396545
245605847
245971953
245981965
246052244
246063985
246149214
246256638
246293460
246295506
246387030
246502959
246603346
246629604
246650225
246760118
246841150
247010698
247011512
247466792
247756678
247819646
248033947
248066561
248075956
248082490
248132664
248369107
248724548
248754802
248774352
248832487
248967346
248995735
249080273
249137279
249178808
249227775
249371349
249510585
249573753
249671968
249725938
249766931
249790143
249956726
249959065
250022782
250177406
250246292
250287659
250320723
250390420
250535509
250614380
250725795
250730137
250917909
250942801
251071112
251329401
251660060
251662247
251708163
251715104
251727786
251810711
251836923
251861350
252057974
252065212
252306538
252372282
252383963
253109525
253253445
253418918
253526752
253627611
253665215
254001434
254098850
254477754
254498662
254504632
254538327
254644958
254934929
254947281
254953381
255080470
255124792
255220508
255319405
255412396
255528742
255711279
255750653
256043523
256117525
256207559
256312057
256838711
256925736
257064513
257266403
257378589
257421908
257746971
257764650
257812745
257843468
258011573
258014370
258077636
258195786
258206039
258373328
258433198
258479246
258520218
258621307
258980396
258995058
259094547
259208000
259339616
259341559
259597170
259661271
259695285
259714217
259816117
259945240
260140209
260241139
260468782
260501351
260560171
260565990
260625799
260626138
260840142
260880966
260934438
261102592
261480984
261555682
261840791
261912291
261949730
261986499
262033382
262120296
262569061
262572831
262970845
262990777
263070835
263140498
263273056
263285231
263288137
263301344
264205192
264802355
264923180
265129335
265333009
265655380
265676787
265786504
265798739
265847836
265894351
265971276
266141354
266242684
266344243
266521388
266548291
266650869
266765839
266955279
267035792
267070056
267073047
267225563
267248312
267319942
267328135
267335290
267447344
267535839
267542922
267637583
267991066
268016897
268115381
268201811
268241935
268295488
268308323
268388143
268479305
268522374
268561032
268697242
268756640
268921417
269123339
269444704
269491845
269703695
269713129
269863477
269865646
269871264
269879714
269942368
269977379
270170913
270209275
270252419
270648280
270656288
270970334
271001995
271020817
271064526
271111198
271148354
271159286
271220452
271248487
271341014
271354593
271394627
271713568
271773060
271778634
271844897
271912601
272064628
272461274
272609434
272831808
273923978
274138559
274339103
274353862
274378192
274449826
274521808
274610753
274797784
274820404
274961399
275104819
275146720
275158760
275250163
275489734
275510852
275596228
275674302
275700175
275955386
275967788
276056460
276063998
276143568
276588918
276595028
276721171
276753636
277086416
277220215
277306260
277375658
277404196
277616060
277785798
277880668
277928674
277943090
278175630
278232388
278276621
278361954
278376764
278411882
278495043
278549514
278591020
278763639
278875514
278888079
279076842
279193870
279362641
279406346
279620279
279624275
279787150
279916262
280022072
280040440
280107550
280131079
280174127
280294604
280343378
280416491
280541364
280658016
280703806
280811731
280832731
281104540
281116422
281172595
281184329
281231223
281253531
281272428
281392967
281412564
281455008
281474029
281553311
281739528
281781059
281820440
281835616
281936930
281959471
282020398
282461374
282517479
282531563
282560925
282672513
282847137
282909213
282915138
282968539
282977189
282990102
283052876
283152791
283177333
283256136
283257795
283335373
283635992
283850795
283857981
283963575
283982198
284042373
284064083
284368803
284735733
284877717
285094506
285155734
285198542
285493552
285541123
285609189
285609369
285654296
285819180
285886571
285929547
285932315
286050265
286283109
286424183
286854214
286959951
287003362
287041133
287042054
287235940
287352605
287353293
287359959
287362021
287699585
287703644
287774878
287918074
287933955
288094918
288096172
288104726
288249465
288409640
288536211
288622148
288706613
288771701
288773058
288908867
288963663
289035596
289053674
289059614
289371468
289384932
289395031
289509676
289671972
289808086
289847640
290026911
290140511
290227338
290293540
290329342
290359095
290360687
290455686
290528567
290543049
290667919
290838664
290902585
290955387
290992683
291256799
291292871
291303239
291331822
291518184
291549517
291668286
291674037
291834315
291854730
291898978
291987990
292149014
292169746
292352719
292364594
292476261
292478613
292678752
292714221
292731472
292737443
292778086
292785861
292807999
292842897
292873352
292909346
292914021
292999625
293088912
293457396
293597254
293625921
293643063
293647892
293663703
293886792
294093409
294371478
294852064
294880760
294970711
294974696
294998549
295005479
295045545
295197000
295297976
295424647
295454457
295489875
295612796
295699000
295723348
295918988
295922473
295931525
296024780
296079274
296167544
296485473
296548521
296618031
296660186
296693590
296722546
296978145
297061315
297332056
297498157
297550545
297646732
297680573
297743185
297821076
297880141
298158608
298360008
298447473
298479233
298608091
298644710
298875758
298925529
299026904
299066791
299091974
299153079
299301623
299562903
299784452
299846125
299894223
299958833
300187640
300363433
300461555
300912300
301085413
301163766
301394904
301530571
301565274
301606135
301729354
301806993
301949919
302003693
302238005
302360302
302593429
302672738
302689568
303189733
303249609
303331063
303524625
303542867
303726050
303946968
303973460
304026387
304147395
304219305
304245171
304369588
304397259
304411519
304446650
304580867
304619592
304641833
304731708
304994234
304996715
305151001
305171066
305212312
305217184
305425243
305488233
305502234
305503771
305700601
305789917
305973854
306109021
306264090
306273889
306539950
306615771
306655686
306800278
307006912
307297918
307306046
307389026
307708918
307760719
307825792
307872635
308001211
308229299
308401530
308434796
308502203
309141625
309272221
309375182
309427439
309467721
309504890
309682920
309764337
309813166
310116773
310142756
310340726
310346423
310422086
310440827
310489412
310517333
310810909
310848557
311328046
311391188
311394390
311554782
311577597
311660048
312034836
312054210
312176007
312276344
312281416
312396998
312403939
312404344
312449205
312469286
312485371
312549432
312571538
312725327
312733165
312842442
313076518
313262402
313341347
313441910
313494894
313532990
313574195
313625532
313755278
313790159
313993109
314092128
314206238
314336754
314522755
314555378
314637419
314845699
314894926
314923212
315157418
315201444
315256509
315466435
315473622
315520188
315802919
315934528
316056079
316345261
316575993
316577839
316606707
316732108
316796150
316819181
316857440
317122739
317176649
317253615
317308330
317356391
317416015
317451037
317588532
317598415
317664838
317765610
317836598
317859734
317891336
318036211
318043289
318208920
318212119
318220474
318270127
318408634
318535777
318608410
318626230
318706104
318744081
318752397
318841339
318924117
319133770
319153797
319291247
319308081
319328545
319418349
319441805
319553438
319642900
320005891
320114003
320274543
320277964
320400448
320417486
320576446
320665674
320688338
320750183
320761045
320841251
320868048
320894041
321196053
321420071
321455538
321632867
321671301
321704346
322000808
322224385
322711701
323080821
323237672
323269299
323445184
323464100
323527667
323652458
323966062
324047183
324092798
324113222
324300729
324319983
324336322
324364692
324539490
324688239
324803239
324808787
324922995
325003954
325356863
325394551
325414275
325716583
325720491
325754525
325833815
325916648
325918987
326110897
326134416
326572226
326727512
326756570
326867781
327038921
327417448
327596862
328315492
328331690
328344747
328598568
328675145
328844505
328890358
328975693
328975701
328982919
329101987
329361724
329371720
329559945
329652417
329669304
329758410
329778510
329909168
330095417
330258285
330265999
330304708
330392546
330611453
330742309
331070887
331110977
331139389
331229811
331326459
331342667
331363186
331436520
331522004
331563821
331663205
331750002
331787595
331800625
331980018
332042531
332100037
332104039
332105137
332254838
332392328
332496186
332532535
333002288
333032044
333204460
333246774
333542935
333698517
333722305
333944738
334031093
334057901
334065396
334074296
334103088
334165271
334251884
334373769
334398757
334405297
334474943
334535848
334545141
334579168
334600950
334602076
334606791
334848812
334884374
334924528
334958350
335139781
335211506
335272686
335622237
336347351
336362296
336478532
336542768
336753765
336759804
336772670
336879944
336946559
337056464
337057183
337091444
337095500
337096242
337184482
337230741
337517855
337750006
337793742
337869936
337890573
338106958
338176478
338183097
338330111
338344568
338378137
338552964
338605749
338619769
338651693
338691941
338725626
339279424
339377070
339463812
339503187
339674552
339747899
339778418
339880569
339883845
339891820
339957682
340421645
340494382
340658838
340678962
340717723
340757070
340936860
340990499
341050387
341176158
341327472
341401011
341580731
341767886
341876002
341931305
342138694
342268179
342333464
342570575
342807378
343092107
343405377
343409354
343421866
343445329
343520510
343522198
343599430
343606586
343726059
344100040
344289997
344293400
344359631
344382602
344412268
344423264
344480677
344520464
344620599
344890862
345064387
345086054
345151531
345167104
345312708
345455240
345697340
345701140
345782807
345877499
346192596
346287644
346318018
346462714
346491923
346550815
346790877
346999110
347078864
347096495
347108590
347138939
347262930
347360369
347477618
347647274
347696273
347775182
347810408
347947699
348053710
348273814
348339842
348364491
348631855
348639915
348813897
348826121
348836827
348846911
348864153
348920971
349104282
349142854
349209129
349322769
349377237
349444388
349775959
349817285
349863567
349863990
349941910
349962810
350177452
350254174
350368558
350433418
350449832
350474361
350634476
350850430
351235923
351476625
351546267
351925295
351965420
352109922
352158527
352165590
352185692
352255051
352297932
352485621
352603029
352606456
352852855
352893886
352912679
352988505
353000104
353182746
353189902
353304391
353562978
353568330
353598130
353704709
353708591
353746174
353981459
354026536
354063177
354225815
354441001
354455372
354464472
354556111
354692486
355014101
355157388
355158398
355168114
355172829
355297164
355438607
355585743
355603002
355930026
355987126
356609055
356734741
356742031
356956271
356997601
357021196
357021758
357041634
357118734
357144673
357289546
357346344
357439999
357621041
357782948
358071557
358081324
358164476
358173792
358240563
358324670
358356202
358440860
358984948
358995454
359167150
359195530
359230202
359462388
359586909
359747929
359834062
360281463
360349845
360490556
360633525
360765118
360789603
360948491
361035285
361164662
361180003
361245428
361318204
361419447
361472809
361532095
361604593
361938510
362023197
362097632
362222451
362282302
362288025
362396701
362623880
362643872
362907664
363062806
363104836
363156136
363361065
363430693
363450766
363495098
363570235
363664048
363745539
363749172
363778956
363786658
363888780
363912188
363935988
363945447
363997195
364046690
364103824
364171612
364185423
364339265
364356351
364398066
364732286
364732406
364732483
364781208
364995087
365036072
365183136
365236336
365420524
365478895
365574603
365592175
365724895
365734936
365741977
365868167
365944671
365965528
365985832
366178283
366301167
366341838
366655958
366674947
366695591
366736768
366763251
366869920
366902113
366933354
367025804
367055571
367115794
367140383
367150371
367414376
367459584
367485655
367683959
367687607
367710250
367765286
367941954
368017843
368156181
368193768
368232875
368376796
368692419
368700984
368775734
368838880
369088694
369255096
369753875
369886598
370090717
370107558
370112106
370191408
370379226
370409796
370411314
370452728
370548288
370655392
370878664
370900109
371083356
371197438
371219826
371307996
371452089
371578313
371601463
371761008
372020187
372060749
372389919
372432235
372449888
372916883
372918095
373044025
373047659
373303442
373481615
373644127
373936997
374247522
374266409
374510719
374927502
375185152
375280160
375678376
375964922
375983798
376007796
376009744
376462137
376643121
376692698
376728278
376782175
376813920
376936955
376953035
377044873
377046226
377100628
377157114
377233912
377637696
377650188
377804655
378287241
378411322
378536341
378631013
378638631
378943279
379284672
379416764
379420778
379594824
379792026
379933064
380045591
380116128
380132021
380141419
380160501
380176893
380228467
380392791
380553384
380659268
380694425
380705978
380722148
380880937
381019660
381065689
381297308
381306839
381522340
381944431
381972165
382302235
382397082
382486782
382873374
383083313
383301192
383382948
383508006
383518604
383712424
383966806
384145863
384383406
384444102
384526260
384531294
384587032
384712021
384917941
385088777
385122767
385302437
385374036
385437871
385442127
385555104
385728423
386280315
386325256
386347495
386380803
386436927
386462741
386556555
386624425
386733759
386898274
386899949
387164998
387223243
387292407
387542849
387612695
387674307
387689328
387769598
387844575
388081395
388110243
388256483
388359925
388380458
388565228
388753057
388796696
388986767
389048806
389083832
389195606
389226609
389240652
389593968
389620881
389653567
389770653
389895006
389997505
390084360
390089460
390179859
390289722
390662198
390682225
390697023
390720232
390773230
390817821
391108462
391143172
391204957
391235088
391540252
391622053
391663421
391741740
391844405
391998046
392002136
392122408
392152229
392200644
392260042
392348029
392407781
392445858
392639898
392683826
392730910
392800171
392830276
392971164
393102026
393506940
393728901
393759678
393938004
393943819
393957188
394038142
394049032
394175844
394310983
394412661
394618448
394694491
394768947
394897586
394981386
395035107
395035926
395133846
395245695
395375788
395593568
395647945
395731829
395753424
395775960
395816793
396417292
396731795
396765012
396842544
396890669
397021689
397095578
397098425
397225173
397248368
397260265
397312360
397324351
397345341
397505745
397552257
397572669
397584076
397755258
397886812
397892334
398089594
398124630
398150247
398238798
398267245
398752355
398783859
398974365
399028178
399036032
399042890
399050300
399149447
399257658
399359660
399786955
399922692
399984566
400057151
400221258
400397229
400901292
401023946
401174065
401223377
401276646
401444404
401454901
401660610
401679307
401897797
401955107
401956494
401972668
402022803
402030122
402172215
402206959
402211318
402275381
402276469
402281177
402543469
403110683
403269169
403404680
403494424
403551671
403570525
403588639
403619658
403633369
403701089
403744403
403915777
403950100
404124856
404218775
404239224
404406369
404429904
404589505
404716143
404946844
405065256
405210773
405379060
405406508
405538971
405585443
405590080
405648058
405802552
406150870
406208731
406246713
406268344
406337508
406548115
406739011
406792501
406817705
406859169
407029772
407034701
407154945
407190490
407224977
407506475
407526029
407541791
407632291
407882067
407893708
407916059
408309326
408350538
408463259
408753957
408818867
408833327
409377098
409436389
409460257
409514570
409812741
409842819
409915297
409977273
410159990
410394589
410528534
410550191
410623066
410839983
410918440
410943858
410956963
411063973
411136122
411192136
411670210
411702779
411731500
411884840
412018731
412174797
412597776
412687120
412849720
413210976
413257193
413268223
413548185
413597148
413657749
413690337
413950203
414089605
414113783
414194910
414229315
414302555
414317279
414476135
414656708
414838723
414853756
414878932
414974861
415143878
415450006
415467422
415486635
415652304
415792860
416442302
416519306
416538428
416734169
416825498
416972943
417116617
417505291
417646927
417656828
417658732
417669770
417765579
417805448
417879578
417885426
417918382
418045809
418134007
418369907
418477258
418500359
418628901
418668427
418734469
418948666
419049296
419233190
419259962
419287096
419322694
419425550
419474319
419487805
419651719
419730654
419782797
419901308
419932847
420011475
420058167
420162358
420226631
420260391
420286201
420302455
420359325
420387932
420402354
420402938
420483095
420577326
420718412
420811363
421022296
421114898
421178062
421202856
421209041
421428371
421569186
421907778
421916234
421957471
422054498
422268043
422455987
422462334
422605986
422699885
422766637
422827378
423240272
423292548
423555689
423892790
424176008
424199613
424202989
424219108
424379069
424504324
424568623
424674170
424746343
424948172
425120556
425287447
425304497
425657266
425750450
425854405
426061546
426068487
426157780
426285789
426552931
426656343
426798022
426888005
426949519
427001548
427136541
427145658
427331282
427359051
427402443
427481474
427590753
428230831
428275747
428284864
428285332
428318422
428382517
428579223
428615394
428639446
428773412
428909986
429013857
429054579
429062528
429126915
429169652
429771778
429807995
429847231
429850830
430114346
430124620
430141908
430420908
430485852
430576368
430847379
431146503
431258471
431394345
431601279
431605299
431692346
431822386
431928650
432045113
432066256
432673763
432724576
432828361
432997201
433009049
433107417
433358872
433402593
433419389
433541654
433933822
433990722
434025241
434033716
434077560
434080348
434217669
434563834
434660238
434846475
434979398
435210405
435270231
435303326
435633368
435845966
435900954
436037006
436081937
436311761
436324935
436352538
436582874
436622514
436635690
436781494
436803784
436808667
436867916
437153443
437194611
437232888
437836528
437878206
437930260
437994453
438383654
438444141
438533424
438583757
438794193
439084911
439122295
439148390
439600364
439611451
439748382
439789881
439829454
439942975
440103842
440144859
440228440
440345970
440367248
440478701
440507913
440566302
440632072
440831986
440911661
441198671
441224744
441557601
441629378
441800875
441818792
441872708
442009837
442190272
442232690
442265493
442734485
442886503
442955383
443146723
443285107
443354424
443431979
443594245
443687340
443831019
443890940
444131973
444200116
444302348
444523417
444643644
444702078
444711711
444725928
444800491
444801204
444812311
444819409
445107187
445170161
445182454
445378172
445490476
445499657
445701056
445703801
445921250
445931076
446056246
446068303
446217617
446253818
446348311
446871180
446876386
446982602
447005542
447018858
447020579
447311673
447417978
447418021
447568861
447698727
447800743
448108925
448208026
448311832
448336767
448398098
448413613
448427874
448584401
448653483
448665963
448833915
448893846
449054119
449240204
449445378
449670809
450003717
450074102
450223864
450481073
450554714
450707396
450900896
450928528
450985047
451162943
451501730
451581749
451594849
451651045
451847852
451889327
451937601
451965893
452078892
452404224
452751311
452751392
452784502
453034443
453113103
453118664
453310119
453542796
453641626
453953220
454009737
454052922
454085581
454116081
454116178
454132395
454230255
454408303
454597210
454615688
454636543
454709041
454826103
454997265
455164901
455203903
455248147
455254556
455333528
455892523
455947850
456000823
456001485
456005986
456047072
456092427
456094859
456434925
456538308
456607166
456681635
456696522
456949433
457012866
457194381
457207882
457230194
457301960
457319743
457485526
457593793
457720817
458274716
458393325
458440859
458593701
458627682
458695823
458749657
459043819
459056981
459099343
459180703
459182101
459530253
459553704
459665443
459730912
459911581
460100883
460180464
460221778
460305422
460381084
460535491
460657098
460675957
460964183
460972131
461659133
461841826
461895999
461920862
461939502
461962138
462157903
462221990
462580896
462717358
462734902
462880233
462919586
463160299
463166780
463197215
463287430
463379023
463455841
463513280
463619148
463713853
464237906
464256008
464461541
464475006
464546947
464697374
464820681
464893492
464990077
465150840
465350679
465386555
465847440
465857182
465884777
466275687
466433848
466494491
466627328
466833100
467028312
467047786
467075107
467200751
467470089
467736131
467814885
467972401
468074389
468097478
468113768
468216198
468491838
468631697
468658572
468764895
468937451
468987745
469089138
469171061
469310213
469426510
469489043
469489442
469554930
469582060
469711399
469780831
470092168
470161058
470303763
470612985
470978346
471005266
471128321
471690210
471803961
472183403
472258046
472338413
472709201
472842898
472971419
473051662
473095632
473279670
473306027
473392534
473424301
473434886
473467961
473586985
473590299
473734387
473767276
473873782
473953450
473983460
474233300
474246757
474262645
474424605
474576098
474800531
475231955
475539043
475578128
475792440
475795360
475802158
476083044
476163033
476210872
476695359
477068817
477144068
477188612
477238082
477507284
477548079
477574975
477585917
477880883
477980772
477985980
478050640
478083581
478136059
478213112
478418535
478726893
478840181
478897615
479007535
479021661
479040721
479056493
479182035
479308726
479533759
479683317
479774099
479806104
479830291
479990172
480273149
480307183
480406171
480577937
480687502
480823419
481498562
481510049
481520381
481867084
481923820
481931091
482168866
482451663
482560013
482618937
482630828
482787078
482797801
482863448
482863915
482974912
483145279
483158184
483226819
483384347
483450304
483616579
483624519
483633157
483699982
483701634
483823093
483828252
483880712
483930816
484046893
484296473
484305321
484759840
484781610
484859373
484888458
484942183
485035213
485074602
485082590
485307414
485391112
485419640
485426305
485462564
485468443
485570707
485767617
485782088
485826897
485866816
486158392
486437148
486614148
486667768
486674661
486944662
487042449
487127244
487188521
487440047
487542159
487679227
487972064
487976912
488003790
488039263
488072538
488166392
488425433
488519920
488694230
488699738
489009132
489263003
489321785
489347050
489480069
489649941
489732884
489913922
490089540
490137620
490374335
490604371
490816102
490845760
490855726
490993875
491041717
491643965
491655222
491851931
491889328
491950249
491976561
491993494
492232061
492329403
492486746
492536810
492584208
492710173
492815822
493168318
493247448
493307077
493398866
493408772
493520591
493698507
493815991
493989961
493995586
494413550
494430791
494462104
494714324
494856516
495060273
495344316
495432527
495502909
495853383
495865292
495882252
495964954
496137828
496210250
496361525
496453094
496501830
496660224
496780715
496943717
496966208
496973021
496974275
496987647
497042573
497122539
497166758
497181392
497221257
497275202
497284794
497379357
497446153
497500970
497544199
497688882
497713694
497779164
497805662
497876716
497921815
497958427
498084339
498136896
498242486
498279648
498343891
498484062
498854700
499011040
499041306
499247519
499513351
499577622
499782488
499784352
500024570
500069552
500229723
500230262
500247688
500346568
500594684
500638883
500705942
500735289
500738234
500804028
501002191
501134368
501144928
501445271
501685460
501793945
501809897
501843063
501981445
501985555
502179789
502236079
502353448
502517940
502565385
502604219
502660383
502681108
502739309
502758675
502764104
502889498
502920742
502961982
503067145
503123507
503359368
503399070
503503671
503554649
503562020
503664516
503813068
503841717
503904624
503962281
504369942
504397975
504419615
504560091
504573603
504633153
504685734
504773266
504860445
505023190
505213438
505428331
505453754
505490399
505590704
505597973
505622559
505665451
505669158
505670892
506023337
506153787
506364047
506409621
506784206
506819829
506828812
506900951
506938708
507084191
507183637
507234002
507551474
507709462
507736727
507831388
507897177
508358989
508387414
508586871
508605515
508710233
508729574
508745989
508822676
508863650
508979629
509130260
509158003
509184849
509237735
509317294
509518545
509779582
509805723
509821140
510061102
510121726
510254093
510288472
510305663
510389911
510437272
510573218
510616317
510819521
510888266
511282499
511339682
511346815
511520460
511647146
511719821
511785963
511880973
511946659
512086960
512152312
512269403
512981076
512984878
513095142
513226190
513347401
513355710
513367897
513568803
513664749
513693193
513715495
513782741
513818084
513884608
514044854
514076333
514126271
514204857
514210357
514472817
514510593
514691009
514698201
514810166
514826534
514842187
514863563
514868473
514977565
515020490
515066640
515116070
515149999
515653747
515775965
515806035
516125109
516414782
516627732
516775350
516875858
516916337
517157520
517162353
517436571
517621270
517741631
517856218
517867247
518395646
518470795
518604745
518614573
518703283
518871859
519037439
519104738
519170617
519469688
519582751
519639888
519752309
519872808
519883443
519922077
519960689
519979750
520004906
520140308
520180895
520186020
520285687
520441764
520493049
520573222
520575578
520811465
521006968
521050692
521198532
521310444
521377470
521697903
521856684
521911358
521949833
521986559
522133547
522409581
522701147
522779862
522802978
522925657
522927401
523053796
523265031
523432912
523443316
523672631
523708785
523790574
523794004
524181408
524316217
524384024
524458682
524517469
524645934
524891636
525016710
525060684
525082521
525138565
525273159
525444891
525464082
525470378
525528580
525691941
525707427
525722107
525759145
525759248
525783196
525831195
525866962
525929081
526054350
526073033
526191966
526217191
526265662
526331643
526615155
526769783
526815704
526951958
527031430
527078228
527097702
527163556
527300121
527446313
527463915
527586323
527970308
527992723
528000463
528249486
528304606
528439646
528516171
528644509
528843942
529181676
529265647
529321204
529485190
529748389
529874166
529902411
529991529
530091298
530131274
530184132
530185353
530202775
530288046
530366082
530439722
530478328
530616168
530654360
530857839
530876367
530906835
531265233
531394145
531504791
531573959
531703960
531774984
531776123
531850529
531991242
532326170
532338838
532343371
532370120
532426678
532661045
532725092
532812620
532824951
533052185
533640144
533952027
534080823
534087370
534162814
534283088
534290489
534346491
534352049
534429656
534492344
534552164
534741944
534798761
534846969
534925813
535162017
535189922
535555745
535590489
535632130
535632489
535654726
535795204
535814586
535884041
536254006
536354919
536356219
536490570
536516140
536577499
536579127
536662167
536743282
536910303
536912791
536915751
537077901
537273758
537583303
537658658
537712869
537766688
537826402
538068726
538191767
538845802
539015224
539065862
539091156
539168130
539168615
539224868
539436975
539467202
539811018
539906310
539994318
540045928
540100404
540126969
540596201
540601767
540723034
540810577
540947186
540957117
541076814
541100763
541223649
541284564
541335321
541372287
541463858
541538367
541644359
541723870
541842900
541876440
542023240
542179813
542349224
542349805
542474127
542647802
542973265
542987024
543009157
543084810
543149817
543175992
543183209
543185914
543253463
543405271
543433987
543447217
543532616
543829849
543864079
543954510
544117161
544141746
544181636
544311606
544380990
544507501
544514426
544548463
544725249
544771329
544776999
544807159
545092869
545260410
545354139
545377950
545380006
545460096
545624832
545654469
545755589
545822594
545896270
546058894
546061459
546141417
546142734
546182902
546263729
546374916
546526855
546968211
546970466
546977427
547037282
547155769
547216371
547226937
547260766
547298040
547362763
547419959
547421999
547464535
547471610
547886894
547927436
547936550
547978433
547993569
548077031
548136735
548152627
548182488
548421718
548543445
548566908
548580811
548623570
548659420
548767685
548844108
548857920
548926778
548982910
549032966
549048097
549231056
549255268
549370407
549397598
549462325
549628475
549666144
549723398
549739282
549748607
549769928
550062799
550204129
550359466
550526663
550656680
550773450
550833240
551077406
551165521
551228629
551255926
551518941
551666283
551846665
552301505
552356840
552378594
552545640
552718462
552775560
552957064
553026723
553107851
553187776
553273187
553412909
553423642
553443691
553496065
553552445
553596729
553779673
554039268
554039571
554046803
554252513
554268814
554402886
554461218
554487944
554553451
554880263
554936290
554937633
554979268
555009468
555043659
555161915
555206942
555303881
555332714
555334427
555423559
555522313
555601660
555702402
555935040
556308380
556569812
556584897
556723301
556754345
556817971
556959536
557149997
557174803
557414215
557473017
557667723
557700009
558052813
558109281
558164551
558242519
558347000
558377067
558508262
558571611
558588186
558761570
558816372
558956748
559056478
559088300
559109269
559120421
559359712
559430685
559457193
559543333
559594705
559697086
559810879
559902343
559929126
559951417
560080374
560083294
560150103
560237143
560351219
560424265
560578585
560753231
560848124
561170007
561185106
561186874
561194252
561429482
561481491
561616708
561653137
561734631
561875034
561946321
561958313
562025945
562078432
562095227
562119992
562125275
562219748
562254567
562319259
562326138
562651367
562799973
562820305
563045042
563318602
563421271
563767297
563855985
563921720
563988019
564120523
564158322
564328140
564480578
564515582
564582187
564806884
564809574
564865406
564910790
565129270
565151551
565310414
565415293
565642051
565909571
566043156
566279889
566519636
566522816
566579728
566665557
566665901
566770271
566778290
566813682
566882512
566940205
567192607
567326249
567378216
567467171
567553866
567555760
567573333
567767760
567909271
567961526
568004469
568027522
568091901
568134298
568292644
568317030
568433969
568443609
568655778
568755740
568790636
568898966
569004443
569084390
569095834
569244338
569361769
569432797
569475725
569519058
569842983
569862703
570049957
570198768
570215340
570285341
570488661
570493115
570711302
570853726
570937902
571060933
571067645
571076246
571139235
571166476
571386517
571461965
571700742
571864626
571917517
572005846
572071552
572242047
572473595
572665183
572691428
573028122
573034017
573079170
573171130
573177541
573180837
573242177
573434118
573564000
573611933
573737515
573915417
573921711
573948270
574027669
574057661
574149767
574160192
574243760
574341800
574354517
574413414
574458983
574631812
574654843
574657420
574915699
575041808
575097515
575233076
575236948
575251601
575278526
575347036
575352370
575454018
575458729
575484491
575662034
575808401
575838494
575939327
576098041
576160905
576177589
576240641
576307524
576424300
576462905
576535973
576608859
576619477
576708499
576828043
576936339
577212215
577220726
577806621
577953073
578150068
578204338
578331499
578556787
578617423
578888583
578923122
578933326
578956383
578960258
579019440
579193031
579294681
579306483
579360537
579366227
579417895
579547000
579589024
579759554
579822352
579999733
580058488
580117250
580152694
580158697
580253252
580301252
580491017
580543680
580572052
580591540
580591726
580712311
580779537
580786387
580791648
580811768
580990172
581035567
581237372
581409755
581525321
581606683
581627235
582012443
582168012
582198351
582351977
582653459
582815651
583047922
583061785
583114961
583287086
583310021
583318472
583614894
583635961
583662569
583788765
583919310
584210166
584218852
584223181
584230021
584274931
584387862
584389078
584471239
584488077
584534763
584684160
584702191
584866830
585042375
585072353
585511807
585757953
585781442
585827581
585852904
586225449
586235936
586327054
586393287
586428847
586442749
586467719
586699850
586703574
586725300
586847725
586868687
586874860
586893552
586942652
586944721
586963085
586966839
586996308
587174066
587338276
587351752
587529979
587799734
587929538
588087955
588123363
588126743
588161319
588438396
588439247
588696912
588740460
589008280
589028806
589273372
589359854
589414031
589495636
589545281
589942678
590047171
590092150
590292497
590344145
590461893
590541117
590896966
590968116
591035805
591151300
591214000
591522759
591609194
592115263
592372710
592546939
592656195
592864227
592980167
593010383
593084310
593179729
593187150
593263543
593347831
593378373
593519212
593608707
593821657
593837698
594038363
594245662
594293608
594302912
594369659
594377160
594383962
595082653
595107114
595201494
595298519
595555703
595712186
595724825
595826357
596075288
596173215
596213300
596231702
596493951
596513213
596554713
596621213
596638997
596797479
596901075
597010105
597266721
597333272
597371594
597382805
597441043
597460281
597548667
597633333
597667652
597720691
597914978
597925444
597960918
598079389
598136725
598268065
598390601
598502313
598615962
598637937
598924216
599090108
599112514
599127963
599174665
599232010
599276311
599397936
599496962
599695493
599755361
599791136
599823363
599933152
600263719
600384779
600410676
600420207
600564120
600607510
600861174
600877236
601117771
601292267
601431648
601585339
601865011
601875486
601926584
602016971
602061086
602261870
602392612
602816016
602833207
602889348
603194799
603348571
603557777
603561752
603790853
603837169
603847220
604342580
604393407
604573534
604588304
604647987
604736158
604782911
604788342
604933773
604934500
605193298
605205446
605619808
605698430
605718234
605800925
605924066
606090281
606277553
606415714
606556810
606770865
606818536
606929978
607078654
607092426
607099072
607114804
607233363
607236083
607285363
607322556
607339095
607481050
607571725
607628980
607991966
608051121
608104117
608238251
608410698
608418019
608434413
608453707
608467710
608716528
609151191
609339950
609346035
609406177
609435322
609593971
609856443
609864700
609882810
610032002
610171375
610348153
610365897
610483050
610646124
610966162
610984026
611072492
611083628
611092711
611221504
611276815
611392738
611477187
611599939
611661925
612065148
612146170
612178446
612224322
612387148
612401464
612700117
612789197
612836610
613052312
613121221
613184715
613387248
613428395
613680182
613764521
613768345
613794845
613913224
614086804
614153880
614173285
614266916
614347776
614355733
614361251
614397617
614500936
614502437
614544598
614594625
614800216
614892070
615060463
615122418
615240673
615252411
615283822
615286066
615342555
615417594
615515942
615589328
615634296
615698894
615859920
615881986
615947381
616296607
616298833
616330625
616344573
616549946
616620148
616796867
617093852
617120636
617145963
617439163
617519922
617601842
617630580
617721209
618045175
618071658
618159312
618190655
618429406
618434797
618445055
618451885
618459309
618464542
618523013
618698799
618820275
618933236
618992601
619025419
619136282
619418445
619692102
619795353
619906407
619917118
619978200
620081633
620096024
620226735
620233126
620245190
620273342
620313245
620402733
620673273
620753031
620851614
620988332
621071502
621187255
621202458
621434294
621442115
621488231
621553130
621584674
621683671
621814890
621851229
622235521
622283075
622403548
622410119
622564404
622754431
622912360
622981057
623116142
623206977
623252411
623281773
623839296
623841098
623926891
624083382
624164059
624249727
624518120
624565549
624566918
624755612
624764782
624871172
624895860
624924962
624939593
625025842
625030839
625161512
625186122
625384735
625425583
625453052
625731750
625797827
625847097
626045416
626163909
626313326
626333561
626522288
626580473
626594297
626623165
626756166
626815315
627290510
627474590
627477625
627669240
627713050
627737732
627935391
628094707
628121664
628156891
628522312
628788978
628875795
628915373
628958127
629005259
629087084
629331164
629599761
629737234
629843263
630032028
630038660
630038696
630054534
630195744
630223343
630324450
630482832
630558453
630658646
630817021
630842966
630897774
630973387
630987606
631153226
631243801
631271234
631347628
631354704
631511932
631563598
631815758
631884706
631886546
631940562
631963399
631999262
632041214
632686443
632999355
633042018
633379709
633404294
633466933
633538243
633629526
633712299
633746535
633965851
633998899
634124794
634162859
634593489
634635318
634715009
634763759
634819814
634944312
634947862
635148566
635615977
635660108
635739710
635763255
635818984
635830610
635893226
635957921
636051919
636383089
636430194
636449517
636526486
636551854
636738130
636769232
636816633
636821254
636873632
636873920
636896766
636932242
637558141
637724427
637834442
638056563
638256988
638334062
638377632
638502571
638571751
638619728
638850601
638860945
639060358
639132071
639377278
639734274
639751284
639768016
639826813
639870630
640047353
640542444
640551328
640586165
640598741
640755520
640761100
640769429
640806746
640878985
641101547
641160984
641414887
641523287
641526059
641554836
641813314
641893238
641935938
641954457
641975294
642028331
642073574
642613925
642616068
642759258
642826098
642843922
643042448
643083215
643464223
643465521
643568935
643589054
643815758
643818828
643841830
643896730
643910319
643961400
643964005
644035381
644140468
644296633
644329654
644400686
644487532
644686668
644738347
644822272
644901166
644924281
644942808
645017812
645052490
645243533
645277712
645551238
645559808
645571724
645581932
645759235
645832892
645872391
645963713
646153345
646160322
646246038
646284092
646768406
646771466
646772810
647500501
647524577
647671470
647767332
647895192
647944903
648635286
648776316
648797138
648804164
648856843
648923199
649008069
649143132
649255207
649345540
649432470
649506999
649579000
649990316
650022380
650030138
650270015
650355554
650429035
650565826
650578263
650584614
650841681
651060859
651241164
651356961
651364591
651396681
651448253
651542828
651795673
651934778
652012865
652077664
652110065
652265294
652342098
652348514
652429332
652448104
652530396
652599752
652821979
652913947
653126401
653264672
653321941
653403027
653648187
653676770
654136028
654218172
654231671
654244123
654276573
654391620
654754960
654824370
655055384
655104057
655354357
655453364
655516427
655590568
655680035
656170002
656179490
656239591
656248113
656259238
656287926
656288639
656348502
656454564
656603909
656612297
656811339
656827153
656898903
657003873
657033497
657070227
657236973
657415184
657465276
657651767
657705674
657776695
657777909
658018407
658170896
658396030
658442485
658480653
658608457
658957008
659129173
659397102
659776059
659801806
659912625
659913761
659940134
659971513
660047704
660206125
660261195
660268518
660392743
660479798
660511695
660524291
660577843
660597393
660766940
660906513
660925327
661006170
661138538
661186872
661240971
661488264
661578767
661587686
661831263
662019225
662024548
662038771
662354281
662446568
662464866
662641726
662731429
662824842
662826448
662889363
663080499
663324813
663641361
663718642
663732267
663742032
663812393
663833662
663868294
664030264
664130122
664228729
664411530
664511913
664546965
664574277
664761859
664817504
664931789
665187528
665257692
665300552
665376727
665488009
665495327
665697292
665727450
665820458
665899047
665931179
666137932
666158190
666248522
666345861
666514458
667119098
667285407
667315235
667420794
667439539
667542363
667588566
667680492
667854585
667896749
667934047
668338246
668356856
668376039
668403207
668452145
668510104
668749441
668773276
668805696
668880787
668918661
669066358
669151515
669211417
669391153
669494533
669619714
669671084
669701097
669749558
669769471
669804892
669951582
669989411
670045887
670135862
670403690
670454949
670515330
670516518
670531430
670533230
670566818
670647876
670667342
670826130
670942380
670999144
671363525
671589511
671622076
671711020
671727540
671914965
672357569
672656968
672664809
672800574
672815357
672990202
673014315
673192928
673255779
673364649
673424429
673477730
673489238
673499924
673539730
673545190
673589003
673720663
673801395
673834382
673875584
673904449
673906866
674032960
674050671
674056577
674374019
674619762
674626931
674798995
674975875
674994500
675053470
675067783
675075453
675080236
675154213
675197653
675255860
675429726
675487314
675517077
675658972
675867436
675873641
676153065
676196017
676312251
676337934
676379495
676481816
676660061
676686279
677091335
677151225
677322188
677467528
677467529
677662405
677667915
677722088
677755818
677804674
677817089
677994480
678298587
678347851
678466563
678643025
678719428
678808267
678874443
678935140
678943265
678947669
679019041
679021220
679190503
679499196
679534113
679553264
679798989
679810728
679859282
680071681
680075329
680150929
680175598
680551152
680801184
681011426
681112517
681191592
681313455
681373818
681582479
681746041
681808707
682125389
682159483
682257306
682349162
682601711
682610956
682619142
682665785
682741682
682832486
682897466
682960853
683176924
683312145
683324997
683357229
683531224
683601178
683723470
683740957
684171872
684192897
684206037
684281231
684593080
684691257
684731131
684823288
684906571
684957668
684961884
685029256
685309457
685356903
685386446
685458676
685693915
685837562
685889798
685957210
686023261
686209564
686219111
686314818
686360875
686489935
686502393
686624245
686678306
686811388
687057561
687249345
687298947
687408580
687485801
687523890
687628566
687685657
687737716
687822881
687944746
688011627
688080510
688284008
688441928
688542710
688759043
688768058
688824408
689085543
689174092
689174374
689178298
689186944
689353981
689442100
689444497
689478746
689696907
689796144
689810630
690208943
690284846
690313807
690327201
690368660
690476996
690487567
690653380
690676743
690713957
690764504
690881334
691001645
691105431
691123944
691145812
691331422
691337752
691474541
691601376
691689607
691859502
692869771
692959229
692979138
693033255
693206889
693292052
693445436
693464036
693635045
693655928
693725221
693853187
693909633
693922508
694103862
694154897
694353334
694367254
694382480
694462234
694516860
694585733
694601413
695191794
695201293
695471670
695579426
695910068
696039972
696166603
696168141
696390145
696771597
696815106
696960248
697104566
697134796
697271465
697293174
697372278
697564530
697578971
697765575
698533959
698659718
698738294
698861279
698916733
698936128
699000790
699040488
699078334
699309815
699648441
699762101
699763366
699782429
699800619
699840875
700049659
700101174
700205307
700237121
700249515
700284140
700329825
700398116
700404896
700450233
700504116
700605217
700644964
700782871
700948082
701020475
701098947
701348039
701523537
701597903
701782498
701808629
701902753
701911715
702014739
702109838
702265033
702403549
702440768
702536430
702600525
702723335
702809934
702931093
702940594
703140857
703174856
703259917
703292470
703472502
703491112
703580057
703675648
703732608
703764680
703788858
703830674
703938384
704015320
704270963
704349001
704367443
704501567
705194471
705455394
705625055
705842648
705898811
706154276
706216730
706257506
706372695
706395418
707073936
707349749
707502673
707526642
707665276
707788553
707824872
707840953
707894021
708052476
708161988
708221982
708229291
708644453
708667421
708767917
708852440
708873392
708875462
708934558
709012134
709042871
709116495
709199899
709214153
709282729
709293741
709370417
709465376
709663859
709994138
710066960
710091742
710115805
710255461
710343380
710561876
710625564
711005569
711197608
711381728
711519066
711535923
711739850
711793274
711810441
711839729
711858164
711962210
712003475
712029755
712056699
712545119
712695034
712719676
712741946
713049316
713299182
713424448
713605384
713712058
713804887
713950990
713987404
714032322
714068235
714119834
714152477
714180441
714209716
714235894
714407033
714423797
715055358
715173202
715250706
715272798
715367923
715416652
715501706
715709986
715745004
715846448
715911106
715915124
716000691
716008535
716209248
716299505
716437220
716455725
716482904
716527280
716637512
716893204
717058903
717152113
717211777
717246908
717322448
717326271
717451573
717661832
717878072
717949970
718029427
718052874
718061942
718249371
718292797
718306825
718319076
718389611
718491829
718532775
718620046
718646238
718736798
718791281
718903719
718906944
718971509
718972986
718983021
719029186
719122208
719329157
719394032
719641204
719790525
719853769
719857513
720004587
720116992
720199545
720224046
720250804
720279096
720328473
720346777
720411414
720613744
720779203
720872465
720985489
721055978
721123952
721165437
721203672
721320604
721339746
721389962
721497136
721773954
721806126
721877322
722001930
722098259
722231575
722233756
722298696
722644307
723023668
723287031
723309559
723324359
723331894
723616806
723884005
723984461
724077789
724216790
724225583
724240744
724332144
724397103
724416119
724460891
724570105
724737047
724842333
724879409
724882266
724946858
724981862
725102312
725337007
725365038
725401515
725418682
725419650
725458355
725590789
725698182
725883614
726002009
726011465
726074200
726147670
726171704
726434515
726861492
726878274
727042590
727091892
727168540
727529830
727731061
727733951
727976110
727989822
728050187
728079363
728090842
728174900
728270110
728692414
728760539
728764859
728875268
728924234
729147786
729176494
729372332
729411900
729548616
729706756
729712008
729849547
729927577
729954442
730004638
730165429
730326954
730415978
730418334
730571745
730606482
730893862
730950116
730951522
730972538
731127576
731133523
731236473
731364718
731684624
731704137
731859906
731877234
731941985
731973594
732266985
732310437
732555191
732569985
732633607
732734234
732826628
732845306
732854560
732924880
732955114
732994960
733004743
733024626
733031453
733104039
733169004
733412238
733508441
733598347
733627398
733769697
733872081
733919309
734084725
734109717
734134820
734171809
734280088
734431290
734499264
734682254
734916443
734928153
735057103
735168874
735237943
735357446
735371917
735397818
735438339
735450312
735513688
735586653
735923426
735976027
736159831
736429208
736451971
736776296
737003150
737040362
737087037
737190616
737280773
737356773
737619875
737662616
737710731
737726126
737877503
738135313
738272575
738281532
738515284
738855762
738856309
738888874
739128768
739146532
739168580
739262241
739345028
739413437
739447453
739515422
739539272
739543707
739621442
739633501
739656743
739659519
739751415
739766465
739902892
739999734
740238449
740371903
740405139
740526110
740535072
740566009
740624754
740739219
740909668
740924162
740957432
740990894
741114597
741291475
741464447
741719928
741723010
741884194
741994369
742053908
742062283
742126348
742175619
742189220
742199927
742273252
742362689
742777838
742841033
743018632
743079446
743448427
743493125
743617609
743617671
743713901
743731731
743969539
743973906
744170915
744291060
744332016
744375736
744377025
744427712
744640828
744705451
744852154
744874485
744946826
745073878
745088850
745206611
745275688
745348106
745491110
745590487
745646028
745798984
745861995
745917176
746085134
746167955
746189406
746226013
746303748
747081625
747178100
747208723
747227079
747228420
747253936
747367200
747500151
747627711
747677105
747691680
747785939
747789114
747887564
747894503
747939258
748092408
748185689
748195552
748514596
748761050
748805097
749020687
749021260
749394763
749497518
749523509
749685247
749851027
749960053
749970123
750201973
750437598
750452982
750586354
751246457
751294291
751365821
751494170
751687803
752011059
752127506
752261978
752335553
752408104
752450203
752627983
752696806
752756580
752807811
752843751
752850561
752951777
753221934
753401386
753593028
753830486
753851538
753864354
753977787
754017962
754082272
754239792
754649833
754697878
754743240
754856438
754867111
754950117
755018489
755312259
755499496
755502599
755507407
755635066
755667428
755685376
755795698
755850768
756126783
756150476
756154995
756281119
756391481
756392910
756463019
756632806
756687200
757325475
757345448
757376854
757385534
757537410
757555518
757584119
757611929
757885107
757920631
757938079
757956525
758056477
758087069
758158768
758179899
758203193
758386068
758452497
758466819
758526160
758552731
758697866
758806175
758823017
758961488
759013034
759074775
759152741
759277855
759456240
759505387
759550161
759594246
759683251
759708514
759761165
759780877
759949075
760051713
760170165
760336840
760442083
760451908
760536811
760584649
760679609
760841537
761019445
761173133
761465940
761915180
761919641
761924553
761937669
762048527
762086714
762165022
762298188
762328607
762352016
762471791
762641797
762705229
762734735
762758700
762838944
762874359
762892782
763143014
763685485
763892203
763954697
764042228
764051462
764082658
764101505
764287282
764326420
764395207
764512788
764715614
764909889
764980015
764997966
765006136
765036100
765287558
765375107
765667787
765703784
765711594
765780244
765954730
766045707
766186686
766487315
766489264
766572164
766607151
766745879
767135292
767161286
767276716
767557160
767558113
767578588
767585009
767668552
767765089
767850905
767960250
767969601
767987183
768065476
768147145
768161332
768282379
768305591
768326729
768446127
768469072
768482373
768586967
768587152
768691965
768814307
768824225
768882304
769157930
769250539
769306321
769553179
769619486
769930841
769995399
770013024
770105090
770231364
770362254
770619272
770649099
770661458
770662782
770818063
770918225
770957649
771198638
771241886
771286780
771372391
771486261
771683245
771687282
771870738
771919760
772066895
772096708
772325538
772617665
772674813
772692438
772801664
772957610
772966581
772976671
773073047
773084339
773203031
773217516
773295101
773774008
773814987
774002996
774019884
774111830
774516932
774788489
774827271
774852342
775022311
775046035
775058396
775141583
775154647
775231771
775447108
775455282
775649280
775900725
776135151
776264257
776430121
776514601
776798832
776870850
776893275
776920068
776976083
777367336
777575876
777812932
777857745
777948589
777988634
778251477
778257328
778311077
778523142
778747475
778851323
778983393
779038651
779105027
779198248
779223906
779238877
779253573
779254395
779317379
779518473
779545094
779798610
779829944
779867287
779908854
780050657
780117958
780173742
780174085
780225423
780350958
780396388
780417348
780555752
780734027
780774187
780859162
780970933
781280585
781375405
781377414
781556997
781606625
781880322
781970250
782381264
782468201
782850683
782894028
783035200
783071636
783177782
783449577
783479150
783511430
783519041
783562632
783665777
783733004
784011757
784017104
784055845
784060293
784121903
784130810
784177705
784240196
784241372
784370653
784468845
784476244
784476588
784661877
784854994
784901970
784905865
784947786
785212242
785576582
785726867
785771505
785928329
786081617
786453185
786470706
786495473
786556523
786575357
786785520
786789361
786793926
786846979
786994970
787273178
787384659
787452654
788034958
788120039
788145252
788155451
788156517
788665110
788684609
788720447
788880967
788900175
788980746
789057900
789061589
789128747
789268754
789291478
789430346
789470654
789602570
789648759
789701271
789741323
789835041
790305928
790452381
790637396
791194859
791286095
791331194
791357380
791413590
791467193
791484946
791538472
791581675
792075558
792210350
792212512
792216445
792307459
792371862
792381652
792449617
792608344
792647417
792672056
792707275
792824609
792901860
792919247
792976408
793055634
793137709
793250490
793309012
793353014
793445720
793457552
793693365
793699670
793747935
793748535
793932492
793954508
793955918
794013681
794061979
794148903
794172475
794425119
794883854
795014475
795300653
795510639
795635010
795639956
795773871
795860465
796055647
796057549
796193273
796200415
796203400
796249152
796350229
796385562
796543197
796664541
796673700
796698489
796742234
797006211
797087083
797147388
797423034
797563118
797697905
797733020
797823802
797830108
797882250
797986020
798044802
798104472
798266846
798389620
798390774
798396076
798640954
798685475
799034682
799137856
799226066
799312253
799402264
799461170
799687500
799781442
800077069
800106893
800357613
800535193
800545369
800777070
800851197
801022771
801064419
801095335
801132574
801194446
801251117
801318636
801376268
801533963
801609575
801628092
801766008
801813541
801982962
802116882
802176191
802391452
802419232
802437768
802494961
802677429
802761450
802791797
802822360
802877478
803002748
803023228
803205868
803280546
803284524
803689274
803738257
803761420
803831866
803877538
803905042
803905584
804112608
804345115
804356871
804569163
804750641
804795048
804849797
804931389
804956617
804960693
805009692
805105464
805223608
805488133
805706505
805840946
805948307
805955562
805959118
806095596
806445774
806523126
806547832
806631133
806679776
806796862
806819788
807053016
807389443
807663251
808071086
808163057
808214241
808280336
808340098
808539820
808656938
808724086
808749954
808903661
809114102
809225268
809470687
809616817
809691898
809814463
809877693
809894250
809914061
810186317
810457321
810578670
810643716
810712404
810832544
810900624
810943267
810981158
811323548
811350028
811358612
811462857
811495905
811588733
811778867
811838937
812013418
812275806
812440954
812500426
812625879
812630567
812724518
812849976
812990826
813135192
813469014
813511614
813605945
813612619
813829309
813973049
814107618
814163513
814221664
814267680
814404150
814410363
814568989
814785903
814952441
815110518
815158931
815175052
815351044
815380601
815441440
815509661
815627133
815901517
816021401
816306992
816543003
816565566
816603070
816604955
816625556
816764899
816781742
816790179
816826833
816899308
816976204
817172963
817205629
817239907
817263011
817274732
817318770
817331762
817407787
817451241
817525210
817712631
817830246
817952274
818045479
818076206
818497448
818504453
818536162
818710018
818824571
818987157
819168260
819245306
819403264
819558015
819641793
819870115
819879471
819951704
820502007
820510041
820976679
821105445
821226577
821409833
821489008
821503756
821522466
821660045
821691867
821819433
821870029
821880715
821990675
822065636
822165582
822198518
822298363
822333169
822348780
822389102
822419991
822446215
822625439
822736091
822810498
822853938
822865227
823137449
823245555
823513275
823599157
823676141
823742608
823747628
823924241
823963065
824018788
824302312
824427880
824588036
824617694
824782152
824783739
824808906
824923690
824940829
824966319
824967490
825111388
825113563
825173871
825205650
825230878
825232853
825414288
825435577
825444740
825453520
825590839
825666516
825706071
825875437
825921766
826103352
826210076
826397811
826582978
826676081
826693547
826729084
826901050
826917128
826976764
827062199
827219317
827296657
827496389
827643458
827868721
828076369
828091060
828168181
828183702
828311596
828367716
828562946
828573293
828578473
828615963
828742988
828812016
828849062
828849546
828916131
828946792
829191734
829406336
829451811
829548493
829550430
829671098
829843763
829864927
830159550
830235493
830255815
830324528
830333851
830451319
830533693
830556458
830558109
830757440
830885737
830940810
830969734
831396373
831469945
831482569
831650928
831753682
831868315
831885533
831891239
831911883
832000836
832019564
832039242
832306655
832387679
832407571
832415572
832504159
832609019
832632105
832958635
832988412
833233186
833261448
833330330
833398007
833426137
833454674
833747340
834576851
834605959
834610649
834961529
835009687
835235618
835338995
835517167
835590163
835672743
835678776
835794460
835815769
835869324
836325424
836345486
836385685
836415154
836432470
836463833
836494024
836511107
836531015
836824552
836890897
836922884
837020757
837080238
837091137
837092752
837461218
837479455
837595192
837688763
837842719
837984268
838067286
838116328
838533186
838572706
838607761
838649819
838675198
838839765
838896289
839047489
839096163
839168607
839283782
839341614
839362880
839467707
839505654
839688637
839779201
839834340
839857540
839879585
839931238
839933174
839946215
839996454
840007311
840083284
840135336
840235030
840316002
840506287
840540641
840582833
840605917
840636899
840641197
840803288
840963278
841120033
841302555
841392020
841518582
841666592
841762892
841807957
841876789
841877722
841887898
842054711
842108094
842152025
842224853
842357336
842546918
842657153
842664796
842973982
842987121
843068086
843188182
843219710
843254737
843435920
843561394
843580847
843603853
843648904
843649799
843673246
843871562
843946010
843969578
843977931
844078998
844124642
844272003
844636545
844730429
844759319
844766310
844781650
844880190
845012601
845134438
845185993
845606607
845921668
845947089
845998106
846013043
846431627
846495465
846834788
847049297
847116416
847181132
847547631
847655221
847661527
847817238
847877074
848117325
848150296
848248525
848255612
848287329
848346982
848359108
848637338
848663500
848803560
848971365
849103954
849206770
849443874
849656862
849686017
849777243
849814540
850002082
850004180
850137638
850170950
850329681
850419006
850677803
850737277
850900155
851016182
851086885
851135408
851294419
851359056
851448335
851461044
851504183
851585064
851746622
852068944
852069252
852095493
852344323
852356434
852396576
852777114
852850377
852934466
853210040
853279318
853287696
853329387
853533352
853565440
853695919
853817625
854209439
854540276
854664023
854842550
854845342
855021476
855095956
855133106
855249593
855510363
855976082
856163037
856305138
856422747
856483124
856631466
856643002
857093132
857201445
857337620
857443734
857610906
857615485
857681031
857717124
857847119
857857068
858044783
858067463
858235372
858285045
858844682
858862799
858916898
859036389
859046323
859049203
859060351
859435853
859509182
859555259
859843820
859884723
860104240
860326796
860363428
860372912
860448925
860482709
860608240
860629973
860909383
860912019
860944349
860990071
861107250
861127654
861133704
861324779
861467471
861511767
861562189
861594308
861702323
861746384
862119292
862367015
862380606
862546344
862643340
862841307
862927015
862960736
863058552
863120828
863153978
863164594
863205639
863263310
863304700
863311511
863339463
863526678
863580025
863630342
863650494
863826641
863921566
863936619
863958883
863961620
863981820
863987315
864084835
864206174
864258634
864416567
864435079
864555961
864794863
864906882
864915932
865181738
865242779
865330219
865406113
865472224
865514513
865759709
865961629
866185653
866193493
866321412
866388493
866416731
866535363
866615976
866625447
866788553
866836312
866977971
866979604
867184926
867349095
867404877
867596979
867603916
867648971
867829525
868145010
868356516
868523407
868547793
868741803
868784985
868811866
868859553
869011861
869286044
869330868
869445517
869551674
869593481
869677990
869813180
869816481
869890524
869946639
870231610
870310573
870425197
870440470
870470946
870548098
870615168
870643590
870837234
870927927
870958894
870968499
871014770
871218646
871464901
871797799
871954873
872039486
872177133
872431606
872489264
872519224
872552814
872691136
872700171
872786461
873240977
873297584
873320595
873401545
873625949
873736985
873740175
873920525
874350793
874488491
874846407
874931506
875145840
875171152
875456477
875505274
875582240
875842800
875895196
876091911
876106138
876229933
876389610
876622038
876822811
876880391
876973517
877230943
877360357
877375464
877457470
877646619
877647224
877812254
877946667
877978698
878098691
878144390
878418938
878436498
878445474
878494949
878509599
878527306
878538243
878640741
878685238
878685525
878711647
878741954
878745349
879061673
879109213
879310506
879328998
879333437
879442590
879702988
879744113
879886157
879941396
880000530
880234818
880345110
880362468
880393375
880617591
880647607
880848400
880959678
881025990
881027705
881047590
881052084
881059249
881063006
881104791
881325287
881467504
881490984
881561321
881602055
881701540
881765291
881812758
881844250
881873984
881905452
881967741
881999981
882015831
882072040
882131799
882161152
882175048
882232877
882284469
882723910
882779353
883153710
883260792
883279403
883302607
883310551
883317628
883422863
883614460
883658987
883969062
884041443
884089311
884095227
884181179
884386568
884608586
884759548
884785431
884840284
884849942
884927460
884952940
884999051
885056098
885076093
885221180
885934625
886406844
886565822
886842913
886857235
886921648
887106405
887249781
887430286
887621586
887642464
887705483
887859544
887997498
888026101
888177291
888231318
888266086
888570427
888597349
888645225
888657020
888662152
888826961
888894264
888930956
889143926
889194518
889420422
889437513
889580385
889621023
889726831
889771075
889824883
889913553
889952061
890066511
890088350
890391777
890467534
890527042
890532376
890753064
890864494
890937654
891128821
891207460
891295025
891362353
891623420
891705567
891786356
891912409
892229214
892534091
892534736
892649930
892672067
892697329
892817861
892856654
892874981
892938721
893266178
893309206
893369159
893555375
893560974
893595110
893697835
893767990
894000208
894176316
894239763
894253737
894403257
894663512
894786680
894845649
895315311
895420195
895428384
895794097
896034339
896215290
896443473
896479475
896641987
896788786
896791399
896844978
896919424
897221298
897462275
897625909
897725781
897800997
897837231
897839939
897883809
897944612
898311788
898349887
898501902
898717679
898820245
898829181
898834583
898854529
899151242
899185379
899666528
899678051
899889303
900188244
900509752
900815760
900951354
900971505
901098107
901149644
901229815
901329999
901396174
901441089
901451029
901537116
901650399
901776079
901782401
901875564
902016183
902035395
902112449
902164148
902204541
902218471
902272539
902712435
902772375
903020359
903096008
903124688
903385126
903727059
903731098
903891443
903912889
904263531
904331580
904335659
904391244
904537373
904566938
904603143
904648616
904689884
905489645
905618310
905791603
905969743
906208319
906293640
906329360
907032073
907039831
907452199
907551996
907669108
907734019
907856974
907902540
907928567
908004082
908114891
908446275
908799248
908825071
908830253
908990094
909161748
909278501
909414390
909433315
909658082
909669981
909828141
910341467
910379654
910402036
910489204
910690308
910873251
910969814
910978980
911142481
911735238
912050074
912063060
912179612
912520886
913019784
913206275
913285108
913446422
913504728
913535339
913535873
913575137
913587084
913765577
913818669
913882082
914183227
914189788
914191435
914272269
914377841
914382626
914537532
914768985
914991259
915013238
915046002
915168204
915387132
915497941
915532196
915625013
915641126
915684955
915806136
915863290
915871469
915888075
916171363
916396236
916487489
916616117
916739393
916794024
916838047
916917812
916928698
917140646
917348230
917353287
917496426
917525485
917614968
917691401
917758772
918022945
918023725
918338569
918415963
918607381
918682292
918736245
918900492
918964223
919087855
919160932
919228903
919263670
919314196
919375294
919614661
919831721
919975316
919986560
920195890
920300270
920349274
920455488
920493253
920539832
920579614
920613866
920784720
920801282
920810519
920810877
920887150
920919772
920935474
920980011
921195268
921246876
921257724
921298616
921346716
921458196
921483968
921565014
921674636
921830142
921876015
921916872
922052497
922240463
922306955
922315166
922332363
922353318
922386044
922701537
923113656
923254348
923324780
923472228
923527902
923571004
923660246
923733750
923735056
923943375
923991319
924119065
924133103
924263412
924277834
924351122
924563578
924569147
924718347
925000438
925114176
925209676
925273722
925318013
925318322
925334769
925548288
925805870
926171385
926179678
926187933
926232220
926303050
926434352
926796174
927026796
927093284
927108263
927160868
927250132
927344496
927385403
927465436
927697397
927767020
928034691
928180908
928346127
928388500
928479024
928595235
928604796
928665443
928668957
928993087
929062788
929137964
929215561
929377789
929509783
929515233
929728238
929732948
929861094
929866890
929906003
929957825
930175324
930231170
930251215
930325048
930356568
930391015
930527102
930533935
930592228
930958085
931084721
931116706
931123518
931232086
931533680
931543858
931662484
931964339
932130856
932132859
932309756
932361427
932456322
932486889
932524690
932757125
932869238
932952235
932991571
933038981
933086770
933103660
933319492
933340466
933346177
933521366
933617358
933688638
933696793
933898216
933988678
934151741
934267762
934315485
934456478
934560768
934591931
934800118
934854051
934865252
934934130
935007024
935028086
935040051
935360955
935638376
935747074
935871337
936130834
936159947
936205791
936288929
936323320
936657910
936731272
936824603
936828391
937059448
937156141
937205840
937226282
937245652
937331234
937361457
937422522
937438180
937528364
937552751
937781348
937824005
938004505
938152350
938173542
938218973
938221495
938315798
938320316
938327755
938472399
938499759
938563082
938577897
938615567
938924865
939069298
939325447
939438664
939467685
939481521
939602355
939739213
939833707
940074455
940144842
940208775
940261826
940293460
940305322
940337588
940406976
940410109
940506237
940527691
940611369
940717412
940730849
940860459
940973214
940975606
940984037
941248405
941303391
941315342
941432088
941440090
941563715
941941370
942060609
942110698
942143422
942143814
942362167
942436125
942446488
942526671
942677894
942852929
943068302
943096239
943177314
943356730
943398449
943660685
944298042
944494276
944517725
944596714
944699956
944897763
944928015
945053958
945103255
945484989
946038639
946040806
946240368
946335034
946378681
946409941
946545038
946552105
946590339
946666111
946811836
946872521
946942137
947353766
947505891
947661664
947664442
947829876
948061051
948160892
948193298
948258852
948407254
948451189
948496590
948601113
948615957
948788475
948862980
948875756
948938648
949007767
949067040
949072693
949145728
949151611
949237667
949393505
949444418
949547320
949681981
949968195
950779788
950807760
950896109
951011106
951167840
951221961
951556255
951578194
951596599
951602441
951659513
951749903
951946930
951976158
952082487
952194768
952223559
952497228
952511319
952531194
952600445
952600831
952862003
952957483
952978242
953019602
953046459
953059473
953084108
953267533
953724926
953733531
953789217
953810660
953833764
953883154
953895215
953941231
953950006
953994127
954023936
954077733
954176461
954386320
954427390
954733883
954749897
954862393
954975209
955048530
955173209
955248190
955299478
955529197
955535072
955622575
955682273
955758554
955763829
955821212
955871347
955983602
956033817
956061609
956179064
956255832
956319560
956404564
956800511
957125214
957331410
957558990
957751850
957774609
957900801
957974057
958081730
958129350
958203211
958403293
958447303
958560543
958992101
959134080
959202138
959400780
959428627
959436513
959443953
959492656
959686293
959932531
959939911
959972872
960174844
960252557
960274374
960821909
960841991
960866971
960901101
960944160
961001288
961138315
961189213
961285805
961498643
961557397
961567767
962000005
962012184
962056316
962100019
962176137
962184987
962230405
962544972
962602180
962613565
962818784
963095426
963126138
963142818
963231843
963244256
963273614
963493174
963589774
963682700
963726316
963908125
964149058
964623148
964888784
965016227
965122704
965283517
965318195
965339036
965385127
965583541
965630088
965720020
965894390
965971501
966260034
966296996
966390914
966430974
966563631
966649406
966796327
967068583
967109420
967217850
967390612
967551490
968075922
968104765
968131118
968193559
968414850
968415576
968488504
968624029
968929521
969053085
969250767
969316813
969454320
969867231
969914390
969944222
969984960
970298573
970324708
970390742
970466225
970498656
970579469
970645606
970863208
970964540
971083137
971197503
971217754
971356825
971828760
971885029
972205083
972235629
972332070
972385436
972418263
972499171
972814961
972823165
973039751
973210799
973365793
973397800
973486345
973636937
973720452
973761106
973801144
973841674
973932031
973969936
974024068
974069647
974244302
974245866
974316433
975003645
975028842
975073286
975404028
975621303
975739871
975788642
975845778
975873830
975877440
975898903
975900169
975942454
975943696
975967120
975991488
976076036
976150052
976288418
976612333
976782905
976792557
976975211
977153926
977157318
977230254
977417217
977539342
977549539
977579642
977625896
977641324
977691142
977692572
977754428
978054336
978259373
978284113
978328581
978546822
978549460
978966268
979103389
979108483
979211625
979248002
979479011
979537722
979566056
979599653
979638057
979661533
979799086
980022637
980040424
980054301
980165478
980352143
980399449
980444411
980463861
980550087
980750782
980752905
980857654
980914008
980953514
980953847
981023225
981049468
981208633
981429758
981553207
981662498
981773598
982021618
982043434
982289940
982335308
982473861
982476024
982525370
983058631
983088175
983097584
983279111
983411531
983623915
983624831
983925549
984003310
984010248
984103198
984309659
984551069
984609808
984644402
984842309
984925200
984999506
985069977
985179999
985255770
985314594
985402489
985436602
985549583
985570029
985641384
985660267
985874427
986022978
986122234
986465743
986575493
986641531
987037043
987172741
987196120
987560394
987812455
987814060
987849718
988095826
988101211
988169549
988174468
988336202
988445785
988473678
988483501
988571134
988716464
988792097
989123173
989143467
989145035
989179418
989240726
989544590
989655872
989885229
989911705
990048562
990101162
990199114
990308228
990313974
990316722
990359586
990492152
990546536
990608569
990640310
990656722
990656810
990940910
990992974
991103990
991311689
991347816
991424925
991456882
991496128
991515225
991570398
991597568
991610655
991655198
991674826
991710968
991767059
991773203
991780625
991911532
991982432
992167493
992249684
992338850
992390460
992521000
992528064
992575751
992644896
992960643
993097146
993207866
993348216
993461290
993507679
993670632
993748043
993793068
993848261
993858191
994035686
994086359
994218538
994219005
994311366
994367499
994481017
994547475
994702374
994879180
995142309
995154370
995169626
995179540
995207929
995213417
995243876
995312874
995399161
995429102
995432673
995632632
995677235
995778874
995796765
995901143
996068641
996111189
996156236
996222152
996280968
996335946
996516835
996531586
996710382
996754483
996848014
996910391
997039713
997194698
997234075
997241964
997542849
997714646
997782504
997817902
997847191
997896152
998056212
998198830
998250750
998305755
998319877
998378636
998397301
998524225
998726000
998941280
999089154
999148230
999416455
999438133
999457908
999469774
999570082
999650939
999786812
999810669
999870829
999914963
999940309
1000025223
1000290296
1000345697
1000407031
1000486288
1000685560
1000698244
1000742267
1000811476
1000860494
1001109715
1001179172
1001275547
1001313900
1001314020
1001327447
1001343351
1001546506
1001564213
1001588877
1001642970
1001899872
1002015401
1002121461
1002136468
1002194127
1002210922
1002271061
1002788418
1002859951
1002894875
1002979887
1002996775
1003057137
1003375564
1003448697
1003468420
1003608094
1003715556
1003725545
1003996708
1004355904
1004427572
1004437158
1004563179
1004580821
1004729407
1004869716
1004978077
1004992315
1005215316
1005294374
1005366384
1005461101
1005477603
1005490999
1005644537
1005767927
1005771072
1005807292
1005867132
1005998483
1006029842
1006039757
1006046511
1006046512
1006163368
1006253155
1006556512
1006662903
1006728849
1006768432
1007245232
1007370934
1007416056
1007424618
1007565731
1007606421
1007647593
1007694336
1007743821
1007761881
1007803622
1007858791
1007898228
1008005873
1008247171
1008278983
1008412295
1008603965
1008628425
1008674837
1008717305
1008765601
1008791658
1008846969
1008855131
1008877749
1009069812
1009235136
1009251781
1009289645
1009364173
1009440841
1009453361
1009796259
1009893581
1009901304
1010372397
1010521726
1010534849
1010545974
1010572959
1010644265
1010678229
1010749696
1011071528
1011224685
1011234265
1011303043
1011503436
1011598167
1011624426
1011656150
1011711646
1011744447
1011794517
1011799763
1011842425
1011989860
1012001958
1012068939
1012094002
1012171227
1012238530
1012246559
1012268426
1012340075
1012359232
1012419936
1012690233
1012706331
1012746333
1013019994
1013039887
1013060785
1013132212
1013150896
1013325842
1013330316
1013406464
1013541861
1013722356
1013746483
1014303093
1014817529
1014910834
1014929992
1014969885
1014998763
1015025535
1015393900
1015572005
1015685670
1015775746
1015896808
1016060040
1016202235
1016327002
1016363360
1016435876
1016478476
1016566032
1016576942
1016640871
1016889675
1016972529
1017185639
1017327024
1017434025
1017466019
1017558329
1017606681
1017793385
1017801525
1018034859
1018048760
1018090255
1018271900
1018438251
1018478637
1018480618
1018546620
1018556475
1018587588
1018825081
1018871111
1018882661
1018931938
1019100316
1019238192
1019286433
1019335986
1019370172
1019489283
1019516567
1020446327
1020485154
1020653236
1020711516
1020732054
1020800219
1020954646
1021246612
1021294378
1021359357
1021449572
1021502008
1021772041
1021838284
1021847779
1022117541
1022323638
1022564419
1022617447
1022736195
1022754100
1022789707
1022919732
1023041396
1023041587
1023164908
1023229337
1023235739
1023254699
1023309836
1023463942
1023536564
1023668104
1023687577
1023765712
1023898636
1024089520
1024584949
1024643150
1024758403
1024791056
1024882441
1024900212
1024922189
1024934225
1025048439
1025079971
1025370843
1025380538
1025538919
1025591014
1025615926
1025653901
1026357170
1026407254
1026414984
1026640838
1026682282
1026754824
1027030673
1027121223
1027204890
1027210714
1027347453
1027529055
1027606572
1027900376
1027953384
1027967172
1027976543
1028117919
1028207363
1028287222
1028389648
1028412274
1028448171
1028608681
1028638106
1028903208
1028915855
1029029589
1029236205
1029258408
1029451980
1029640349
1029709299
1029817355
1030073144
1030233529
1030237717
1030253179
1030503323
1030600436
1030691810
1030700022
1030926953
1030996645
1031044758
1031318908
1031457584
1031493065
1031575393
1031623066
1031780439
1031916306
1031943570
1031946066
1032083671
1032107603
1032353381
1032437225
1032447534
1032598308
1032640102
1032702649
1032810980
1033174602
1033500896
1034142006
1034258204
1034302293
1034387305
1034397600
1034613048
1034786049
1034832476
1034864082
1034990269
1035138215
1035149143
1035222490
1035339959
1035496159
1035517975
1035768116
1036089588
1036256134
1036553510
1036599870
1036715423
1036776652
1036950523
1037058035
1037182747
1037493287
1037586644
1037655491
1037913549
1037941851
1037999322
1038056274
1038116377
1038196906
1038264119
1038311700
1038383514
1038432873
1038517753
1038734254
1038737875
1038780707
1038959988
1039015392
1039201642
1039234576
1039385634
1039503227
1039717929
1039935891
1039989984
1040115274
1040221753
1040251665
1040304647
1040410727
1040479712
1041222466
1041393442
1041807589
1041888496
1042002258
1042219865
1042272883
1042307195
1042362430
1042733789
1042767593
1042810361
1042933111
1043079925
1043259043
1043291064
1043303856
1043345665
1043430269
1043577806
1043589148
1043767759
1043821450
1044196755
1044226108
1044319017
1044361167
1044452490
1044574580
1044788847
1045567193
1045707268
1045742734
1045854514
1045913379
1046040162
1046166123
1046416084
1046481402
1047008788
1047009170
1047091276
1047110910
1047309869
1047374215
1047528994
1047799479
1047925517
1047979700
1048029140
1048050145
1048195474
1048291370
1048363049
1048366581
1048525193
1048547775
1048566630
1048669665
1048698503
1048797691
1048858768
1048925063
1049020412
1049320924
1049354207
1049363084
1049461606
1049495050
1049505101
1049705436
1049716490
1049776883
1049843329
1049860196
1050405217
1050424498
1050455184
1050536315
1050562456
1050600475
1050616199
1050727072
1050791288
1050837624
1050937893
1051038675
1051062540
1051110625
1051202445
1051368647
1051510481
1051584840
1051731494
1051850416
1051893245
1051922545
1052212843
1052248265
1052289901
1052330024
1052689896
1052712359
1052715171
1052731277
1052819163
1052888263
1052894245
1052918580
1052928341
1053121714
1053467792
1053498901
1053555633
1053614879
1053636263
1053768254
1053779281
1053820058
1054208006
1054268455
1054391396
1054482806
1054897616
1054955050
1055224590
1055238546
1055305362
1055524492
1055603204
1055771670
1055946874
1056012355
1056029377
1056068332
1056177551
1056347002
1056401189
1056441278
1056710950
1056742624
1056878966
1056928175
1057082996
1057135007
1057218709
1057262498
1057368526
1057971979
1058024549
1058230548
1058308357
1058524572
1058674450
1058720656
1058744243
1058857332
1058867545
1059464822
1059610828
1059911711
1059971396
1060212445
1060266357
1060520925
1060585937
1060648773
1060794060
1060863884
1060948603
1060992033
1061114873
1061129766
1061301979
1061378956
1061463394
1061536885
1061623811
1061891978
1061895195
1061952778
1062117040
1062314886
1062389894
1062524444
1062760898
1062766346
1062936286
1063077689
1063097287
1063244432
1063316020
1063481875
1063629868
1063663041
1063710951
1063888288
1063960449
1064074402
1064190183
1064259986
1064326986
1064801216
1064825525
1065001573
1065116579
1065126206
1065330370
1065392404
1065597384
1065733075
1065757960
1065808323
1065923138
1065978852
1066129767
1066175635
1066246875
1066332878
1066427823
1066467232
1066468838
1066761862
1066963747
1067166240
1067446876
1067524381
1067561746
1067582811
1067756558
1067817753
1068040154
1068067797
1068139660
1068450824
1068510921
1069109589
1069328658
1069402607
1069460293
1069500559
1069606623
1069652877
1069664742
1069696446
1069756057
1069872933
1069891411
1069995397
1070142362
1070190702
1070244965
1070247360
1070251632
1070501759
1070659019
1070860438
1070981319
1070994520
1071031423
1071350396
1071509252
1071541066
1071747923
1072064511
1072145908
1072178766
1072205085
1072245274
1072294599
1072297510
1072380255
1072400981
1072406511
1072644925
1072695130
1072748836
1072915573
1072952083
1072979007
1073027931
1073034304
1073135989
1073500577
