ability
ability
ability
ability
ability
ability
ability
able
aboard
aboard
aboard
aboard
aboard
about
about
above
above
above
above
above
above
above
accept
accept
accept
accept
accept
accept
accident
according
according
according
according
according
according
account
account
account
accurate
accurate
accurate
accurate
accurate
accurate
accurate
acres
acres
acres
acres
across
across
across
across
act
act
act
act
act
act
action
action
action
action
active
active
activity
activity
activity
activity
actual
actual
actual
actual
actual
actual
actual
actual
actually
actually
actually
actually
actually
add
add
add
add
addition
addition
addition
addition
addition
additional
additional
additional
additional
additional
adjective
adjective
adjective
adjective
adjective
adjective
adjective
adult
adult
adult
adult
adult
adult
adult
adult
adult
adult
adventure
adventure
adventure
adventure
adventure
advice
advice
advice
advice
advice
advice
advice
affect
affect
affect
affect
affect
afraid
afraid
afraid
afraid
after
after
after
after
after
after
afternoon
afternoon
afternoon
afternoon
again
again
again
again
again
again
again
against
against
against
against
age
age
age
ago
ago
ago
ago
ago
ago
agree
agree
agree
ahead
aid
aid
air
airplane
airplane
airplane
airplane
airplane
airplane
alike
alive
alive
alive
alive
all
all
all
all
all
all
all
allow
allow
allow
allow
almost
almost
alone
alone
alone
alone
alone
along
along
along
aloud
aloud
aloud
aloud
aloud
aloud
alphabet
alphabet
alphabet
alphabet
alphabet
alphabet
alphabet
alphabet
already
already
already
already
also
also
also
also
although
although
although
although
although
although
although
am
am
am
am
among
among
among
among
among
among
amount
ancient
ancient
ancient
ancient
ancient
ancient
ancient
ancient
angle
angle
angle
angle
angle
angle
angle
angry
angry
angry
angry
angry
angry
angry
angry
animal
animal
animal
animal
animal
announced
announced
announced
announced
announced
another
another
another
another
another
another
answer
answer
answer
answer
ants
ants
any
any
any
any
any
anybody
anybody
anybody
anybody
anybody
anyone
anyone
anyone
anyone
anyone
anything
anything
anything
anyway
anyway
anyway
anyway
anyway
anywhere
anywhere
anywhere
anywhere
anywhere
anywhere
anywhere
anywhere
anywhere
apart
apart
apart
apart
apart
apart
apartment
apartment
apartment
apartment
apartment
apartment
apartment
appearance
appearance
appearance
appearance
appearance
apple
apple
apple
apple
apple
apple
apple
apple
applied
applied
applied
applied
appropriate
appropriate
appropriate
are
are
are
are
are
are
are
are
area
area
area
area
area
area
area
arm
arm
arm
arm
army
army
army
army
around
around
around
around
around
arrange
arrange
arrange
arrange
arrange
arrangement
arrangement
arrangement
arrive
arrive
arrive
arrive
arrive
arrive
arrive
arrive
arrow
arrow
arrow
arrow
arrow
art
art
art
art
article
article
article
article
article
as
as
as
aside
aside
aside
aside
aside
aside
aside
aside
aside
aside
aside
ask
ask
ask
ask
ask
ask
ask
ask
ask
asleep
asleep
asleep
at
at
ate
ate
ate
ate
ate
ate
ate
atmosphere
atmosphere
atmosphere
atmosphere
atmosphere
atmosphere
atom
atom
atom
atom
atomic
atomic
atomic
atomic
atomic
atomic
attached
attached
attached
attached
attached
attached
attack
attack
attack
attempt
attempt
attempt
attention
attention
attention
attention
audience
audience
audience
audience
audience
audience
audience
audience
audience
author
author
author
author
available
available
available
average
average
average
average
avoid
aware
aware
aware
aware
aware
aware
aware
aware
away
away
away
baby
baby
baby
baby
baby
baby
baby
baby
back
back
back
bad
bad
badly
badly
badly
badly
badly
bag
bag
bag
bag
bag
bag
bag
balance
balance
balance
balance
balance
balance
balance
ball
ball
ball
balloon
balloon
balloon
balloon
balloon
band
band
band
band
band
band
band
band
band
bank
bar
bar
bar
bar
bar
bar
bar
bare
bare
bare
bare
bare
bark
bark
bark
bark
barn
barn
barn
barn
barn
barn
base
base
base
baseball
baseball
baseball
baseball
baseball
basic
basic
basic
basic
basic
basic
basis
basis
basis
basis
basket
basket
basket
basket
basket
basket
bat
bat
battle
battle
battle
battle
battle
be
be
be
bean
bean
bean
bean
bean
bear
bear
bear
bear
bear
bear
bear
bear
bear
bear
beat
beat
beat
beat
beat
beat
beat
beat
beat
beat
beautiful
beautiful
beauty
beauty
beauty
beauty
became
became
became
became
became
became
became
because
because
because
because
because
because
because
becoming
becoming
becoming
becoming
becoming
becoming
bee
bee
bee
bee
been
been
been
been
before
before
before
before
began
began
began
began
began
beginning
beginning
beginning
beginning
begun
begun
begun
behavior
behavior
behavior
behavior
behind
behind
behind
being
being
believed
believed
believed
believed
believed
bell
belong
belong
belong
belong
below
below
belt
belt
belt
belt
belt
belt
bend
bend
bend
bend
bend
bend
bend
beneath
beneath
beneath
beneath
beneath
bent
bent
bent
bent
bent
bent
bent
beside
beside
beside
beside
beside
beside
best
best
best
best
best
best
bet
bet
bet
bet
bet
bet
better
better
better
between
between
between
between
between
between
between
beyond
beyond
bicycle
bicycle
bicycle
bigger
bigger
biggest
biggest
biggest
bill
bill
bill
bill
bill
bill
birds
birds
birds
birds
birds
birth
birth
birth
birthday
birthday
birthday
birthday
birthday
birthday
birthday
birthday
birthday
birthday
birthday
bit
bit
bit
bit
bit
bit
bit
bit
bit
bite
bite
bite
bite
black
black
black
blank
blank
blanket
blanket
blew
blew
blew
blew
blew
blind
blind
block
block
block
blood
blood
blood
blood
blood
blood
blood
blood
blood
blood
blow
blow
blow
blow
blow
blow
blue
blue
board
board
board
board
board
boat
boat
boat
boat
boat
boat
body
body
body
body
bone
bone
bone
bone
book
book
book
book
border
border
border
border
border
born
born
born
born
born
born
born
both
both
bottle
bottle
bottle
bottle
bottle
bottle
bottom
bottom
bottom
bottom
bottom
bottom
bottom
bottom
bottom
bound
bound
bound
bound
bound
bound
bound
bow
bow
bow
bowl
bowl
box
box
box
box
boy
boy
brain
brain
brain
brain
brain
brain
branch
branch
branch
branch
brass
brass
brass
brass
brass
brave
brave
brave
brave
brave
brave
brave
brave
bread
bread
bread
bread
bread
bread
bread
break
break
break
break
break
break
break
breakfast
breath
breath
breath
breath
breathe
breathe
breathe
breathe
breathe
breathing
breathing
breathing
breeze
breeze
breeze
brick
brick
brick
bridge
bridge
bridge
brief
brief
brief
brief
brief
brief
bright
bright
bright
bright
bring
bring
bring
bring
broad
broad
broad
broad
broad
broke
broke
broke
broke
broke
broke
broke
broke
broke
broke
broken
broken
broken
broken
broken
broken
broken
brother
brought
brought
brought
brought
brought
brown
brown
brown
brown
browserling
browserling
browserling
brush
brush
brush
brush
buffalo
build
build
build
build
building
building
building
building
building
building
built
built
built
built
built
built
built
built
built
built
buried
buried
buried
buried
burn
burn
burn
burn
burn
burst
burst
burst
bus
bus
bus
bus
bus
bus
bus
bush
bush
bush
bush
business
business
business
business
business
business
business
business
busy
busy
busy
busy
busy
busy
busy
but
but
but
but
but
but
but
but
but
butter
butter
butter
butter
butter
butter
butter
buy
buy
by
by
by
by
by
cabin
cabin
cabin
cage
cage
cage
cake
cake
cake
cake
call
call
call
call
call
call
calm
calm
calm
calm
calm
calm
came
came
came
came
came
came
camera
camera
camera
camp
camp
camp
camp
camp
camp
can
can
can
can
canal
canal
canal
canal
canal
canal
cannot
cannot
cannot
cannot
cannot
cannot
cap
cap
cap
cap
cap
cap
capital
capital
capital
capital
capital
capital
captain
captain
car
car
car
car
car
car
carbon
carbon
carbon
carbon
carbon
carbon
carbon
carbon
carbon
card
card
card
card
card
card
card
care
care
careful
careful
carefully
carefully
carefully
carried
carried
carried
carried
carried
carried
carried
carried
carry
carry
carry
carry
case
case
case
case
case
case
case
cast
cast
cast
cast
cast
cast
cast
castle
castle
castle
castle
castle
cat
cat
cat
cat
catch
catch
catch
catch
catch
catch
cattle
cattle
cattle
cattle
cattle
cattle
caught
caught
caught
caught
caught
cause
cause
cause
cause
cause
cave
cave
cell
cell
cell
cell
cent
center
center
center
center
center
center
central
central
central
central
central
central
century
century
certain
certain
certain
certain
certain
certain
certainly
certainly
certainly
certainly
chain
chain
chain
chain
chain
chain
chain
chain
chain
chair
chair
chair
chair
chair
chair
chamber
chamber
chamber
chance
chance
chance
chance
change
change
change
change
change
changing
chapter
chapter
chapter
chapter
chapter
character
character
character
character
character
characteristic
characteristic
characteristic
characteristic
characteristic
characteristic
charge
charge
charge
chart
chart
chart
chart
check
check
check
check
check
check
check
cheese
cheese
cheese
cheese
cheese
cheese
cheese
chemical
chemical
chemical
chemical
chemical
chemical
chemical
chest
chest
chest
chest
chicken
chicken
chicken
chicken
chief
chief
chief
chief
chief
chief
chief
chief
child
child
child
child
child
child
children
children
children
children
children
children
choice
choice
choice
choice
choice
choice
choice
choice
choice
choose
choose
choose
choose
chose
chose
chose
chose
chose
chosen
chosen
chosen
chosen
chosen
chosen
chosen
church
church
church
church
church
church
church
circle
circle
circus
circus
circus
circus
circus
circus
circus
citizen
citizen
city
city
class
class
class
class
class
class
class
classroom
classroom
classroom
classroom
classroom
classroom
claws
claws
claws
claws
claws
clay
clay
clay
clay
clean
clean
clean
clear
clear
clear
clear
clear
clear
clear
clear
clearly
clearly
clearly
clearly
clearly
clearly
climate
climate
climate
climate
climb
climb
climb
climb
climb
climb
climb
clock
clock
clock
close
close
close
close
close
close
close
close
close
closely
closely
closely
closer
closer
closer
closer
closer
closer
closer
closer
cloth
cloth
cloth
cloth
clothes
clothes
clothes
clothes
clothes
clothing
clothing
clothing
clothing
clothing
clothing
clothing
clothing
cloud
cloud
cloud
cloud
cloud
cloud
club
club
club
club
club
coach
coach
coach
coach
coach
coach
coach
coach
coal
coal
coal
coal
coal
coal
coast
coast
coast
coast
coast
coat
coat
coat
coat
coat
coat
coffee
coffee
coffee
coffee
coffee
coffee
cold
cold
collect
collect
collect
collect
college
college
college
colony
colony
colony
colony
colony
color
color
color
color
column
column
column
combination
combination
combination
combination
combination
combination
combination
combination
combine
combine
combine
combine
combine
combine
come
come
come
come
come
come
come
come
come
come
come
come
comfortable
comfortable
comfortable
comfortable
comfortable
coming
coming
coming
coming
coming
coming
coming
coming
coming
command
community
community
community
community
community
community
company
company
company
company
compare
compare
compare
compare
compass
compass
compass
compass
complete
complete
completely
completely
completely
completely
completely
complex
complex
complex
complex
composed
composed
composed
composition
composition
composition
composition
composition
composition
composition
composition
composition
composition
composition
compound
compound
compound
compound
compound
compound
compound
concerned
concerned
concerned
concerned
concerned
condition
condition
condition
condition
condition
condition
condition
condition
condition
condition
condition
congress
congress
congress
congress
congress
congress
congress
congress
congress
connected
connected
connected
connected
connected
consider
consider
consider
consider
consist
consist
consist
consist
consist
consonant
consonant
consonant
consonant
consonant
consonant
consonant
consonant
constantly
constantly
constantly
constantly
constantly
constantly
constantly
construction
construction
contain
contain
contain
contain
contain
contain
continent
continent
continued
continued
continued
contrast
contrast
contrast
control
control
conversation
conversation
cook
cook
cook
cook
cook
cookies
cookies
cookies
cookies
cookies
cookies
cool
cool
cool
cool
cool
cool
cool
copper
copper
copper
copper
copper
copy
copy
copy
corn
corn
corn
corn
corn
corner
corner
corner
correct
correct
correct
correct
correct
correct
correct
correct
correct
correctly
correctly
correctly
correctly
correctly
correctly
correctly
cost
cost
cost
cost
cotton
cotton
could
could
could
could
count
count
count
count
count
country
country
couple
couple
couple
courage
courage
courage
courage
courage
course
course
court
court
court
court
cover
cover
cover
cover
cover
cow
cow
cow
cow
cow
cow
cow
cow
cow
cowboy
cowboy
cowboy
crack
crack
cream
cream
cream
cream
cream
cream
cream
cream
create
create
create
create
create
create
create
creature
creature
creature
creature
creature
creature
creature
crew
crew
crew
crew
crew
crew
crop
crop
crop
crop
cross
cross
cross
cross
crowd
crowd
crowd
crowd
crowd
crowd
cry
cry
cry
cry
cry
cry
cry
cry
cry
cup
cup
cup
cup
cup
cup
curious
curious
curious
curious
curious
curious
curious
current
current
current
current
current
curve
curve
curve
curve
customs
cut
cut
cut
cut
cutting
cutting
cutting
cutting
cutting
daily
daily
daily
daily
daily
daily
damage
damage
damage
damage
dance
dance
dance
dance
dance
danger
danger
danger
danger
danger
danger
dangerous
dangerous
dark
dark
dark
dark
dark
dark
dark
dark
dark
dark
darkness
darkness
darkness
darkness
darkness
darkness
darkness
date
date
date
daughter
daughter
daughter
dawn
dawn
dawn
dawn
dawn
day
day
day
day
day
day
day
dead
dead
dead
dead
dead
dead
dead
dead
deal
deal
deal
deal
deal
dear
dear
dear
death
death
death
death
death
decide
decide
decide
decide
decide
declared
declared
declared
declared
declared
declared
deep
deep
deep
deep
deep
deeply
deeply
deeply
deeply
deer
deer
deer
deer
definition
definition
definition
definition
definition
definition
definition
definition
definition
degree
degree
degree
degree
depend
depend
depend
depend
depend
depend
depth
depth
depth
depth
depth
describe
describe
desert
desert
desert
desert
desert
desert
desert
design
design
desk
desk
desk
desk
detail
detail
detail
detail
determine
determine
determine
determine
determine
develop
develop
develop
develop
develop
develop
develop
develop
development
development
development
development
diagram
diagram
diagram
diagram
diagram
diagram
diagram
diagram
diameter
diameter
diameter
diameter
did
did
did
did
did
die
die
die
die
die
die
die
die
differ
differ
differ
differ
differ
differ
difference
difference
difference
difference
difference
different
different
difficult
difficult
difficult
difficult
difficult
difficulty
difficulty
dig
dig
dig
dig
dinner
dinner
dinner
dinner
direct
direct
direct
direction
direction
direction
direction
direction
direction
direction
directly
directly
directly
directly
directly
directly
directly
directly
dirt
dirt
dirt
dirt
dirty
dirty
dirty
dirty
disappear
disappear
disappear
disappear
disappear
disappear
disappear
discover
discover
discover
discover
discover
discover
discover
discovery
discovery
discovery
discuss
discuss
discuss
discuss
discussion
discussion
discussion
discussion
disease
disease
disease
disease
disease
dish
dish
dish
distance
distance
distant
distant
distant
divide
divide
divide
divide
divide
divide
divide
divide
divide
divide
divide
division
division
division
division
division
division
division
division
division
division
do
do
do
do
do
do
doctor
doctor
doctor
doctor
doctor
doctor
does
does
does
does
does
does
does
does
does
does
dog
dog
dog
dog
dog
doing
doing
doing
doing
doing
doing
doing
doing
doing
doll
doll
doll
doll
doll
doll
doll
doll
dollar
dollar
dollar
dollar
dollar
dollar
dollar
done
done
done
done
done
donkey
donkey
donkey
donkey
donkey
donkey
donkey
donkey
door
door
door
door
door
door
dot
dot
dot
dot
dot
dot
double
double
double
double
doubt
doubt
doubt
doubt
doubt
doubt
down
down
down
down
down
dozen
dozen
dozen
dozen
draw
draw
draw
draw
draw
draw
draw
drawn
drawn
drawn
drawn
drawn
dream
dream
dream
dream
dream
dress
dress
dress
dress
dress
drew
drew
drew
dried
dried
dried
dried
dried
dried
dried
drink
drink
drive
drive
drive
drive
drive
driven
driven
driven
driven
driven
driven
driver
driver
driver
driver
driver
driver
driver
driver
driving
driving
driving
drop
drop
drop
drop
drop
drop
dropped
dropped
dropped
dropped
dropped
drove
drove
drove
drove
dry
dry
dry
dry
dry
dry
duck
duck
duck
duck
duck
duck
due
due
due
due
dug
dug
dug
dug
dug
dug
dug
dug
dug
during
during
during
dust
dust
dust
dust
dust
duty
duty
duty
each
each
each
each
eager
eager
eager
eager
eager
eager
eager
ear
ear
ear
ear
ear
ear
earlier
earlier
earlier
earlier
early
early
earn
earn
earn
earn
earn
earn
earth
earth
earth
earth
earth
earth
earth
easier
easily
easily
easily
easily
east
east
east
east
easy
easy
easy
easy
eat
eat
eat
eat
eat
eat
eaten
eaten
eaten
eaten
eaten
eaten
eaten
eaten
edge
edge
edge
edge
edge
education
education
effect
effect
effect
effect
effort
egg
egg
egg
egg
egg
egg
egg
egg
eight
either
either
either
either
either
either
electric
electric
electric
electric
electric
electric
electricity
electricity
electricity
electricity
element
element
element
element
element
element
element
element
element
elephant
elephant
elephant
elephant
elephant
elephant
elephant
elephant
eleven
eleven
eleven
eleven
eleven
eleven
else
else
else
else
else
empty
empty
empty
empty
empty
end
end
end
end
end
end
end
enemy
enemy
enemy
enemy
enemy
energy
energy
energy
energy
energy
energy
engine
engine
engine
engine
engine
engineer
engineer
engineer
engineer
engineer
engineer
engineer
engineer
enjoy
enjoy
enjoy
enjoy
enjoy
enough
enough
enough
enter
enter
enter
enter
enter
entire
entire
entire
entire
entire
entire
entire
entire
entire
entirely
entirely
entirely
environment
environment
environment
environment
equal
equal
equal
equal
equal
equal
equal
equally
equally
equally
equator
equator
equator
equator
equipment
equipment
equipment
equipment
equipment
equipment
equipment
equipment
equipment
escape
escape
escape
escape
especially
especially
especially
especially
especially
especially
especially
especially
especially
especially
especially
essential
essential
essential
essential
essential
establish
establish
establish
establish
establish
establish
establish
establish
establish
even
even
even
even
even
even
evening
evening
event
event
event
eventually
eventually
eventually
eventually
eventually
eventually
eventually
ever
ever
ever
ever
every
every
everybody
everybody
everybody
everybody
everybody
everybody
everybody
everybody
everybody
everyone
everyone
everyone
everyone
everything
everything
everywhere
everywhere
evidence
evidence
evidence
evidence
evidence
evidence
evidence
evidence
exact
exact
exact
exact
exactly
exactly
exactly
exactly
exactly
exactly
exactly
exactly
examine
examine
examine
example
example
example
example
excellent
excellent
excellent
excellent
except
except
except
except
except
exchange
exchange
exchange
exchange
exchange
exchange
exchange
exchange
excited
excited
excited
excitement
excitement
excitement
exciting
exciting
exciting
exciting
exciting
exciting
exciting
exclaimed
exclaimed
exclaimed
exclaimed
exclaimed
exclaimed
exclaimed
exclaimed
exclaimed
exercise
exercise
exercise
exercise
exercise
exercise
exercise
exercise
exercise
exist
exist
exist
expect
expect
expect
expect
experience
experience
experience
experience
experiment
experiment
experiment
experiment
experiment
experiment
experiment
experiment
experiment
explain
explain
explain
explain
explain
explain
explain
explain
explain
explanation
explanation
explanation
explanation
explanation
explanation
explanation
explore
explore
express
express
express
express
express
express
express
express
express
express
expression
expression
expression
expression
expression
expression
extra
extra
extra
extra
extra
extra
extra
extra
eye
eye
eye
eye
face
face
facing
facing
fact
fact
factor
factor
factor
factor
factor
factory
factory
factory
factory
factory
factory
factory
factory
factory
factory
failed
failed
failed
failed
failed
failed
failed
failed
fair
fair
fair
fairly
fairly
fairly
fall
fallen
fallen
familiar
familiar
familiar
family
family
family
family
family
family
family
famous
famous
famous
famous
far
far
far
far
far
farm
farm
farm
farm
farm
farmer
farmer
farmer
farmer
farmer
farther
farther
fast
fast
fast
fast
fast
fast
fast
fast
fastened
fastened
fastened
fastened
fastened
fastened
fastened
fastened
fastened
faster
faster
faster
faster
faster
faster
faster
fat
fat
fat
fat
father
father
father
father
father
favorite
favorite
favorite
favorite
favorite
favorite
fear
fear
fear
fear
fear
fear
feathers
feathers
feathers
feathers
feature
feature
feature
feature
feature
feature
feature
fed
fed
fed
feed
feed
feel
feel
feel
feel
feet
feet
feet
feet
feet
feet
feet
feet
feet
fell
fell
fell
fell
fell
fell
fell
fell
fellow
fellow
fellow
fellow
felt
felt
felt
felt
fence
fence
fence
fence
fence
fence
fence
fence
few
few
few
few
few
few
fewer
fewer
fewer
fewer
fewer
fewer
field
field
field
fierce
fierce
fierce
fierce
fifteen
fifteen
fifth
fifth
fifty
fifty
fifty
fifty
fifty
fifty
fifty
fight
fight
fighting
fighting
fighting
fighting
fighting
figure
figure
figure
figure
figure
fill
fill
fill
film
film
film
film
film
film
film
final
final
final
final
final
final
finally
finally
finally
finally
finally
finally
find
find
find
find
find
find
fine
fine
fine
finest
finest
finest
finest
finest
finest
finest
finest
finest
finest
finest
finest
finest
finger
finger
finger
finger
finger
finger
finger
finger
finger
finger
finish
finish
finish
finish
fire
fire
fire
fire
fireplace
fireplace
fireplace
fireplace
fireplace
fireplace
firm
firm
firm
firm
firm
first
first
first
first
first
fish
fish
fish
five
five
five
five
five
fix
fix
fix
fix
fix
flag
flag
flag
flame
flame
flat
flat
flat
flat
flat
flew
flew
flew
flew
flew
flies
flies
flies
flies
flight
flight
floating
floating
floor
floor
floor
floor
floor
floor
flow
flow
flow
flow
flow
flower
flower
flower
flower
flower
flower
fly
fly
fly
fly
fly
fly
fog
fog
fog
fog
fog
fog
fog
follow
food
food
food
food
food
foot
foot
foot
foot
foot
foot
foot
football
football
football
football
football
football
for
for
for
for
for
for
force
force
foreign
foreign
foreign
foreign
foreign
forest
forest
forget
forget
forget
forget
forget
forget
forget
forgot
forgot
forgotten
forgotten
forgotten
forgotten
forgotten
forgotten
forgotten
forgotten
forgotten
form
form
form
form
form
form
former
former
former
fort
fort
fort
forth
forth
forth
forth
forth
forth
forth
forth
forty
forty
forty
forty
forty
forty
forty
forward
forward
fought
fought
fought
fought
found
found
found
found
found
found
four
four
four
four
four
fourth
fourth
fourth
fourth
fourth
fourth
fox
frame
frame
frame
frame
frame
frame
free
free
free
free
free
free
free
freedom
freedom
freedom
freedom
freedom
frequently
frequently
frequently
frequently
frequently
frequently
fresh
fresh
fresh
friend
friendly
friendly
friendly
friendly
friendly
frighten
frighten
frighten
frighten
frighten
frighten
frog
frog
frog
frog
frog
frog
frog
frog
from
from
from
from
from
front
front
frozen
frozen
frozen
frozen
frozen
frozen
frozen
fruit
fruit
fruit
fruit
fruit
fruit
fruit
fuel
fuel
full
full
full
fully
fully
fully
fun
fun
fun
fun
fun
function
function
function
function
function
function
function
function
function
function
function
funny
funny
funny
funny
funny
funny
funny
fur
fur
fur
fur
fur
furniture
furniture
further
further
further
further
further
further
future
future
future
future
future
future
gain
gain
gain
game
game
garage
garage
garage
garage
garage
garden
garden
garden
garden
gas
gas
gas
gas
gas
gas
gas
gas
gas
gasoline
gasoline
gasoline
gasoline
gate
gate
gate
gate
gate
gather
gave
gave
gave
general
general
general
general
general
general
general
generally
generally
generally
generally
generally
generally
generally
generally
generally
generally
gentle
gentle
gentle
gentle
gentle
gently
gently
gently
gently
gently
gently
gently
gently
get
get
get
get
get
get
get
get
getting
getting
getting
giant
giant
giant
giant
gift
gift
girl
girl
girl
give
give
give
give
give
give
give
given
given
given
given
giving
giving
giving
giving
giving
giving
giving
glad
glad
glad
glad
glass
glass
glass
glass
glass
globe
globe
globe
globe
globe
globe
go
go
go
go
go
goes
goes
goes
goes
goes
goes
goes
gold
gold
gold
gold
golden
golden
golden
golden
gone
gone
gone
gone
gone
good
good
good
good
good
goose
goose
goose
goose
goose
goose
goose
got
got
got
got
got
got
got
got
government
government
government
government
government
government
government
government
government
government
grabbed
grabbed
grabbed
grabbed
grade
grade
grade
grade
grade
gradually
gradually
gradually
grain
grain
grain
grain
grain
grain
grain
grain
grandfather
grandfather
grandfather
grandfather
grandfather
grandfather
grandfather
grandmother
grandmother
grandmother
grandmother
grandmother
grandmother
grandmother
grandmother
grandmother
grandmother
graph
graph
graph
graph
graph
graph
graph
graph
graph
grass
gravity
gravity
gravity
gravity
gravity
gray
gray
gray
gray
gray
gray
great
great
great
greater
greater
greater
greatest
greatest
greatest
greatest
greatest
greatest
greatest
greatest
greatly
greatly
greatly
greatly
greatly
green
green
green
green
green
grew
grew
grew
grew
ground
ground
ground
ground
ground
ground
ground
ground
group
group
group
group
group
group
group
group
group
grow
grow
grow
grow
grow
grown
grown
growth
growth
growth
growth
guard
guard
guess
guess
guess
guess
guess
guess
guide
guide
guide
gulf
gulf
gulf
gulf
gulf
gun
gun
gun
gun
gun
habit
habit
habit
had
hair
hair
hair
hair
hair
hair
half
halfway
halfway
halfway
halfway
halfway
halfway
hall
hall
hall
hall
hall
hall
hand
hand
hand
hand
hand
handle
handle
handle
handle
handsome
handsome
handsome
handsome
hang
hang
hang
happen
happen
happen
happen
happen
happen
happen
happen
happened
happened
happily
happily
happily
happily
happily
happily
happily
happy
happy
happy
harbor
harbor
harbor
hard
harder
harder
harder
harder
harder
hardly
hardly
hardly
hardly
has
has
hat
hat
hat
hat
hat
have
have
have
have
have
having
having
having
having
having
having
having
having
hay
hay
hay
hay
he
he
he
he
he
headed
headed
headed
headed
headed
headed
heading
heading
heading
health
health
health
health
heard
heard
heard
hearing
hearing
hearing
hearing
hearing
heart
heart
heart
heart
heat
heat
heat
heat
heat
heavy
heavy
heavy
heavy
heavy
heavy
heavy
heavy
heavy
heavy
height
height
height
height
height
height
height
hello
hello
hello
hello
hello
hello
hello
hello
help
help
help
helpful
helpful
helpful
helpful
helpful
helpful
her
her
her
her
her
her
her
her
herd
herd
herd
herd
herd
herd
here
here
here
here
here
here
here
herself
herself
herself
herself
hidden
hidden
hidden
hidden
hide
hide
hide
hide
hide
hide
high
high
high
high
high
high
high
higher
higher
higher
higher
higher
highest
highest
highest
highest
highway
highway
highway
highway
highway
highway
hill
hill
hill
hill
him
him
him
him
him
himself
himself
himself
himself
himself
himself
himself
himself
his
his
his
his
his
his
his
his
history
history
history
history
history
history
history
hit
hit
hit
hit
hit
hold
hold
hold
hold
hole
hole
hole
hole
hole
hole
hole
hollow
hollow
hollow
hollow
hollow
hollow
hollow
hollow
hollow
home
home
home
honor
honor
honor
hope
hope
hope
hope
horn
horse
horse
horse
horse
horse
horse
hospital
hot
hot
hot
hour
hour
hour
hour
house
house
house
house
how
how
how
how
how
however
however
however
however
however
huge
huge
huge
huge
huge
huge
human
human
human
human
hundred
hundred
hundred
hundred
hundred
hung
hung
hung
hung
hungry
hungry
hungry
hungry
hungry
hunter
hunter
hunter
hurried
hurried
hurried
hurried
hurried
hurried
hurry
hurry
hurry
hurry
hurry
hurry
hurt
hurt
hurt
hurt
husband
husband
husband
husband
husband
husband
husband
husband
ice
ice
ice
ice
idea
idea
idea
idea
idea
idea
identity
identity
identity
if
if
if
if
if
if
ill
ill
ill
ill
ill
image
image
image
image
image
image
image
imagine
imagine
imagine
immediately
immediately
immediately
immediately
importance
importance
importance
importance
importance
importance
importance
important
important
important
important
important
important
important
important
important
important
important
important
impossible
impossible
impossible
impossible
impossible
impossible
improve
improve
improve
in
in
in
in
in
in
inch
inch
inch
inch
include
include
include
include
include
include
include
include
including
including
including
including
including
including
including
including
including
including
including
income
income
income
income
income
income
income
income
income
income
increase
increase
increase
indeed
indeed
indeed
indeed
indeed
indeed
indeed
independent
independent
indicate
indicate
individual
individual
individual
individual
industrial
industrial
industry
industry
industry
industry
industry
influence
influence
influence
influence
information
information
information
information
information
inside
inside
inside
inside
inside
inside
inside
inside
inside
instance
instance
instant
instant
instant
instant
instead
instead
instead
instead
instead
instrument
instrument
instrument
instrument
instrument
instrument
instrument
instrument
interest
interest
interior
interior
interior
interior
interior
interior
into
into
into
into
into
into
into
into
introduced
introduced
introduced
introduced
introduced
introduced
introduced
invented
invented
invented
invented
invented
invented
involved
involved
involved
involved
involved
involved
involved
involved
involved
iron
iron
iron
is
is
is
is
is
island
island
island
island
island
it
it
it
it
it
it
it
it
its
its
its
its
its
itself
itself
itself
itself
itself
jack
jack
jack
jack
jack
jar
jar
jar
jar
jet
jet
jet
jet
join
join
joined
joined
joined
joined
joined
joined
journey
journey
journey
journey
joy
joy
joy
joy
judge
judge
judge
judge
judge
jump
jump
jump
jump
jump
jump
jungle
jungle
jungle
jungle
just
just
just
just
just
just
just
keep
keep
keep
keep
kept
kept
kept
kept
key
key
key
key
key
kids
kids
kids
kids
kids
kill
kill
kill
kind
kind
kind
kind
kind
kitchen
kitchen
kitchen
kitchen
kitchen
kitchen
kitchen
kitchen
knew
knew
knew
knew
knew
knew
knew
knife
knife
knife
knife
know
know
know
know
know
know
knowledge
knowledge
knowledge
knowledge
knowledge
knowledge
known
known
known
known
known
known
known
known
known
known
known
label
label
label
label
label
label
label
label
label
labor
labor
labor
labor
lack
lack
lack
lack
lack
lack
lack
lack
lack
lack
lack
lack
lady
lady
lady
lady
lady
lady
laid
laid
lake
lake
lake
lake
lake
lake
lake
lake
lake
lake
lake
lake
lamp
lamp
lamp
lamp
land
land
language
language
language
language
large
large
large
large
large
large
large
larger
larger
larger
larger
larger
largest
largest
largest
largest
largest
largest
last
last
last
last
last
last
late
late
late
late
late
late
late
late
later
later
later
later
laugh
laugh
laugh
law
law
lay
lay
lay
lay
lay
layers
layers
layers
layers
layers
lead
lead
lead
lead
lead
leader
leader
leader
leader
leader
leader
leader
leader
leaf
leaf
leaf
leaf
leaf
leaf
leaf
leaf
leaf
learn
learn
learn
least
least
least
least
least
least
leather
leather
leather
leather
leather
leather
leather
leave
leave
leave
leave
leaving
leaving
leaving
leaving
leaving
leaving
leaving
leaving
leaving
led
led
led
led
left
left
left
left
leg
leg
leg
leg
length
length
length
length
lesson
let
let
let
let
letter
letter
letter
level
level
level
level
level
library
library
library
library
lie
lie
life
life
life
lift
lift
lift
lift
lift
light
light
light
light
like
like
like
like
like
like
like
like
likely
likely
likely
likely
likely
likely
likely
limited
limited
limited
line
line
line
line
line
line
lion
lion
lion
lion
lion
lion
lion
lips
lips
lips
lips
lips
lips
liquid
liquid
liquid
liquid
liquid
liquid
liquid
list
list
list
list
list
list
list
list
listen
listen
listen
listen
listen
listen
little
little
little
little
little
little
little
little
little
live
live
live
live
live
living
living
living
living
living
living
load
load
load
load
local
local
location
location
location
location
location
location
location
log
log
log
log
log
lonely
lonely
lonely
lonely
lonely
lonely
lonely
lonely
lonely
lonely
long
long
long
long
long
long
longer
longer
longer
longer
longer
longer
longer
longer
look
look
look
look
look
loose
loose
loose
lose
lose
lose
lose
lose
lose
lose
lose
loss
loss
loss
loss
loss
lost
lost
lost
lost
lot
lot
lot
lot
lot
loud
loud
loud
loud
love
love
love
love
love
love
love
love
lovely
lovely
lovely
lovely
lovely
lovely
lovely
lovely
low
low
low
low
low
lower
lower
lower
lower
lower
lower
lower
lower
luck
luck
luck
luck
luck
lucky
lucky
lucky
lucky
lucky
lucky
lucky
lunch
lunch
lunch
lunch
lunch
lungs
lungs
lungs
lungs
lungs
lungs
lungs
lying
lying
lying
lying
lying
lying
machine
machine
machine
machinery
machinery
machinery
machinery
machinery
machinery
mad
made
made
made
magic
magic
magic
magic
magic
magic
magnet
magnet
magnet
magnet
magnet
magnet
magnet
mail
mail
mail
mail
mail
main
main
main
main
main
main
main
mainly
mainly
mainly
mainly
mainly
major
major
major
make
make
make
making
making
man
man
man
man
man
managed
manner
manner
manner
manner
manner
manner
manner
manner
manner
manufacturing
manufacturing
manufacturing
manufacturing
many
many
map
map
map
map
mark
mark
market
market
market
market
married
married
married
married
married
married
married
married
mass
mass
mass
massage
massage
massage
massage
massage
massage
massage
massage
massage
massage
massage
massage
massage
massage
massage
master
master
master
master
material
material
mathematics
mathematics
mathematics
matter
matter
may
may
may
may
may
maybe
maybe
maybe
maybe
me
me
me
meal
meal
meal
meal
mean
mean
means
means
meant
meant
meant
measure
measure
measure
measure
measure
measure
meat
meat
meat
meat
meat
meat
meat
medicine
medicine
meet
meet
meet
meet
melted
melted
melted
melted
member
member
member
member
member
member
memory
memory
memory
memory
memory
memory
men
men
men
men
men
men
men
men
mental
mental
mental
merely
merely
merely
merely
merely
merely
merely
merely
merely
merely
merely
met
met
met
met
met
met
metal
metal
metal
metal
metal
metal
metal
metal
metal
metal
method
method
method
method
method
method
method
mice
mice
mice
mice
mice
mice
middle
middle
middle
middle
middle
middle
might
might
mile
mile
mile
mile
mile
mile
mile
mile
military
military
military
military
military
milk
milk
milk
milk
milk
milk
milk
milk
mill
mill
mill
mill
mill
mill
mind
mind
mind
mind
mind
mine
mine
mine
mine
mine
mine
mine
mine
mine
mine
minerals
minerals
minerals
minerals
minerals
minerals
minerals
minerals
minute
minute
minute
minute
minute
minute
minute
minute
minute
minute
mirror
mirror
mirror
mirror
mirror
mirror
missing
missing
missing
missing
missing
missing
missing
mission
mission
mission
mission
mission
mission
mission
mission
mistake
mistake
mix
mix
mixture
mixture
model
model
model
model
model
model
model
modern
modern
modern
modern
modern
molecular
molecular
molecular
molecular
molecular
moment
moment
moment
moment
moment
moment
moment
money
money
money
money
money
monkey
monkey
monkey
monkey
month
month
month
month
month
month
mood
mood
mood
mood
mood
mood
mood
moon
moon
moon
moon
moon
more
more
more
morning
morning
morning
morning
most
most
mostly
mostly
mostly
mostly
mostly
mostly
mother
mother
mother
mother
mother
mother
mother
motion
motion
motion
motion
motion
motion
motion
motion
motion
motion
motor
motor
motor
motor
mountain
mountain
mountain
mountain
mouse
mouse
mouse
mouse
mouse
mouse
mouse
mouth
mouth
mouth
mouth
move
move
move
movement
movement
movement
movie
movie
movie
movie
movie
movie
moving
moving
moving
moving
moving
moving
moving
moving
mud
mud
mud
mud
mud
muscle
muscle
muscle
muscle
muscle
music
music
music
music
music
music
musical
musical
musical
must
must
must
must
my
my
my
my
my
myself
myself
myself
myself
myself
mysterious
mysterious
mysterious
mysterious
mysterious
nails
nails
name
name
name
name
name
name
name
name
nation
nation
nation
nation
nation
nation
national
national
national
national
national
national
national
native
native
native
native
native
native
natural
natural
natural
natural
natural
natural
natural
natural
natural
natural
naturally
naturally
naturally
naturally
nature
nature
nature
nature
near
near
near
near
near
near
nearby
nearby
nearby
nearby
nearby
nearby
nearby
nearer
nearest
nearest
nearest
nearest
nearest
nearly
nearly
nearly
nearly
nearly
nearly
necessary
necessary
necessary
necessary
necessary
necessary
necessary
necessary
necessary
neck
neck
neck
neck
needed
needed
needed
needle
needle
needs
needs
needs
needs
negative
negative
negative
negative
negative
neighbor
neighbor
neighbor
neighborhood
nervous
nervous
nervous
nervous
nervous
nervous
nervous
nest
nest
nest
never
never
never
never
never
never
never
never
never
new
new
new
new
new
new
news
news
news
news
news
newspaper
newspaper
newspaper
newspaper
newspaper
next
next
next
night
night
night
nine
nine
nine
nine
nine
no
no
no
no
no
no
nobody
nobody
nobody
nobody
nobody
nobody
nobody
nobody
nobody
nodded
nodded
nodded
noise
noise
noise
noise
noise
noise
none
none
none
none
none
none
none
none
none
none
none
none
none
noon
noon
noon
noon
nor
nor
nor
north
north
north
north
north
north
north
north
north
north
north
north
north
north
nose
nose
nose
nose
not
not
not
not
note
note
note
note
noted
noted
noted
noted
nothing
nothing
notice
notice
notice
notice
notice
noun
noun
noun
noun
now
now
now
now
now
now
now
now
now
now
number
number
number
numeral
numeral
numeral
numeral
nuts
nuts
nuts
nuts
nuts
nuts
object
object
object
object
object
object
object
observe
observe
observe
obtain
obtain
obtain
occasionally
occasionally
occasionally
occasionally
occasionally
occur
occur
occur
occur
occur
ocean
ocean
ocean
ocean
ocean
of
of
of
of
of
of
of
of
of
of
off
off
off
off
off
off
offer
offer
offer
offer
offer
offer
office
office
office
office
office
officer
officer
officer
officer
official
official
official
official
official
official
oil
oil
oil
oil
oil
old
old
old
old
older
older
older
older
older
older
older
older
older
oldest
oldest
oldest
on
on
on
on
on
on
once
once
once
once
once
one
one
one
one
one
onlinetools
onlinetools
onlinetools
onlinetools
onlinetools
onlinetools
only
only
only
only
only
only
only
only
onto
onto
onto
onto
onto
onto
onto
open
open
open
open
open
open
open
operation
operation
operation
operation
operation
operation
operation
operation
opinion
opinion
opinion
opinion
opportunity
opportunity
opportunity
opportunity
opportunity
opposite
opposite
opposite
or
or
or
or
or
orange
orange
orange
orange
orbit
orbit
orbit
orbit
orbit
orbit
orbit
orbit
orbit
orbit
order
order
order
ordinary
ordinary
ordinary
ordinary
organization
organization
organization
organization
organization
organization
organization
organization
organization
organization
organized
organized
organized
organized
origin
origin
original
other
other
other
ought
ought
ought
ought
ought
ought
our
our
our
our
our
our
our
our
our
ourselves
ourselves
ourselves
out
out
out
out
out
outer
outer
outer
outer
outer
outer
outer
outline
outline
outline
outline
outline
outline
outside
outside
outside
outside
outside
outside
outside
over
over
over
over
own
own
own
own
own
own
own
own
owner
owner
owner
owner
owner
owner
owner
oxygen
oxygen
oxygen
pack
pack
pack
pack
pack
pack
pack
pack
package
package
package
package
package
package
page
page
page
paid
paid
pain
pain
pain
paint
paint
paint
paint
paint
paint
pair
pair
pair
pair
pair
pair
pair
pair
pair
palace
palace
palace
palace
palace
pale
pale
pale
pale
pale
pale
pale
pan
pan
pan
pan
pan
paper
paper
paper
paper
paper
paper
paper
paragraph
paragraph
paragraph
paragraph
paragraph
parallel
parallel
parallel
parallel
parent
parent
parent
park
park
park
park
park
park
park
park
park
park
part
part
particles
particles
particles
particles
particular
particular
particular
particular
particularly
particularly
particularly
particularly
particularly
partly
partly
partly
partly
partly
partly
parts
parts
parts
parts
parts
parts
parts
parts
parts
party
party
party
party
party
party
party
pass
pass
pass
pass
pass
passage
passage
passage
passage
passage
past
past
path
path
pattern
pattern
pattern
pattern
pattern
pattern
pay
pay
pay
pay
pay
pay
pay
pay
peace
peace
peace
peace
peace
peace
peace
peace
pen
pen
pen
pen
pencil
pencil
pencil
pencil
people
people
people
people
people
people
per
per
per
per
per
per
percent
percent
percent
percent
percent
percent
percent
perfect
perfect
perfect
perfect
perfect
perfect
perfectly
perfectly
perfectly
perfectly
perfectly
perfectly
perhaps
perhaps
perhaps
perhaps
person
person
person
person
person
person
person
person
person
person
person
personal
personal
personal
personal
pet
phrase
phrase
phrase
phrase
physical
physical
physical
physical
physical
physical
physical
piano
piano
piano
piano
piano
pick
pick
pick
pick
pick
pick
pick
picture
picture
picture
pictured
pictured
pictured
pie
pie
pie
pie
pie
piece
piece
piece
pig
pig
pig
pig
pig
pig
pig
pig
pile
pile
pile
pile
pile
pile
pile
pile
pile
pilot
pilot
pilot
pilot
pilot
pine
pine
pine
pine
pine
pine
pine
pink
pink
pink
pink
pink
pink
pink
pipe
pipe
pipe
pipe
pitch
pitch
pitch
pitch
pitch
place
place
place
place
place
place
plain
plain
plain
plain
plan
plan
plan
plan
plan
plane
plane
plane
plane
plane
plane
plane
planet
planet
planet
planet
planet
planned
planned
planned
planned
planned
planned
planned
planned
planning
planning
planning
planning
plant
plant
plant
plant
plant
plastic
plastic
plastic
plastic
plate
plate
plate
plate
plate
plate
plate
plates
plates
plates
plates
plates
plates
play
play
play
play
play
pleasant
pleasant
pleasant
pleasant
pleasant
please
please
please
please
please
please
please
please
pleasure
pleasure
pleasure
pleasure
pleasure
pleasure
pleasure
plenty
plenty
plenty
plenty
plural
plural
plural
plural
plus
plus
plus
pocket
pocket
pocket
pocket
pocket
pocket
poem
poem
poem
poem
poet
poet
poetry
poetry
poetry
poetry
poetry
poetry
poetry
point
point
point
point
pole
pole
pole
pole
pole
police
police
police
police
police
police
policeman
policeman
policeman
policeman
political
political
political
pond
pond
pond
pony
pony
pony
pony
pool
pool
pool
pool
pool
pool
pool
pool
poor
poor
poor
poor
poor
popular
popular
popular
popular
popular
popular
population
population
population
population
population
population
porch
porch
porch
porch
port
port
port
port
port
port
position
position
position
position
position
positive
positive
positive
positive
positive
positive
possible
possible
possible
possible
possible
possible
possibly
possibly
possibly
post
post
post
post
pot
pot
pot
pot
pot
pot
pot
pot
potatoes
potatoes
potatoes
potatoes
potatoes
pound
pound
pound
pour
pour
pour
pour
pour
powder
powder
powder
powder
powder
powder
power
power
power
power
power
power
power
power
power
power
powerful
powerful
powerful
powerful
powerful
powerful
practical
practical
practical
practice
practice
practice
practice
practice
prepare
prepare
prepare
prepare
prepare
prepare
prepare
present
present
present
present
present
president
president
president
press
press
press
press
press
press
press
pressure
pressure
pressure
pretty
pretty
pretty
pretty
pretty
prevent
prevent
prevent
prevent
previous
previous
previous
previous
price
price
price
price
price
price
price
price
price
price
price
price
pride
pride
pride
pride
pride
primitive
principal
principal
principal
principal
principal
principal
principal
principal
principle
principle
principle
principle
principle
principle
principle
principle
principle
printed
printed
printed
printed
private
private
private
private
private
private
prize
prize
probably
probably
probably
problem
problem
problem
problem
problem
problem
problem
process
process
process
process
process
produce
produce
produce
produce
produce
product
product
product
product
production
production
production
production
program
program
program
program
program
program
progress
progress
progress
progress
progress
progress
proper
proper
proper
properly
properly
properly
properly
properly
properly
properly
properly
properly
property
property
property
property
protection
protection
protection
protection
protection
protection
protection
proud
proud
prove
prove
prove
prove
prove
prove
provide
provide
provide
provide
public
public
public
public
pull
pull
pull
pupil
pupil
pupil
pupil
pupil
pure
pure
pure
pure
pure
pure
pure
purple
purple
purple
purpose
purpose
purpose
purpose
push
push
push
push
put
put
put
put
put
put
put
put
putting
putting
putting
putting
putting
putting
quarter
quarter
quarter
quarter
quarter
quarter
quarter
quarter
queen
queen
queen
question
question
question
question
question
quick
quick
quickly
quickly
quickly
quickly
quickly
quiet
quiet
quiet
quiet
quiet
quiet
quiet
quiet
quietly
quietly
quietly
quite
quite
quite
quite
quite
quite
quite
rabbit
rabbit
race
race
race
race
radio
radio
radio
railroad
railroad
railroad
railroad
railroad
railroad
railroad
railroad
rain
rain
rain
rain
rain
rain
rain
rain
rain
raise
ran
ran
ran
ranch
ranch
ranch
ranch
ranch
range
range
range
range
rapidly
rapidly
rapidly
rapidly
rapidly
rapidly
rapidly
rapidly
rapidly
rapidly
rapidly
rapidly
rate
rate
rate
rate
rate
rather
rather
rather
rather
raw
raw
raw
raw
raw
raw
raw
raw
rays
rays
rays
reach
reach
reach
reach
reach
read
read
reader
reader
reader
reader
reader
reader
reader
reader
ready
ready
ready
ready
real
real
real
real
real
real
realize
realize
realize
realize
realize
realize
realize
realize
realize
realize
rear
rear
rear
rear
rear
reason
reason
reason
reason
reason
reason
recall
recall
recall
recall
recall
recall
recall
recall
recall
receive
receive
receive
receive
receive
receive
recent
recent
recent
recent
recent
recent
recent
recently
recently
recently
recently
recently
recently
recently
recognize
recognize
recognize
recognize
record
record
record
record
red
red
red
red
refer
refer
refer
refer
refused
refused
refused
refused
refused
refused
refused
refused
refused
refused
region
region
region
region
region
region
region
region
regular
regular
regular
regular
regular
regular
related
related
related
related
related
related
relationship
relationship
religious
religious
religious
religious
remain
remain
remarkable
remarkable
remarkable
remarkable
remarkable
remarkable
remarkable
remarkable
remarkable
remember
remove
remove
remove
remove
remove
remove
remove
remove
remove
remove
remove
repeat
repeat
repeat
repeat
repeat
repeat
repeat
repeat
replace
replace
replace
replace
replace
replace
replied
replied
replied
report
report
report
report
represent
represent
represent
represent
represent
represent
represent
require
require
require
require
research
research
respect
respect
rest
rest
rest
rest
result
result
result
result
return
return
return
return
return
review
review
review
review
review
review
rhyme
rhyme
rhyme
rhyme
rhyme
rhythm
rhythm
rhythm
rice
rice
rice
rice
rice
rice
rice
rich
rich
rich
rich
rich
rich
rich
ride
ride
ride
ride
ride
ride
riding
riding
riding
riding
riding
right
right
right
right
right
right
right
right
right
right
right
right
right
ring
ring
ring
rise
rise
rise
rise
rising
rising
rising
river
river
river
river
river
river
river
river
river
road
road
road
road
road
roar
roar
roar
roar
rock
rock
rock
rock
rock
rock
rock
rock
rocket
rocket
rocket
rocket
rocky
rocky
rocky
rocky
rocky
rocky
rod
rod
rod
rod
rod
rod
roll
roll
roll
roll
roll
roll
roll
roll
roll
roll
roof
roof
roof
roof
roof
room
room
room
room
root
root
root
rope
rope
rope
rope
rope
rose
rose
rose
rough
rough
rough
rough
rough
round
round
round
round
round
round
route
route
route
route
route
route
route
route
route
row
row
row
row
row
rubbed
rubbed
rubbed
rubbed
rubbed
rubbed
rubbed
rubbed
rubber
rubber
rubber
rubber
rubber
rule
rule
rule
rule
rule
rule
rule
ruler
ruler
ruler
ruler
ruler
ruler
ruler
ruler
run
run
run
run
running
running
running
running
running
rush
rush
rush
rush
rush
rush
rush
sad
sad
sad
sad
sad
sad
saddle
saddle
saddle
saddle
saddle
safe
safe
safe
safe
safety
safety
safety
safety
safety
safety
said
said
said
said
said
said
sail
sail
sail
sail
sail
sale
sale
sale
sale
sale
sale
sale
sale
sale
salmon
salmon
salmon
salmon
salmon
salmon
salmon
salt
salt
salt
salt
salt
salt
same
same
sand
sand
sand
sand
sand
sat
sat
sat
sat
sat
satellites
satellites
satellites
satellites
satellites
satisfied
satisfied
satisfied
satisfied
satisfied
satisfied
satisfied
satisfied
satisfied
satisfied
save
save
save
save
save
save
saved
saved
saved
saved
saved
saved
saw
saw
saw
saw
saw
say
say
say
say
say
scale
scale
scale
scale
scale
scale
scale
scale
scared
scared
scared
scared
scared
scared
scene
scene
scene
school
school
school
school
school
school
school
science
science
science
science
science
science
scientific
scientific
scientific
scientific
scientist
scientist
scientist
scientist
scientist
scientist
scientist
scientist
scientist
score
score
screen
screen
screen
screen
screen
screen
screen
screen
screen
sea
sea
sea
search
search
season
season
season
season
season
season
season
season
season
season
seat
seat
seat
seat
seat
second
second
second
second
second
secret
secret
secret
secret
secret
section
section
section
section
section
section
see
see
see
see
see
see
see
see
seed
seed
seed
seed
seed
seed
seeing
seeing
seeing
seeing
seeing
seeing
seems
seems
seems
seems
seems
seen
seen
seldom
seldom
seldom
seldom
seldom
seldom
select
select
select
select
select
selection
selection
selection
selection
selection
selection
sell
sell
sell
sell
sell
sell
send
send
send
send
send
sense
sense
sense
sense
sense
sent
sent
sent
sent
sent
sent
sent
sentence
sentence
sentence
sentence
sentence
separate
series
series
series
series
series
series
serious
serious
serious
serve
serve
serve
serve
serve
service
service
sets
setting
setting
setting
setting
setting
setting
setting
setting
setting
setting
setting
settle
settle
settle
settle
settle
settle
settle
settlers
settlers
settlers
seven
seven
seven
several
several
shade
shade
shade
shade
shade
shade
shadow
shadow
shadow
shadow
shake
shake
shake
shake
shaking
shaking
shaking
shaking
shaking
shaking
shall
shall
shall
shall
shall
shallow
shallow
shallow
shallow
shallow
shallow
shallow
shallow
shallow
shallow
shape
shape
shape
shape
share
share
share
sharp
sharp
sharp
sharp
sharp
she
she
she
she
she
she
sheep
sheep
sheep
sheep
sheep
sheep
sheep
sheep
sheet
sheet
sheet
sheet
sheet
sheet
sheet
shelf
shelf
shelf
shelf
shelf
shelf
shelf
shelf
shells
shells
shells
shells
shelter
shelter
shelter
shelter
shelter
shelter
shelter
shine
shine
shine
shine
shine
shinning
shinning
shinning
shinning
shinning
ship
ship
ship
ship
shirt
shirt
shirt
shirt
shirt
shoe
shoe
shoe
shoe
shoe
shoot
shoot
shoot
shoot
shoot
shoot
shoot
shoot
shop
shop
shore
shore
shore
shore
shore
shore
shore
shore
short
short
short
short
short
shorter
shorter
shorter
shorter
shot
shot
should
should
should
should
should
shoulder
shoulder
shoulder
shout
shout
show
show
show
show
shown
shown
shown
shown
shut
shut
shut
shut
shut
shut
shut
shut
sick
sick
sick
sick
sick
sick
sick
sides
sides
sides
sides
sight
sight
sight
sight
sight
sight
sight
sight
sight
sight
sign
sign
sign
sign
sign
sign
sign
sign
sign
sign
sign
signal
signal
signal
signal
signal
signal
signal
silence
silence
silence
silence
silence
silence
silent
silent
silent
silent
silent
silk
silk
silk
silk
silk
silk
silk
silly
silly
silly
silly
silver
silver
silver
silver
similar
similar
similar
similar
simple
simple
simple
simple
simple
simplest
simply
simply
simply
simply
simply
since
since
since
sing
sing
sing
sing
sing
sing
single
single
single
single
single
single
single
sink
sink
sink
sink
sister
sister
sister
sister
sister
sister
sit
sit
sit
sit
sit
sit
sit
sit
sitting
sitting
sitting
sitting
sitting
sitting
situation
situation
situation
situation
situation
situation
situation
six
six
six
six
size
size
skill
skill
skill
skin
skin
sky
sky
sky
sky
sky
sky
sky
sky
sky
slabs
slabs
slabs
slave
slave
slave
slave
slave
slave
slave
slave
slave
slave
sleep
sleep
sleep
slept
slept
slept
slept
slept
slept
slept
slept
slept
slide
slide
slide
slight
slight
slightly
slightly
slightly
slightly
slightly
slip
slip
slip
slip
slip
slipped
slipped
slipped
slipped
slipped
slipped
slope
slope
slope
slope
slow
slow
slow
slowly
slowly
slowly
slowly
slowly
small
small
small
small
smaller
smaller
smaller
smaller
smallest
smallest
smell
smell
smell
smile
smile
smile
smoke
smoke
smoke
smoke
smooth
smooth
smooth
snake
snake
snake
snake
snow
so
so
so
so
so
soap
soap
soap
soap
soap
soap
soap
soap
soap
soap
social
social
social
social
society
society
society
society
society
society
soft
soft
soft
soft
soft
soft
soft
soft
softly
softly
softly
softly
soil
soil
soil
soil
solar
solar
solar
solar
sold
sold
sold
sold
sold
sold
sold
sold
soldier
soldier
soldier
soldier
soldier
solid
solid
solid
solid
solid
solution
solution
solution
solution
solution
solution
solution
solution
solution
solve
some
some
some
some
some
some
some
somebody
somebody
somebody
somebody
somebody
somebody
somebody
somehow
someone
someone
someone
someone
someone
someone
someone
something
something
something
something
something
sometime
sometime
sometime
sometime
sometime
somewhere
somewhere
somewhere
somewhere
somewhere
somewhere
somewhere
somewhere
son
son
son
son
son
song
song
song
song
song
song
song
soon
sort
sort
sort
sort
sort
sort
sort
sort
sound
sound
sound
sound
source
source
source
source
source
source
source
south
south
south
south
southern
southern
southern
space
space
space
space
space
space
space
space
space
speak
speak
speak
speak
speak
speak
special
special
special
special
special
special
special
species
species
species
species
species
specific
specific
specific
specific
specific
speech
speech
speech
speed
speed
speed
speed
spell
spell
spell
spell
spend
spend
spend
spend
spend
spend
spend
spent
spent
spent
spider
spider
spider
spider
spider
spider
spider
spider
spin
spin
spin
spin
spin
spin
spirit
spirit
spirit
spirit
spirit
spirit
spite
spite
spite
spite
spite
split
split
split
split
split
split
spoken
spoken
spoken
spoken
spoken
spoken
sport
sport
sport
spread
spread
spread
spread
spread
spring
spring
spring
spring
spring
spring
spring
square
square
square
square
square
square
square
square
square
stage
stage
stage
stage
stairs
stairs
stairs
stairs
stairs
stand
stand
stand
standard
standard
standard
star
star
star
star
star
star
star
star
stared
stared
start
start
start
start
start
state
state
statement
statement
statement
statement
statement
station
station
station
station
station
station
station
stay
steady
steady
steady
steam
steam
steam
steam
steam
steel
steel
steel
steel
steel
steel
steel
steep
steep
steep
steep
steep
steep
steep
stems
stems
stems
stems
step
step
step
step
stepped
stepped
stick
stick
stick
stick
stick
stick
stick
stick
stick
stiff
stiff
still
still
still
still
stock
stock
stock
stock
stock
stock
stock
stock
stomach
stomach
stone
stone
stone
stone
stone
stood
stood
stood
stop
stop
stop
stop
stop
stop
stop
stop
stop
stopped
stopped
stopped
stopped
stopped
stopped
store
store
storm
storm
storm
storm
storm
story
story
story
story
story
stove
stove
stove
stove
straight
straight
strange
strange
strange
strange
strange
strange
strange
stranger
stranger
stranger
stranger
straw
straw
straw
straw
straw
straw
straw
stream
stream
stream
stream
stream
stream
stream
stream
stream
street
street
strength
strength
strength
stretch
stretch
stretch
stretch
strike
strike
strike
strike
strike
strike
strike
string
string
string
string
string
string
string
string
strip
strong
strong
strong
strong
strong
strong
stronger
stronger
stronger
stronger
struck
struck
struck
struck
struck
struck
struck
struck
structure
structure
structure
structure
structure
struggle
struggle
struggle
struggle
struggle
struggle
stuck
stuck
student
student
studied
studying
studying
studying
studying
studying
studying
studying
studying
studying
subject
subject
subject
subject
subject
subject
substance
substance
substance
substance
substance
success
success
success
success
successful
successful
successful
successful
successful
such
such
such
such
such
such
sudden
sudden
sudden
sudden
sudden
sudden
sudden
suddenly
suddenly
suddenly
suddenly
suddenly
suddenly
sugar
sugar
sugar
sugar
sugar
sugar
suit
suit
suit
suit
suit
suit
suit
sum
sum
summer
summer
summer
summer
summer
summer
sun
sun
sun
sun
sun
sun
sun
sun
sunlight
sunlight
sunlight
supper
supper
supply
supply
supply
supply
support
support
support
support
support
suppose
suppose
sure
sure
sure
sure
sure
surface
surface
surface
surface
surprise
surprise
surprise
surprise
surrounded
surrounded
surrounded
surrounded
surrounded
surrounded
surrounded
swam
swam
swam
sweet
sweet
sweet
sweet
swept
swept
swim
swim
swimming
swimming
swimming
swimming
swing
swing
swung
swung
swung
swung
swung
swung
syllable
syllable
syllable
syllable
syllable
syllable
syllable
syllable
syllable
symbol
symbol
symbol
system
system
system
system
system
table
table
table
table
tail
tail
tail
tail
tail
tail
tail
tail
tail
take
take
take
take
take
taken
taken
taken
taken
taken
tales
tales
tales
tales
tales
talk
talk
talk
talk
talk
talk
tall
tall
tall
tank
tank
tank
tank
tank
tank
tank
tank
tape
tape
tape
tape
task
task
task
task
task
task
task
taste
taste
taste
taste
taste
taste
taught
taught
taught
taught
taught
tax
tax
tea
tea
tea
tea
tea
tea
teach
teach
teacher
teacher
teacher
teacher
teacher
teacher
teacher
team
team
team
team
team
team
team
team
team
team
tears
tears
tears
tears
tears
teeth
teeth
teeth
teeth
teeth
teeth
telephone
telephone
telephone
television
television
television
television
television
television
television
television
television
television
television
television
television
television
tell
tell
tell
tell
temperature
temperature
temperature
ten
ten
ten
ten
ten
ten
tent
tent
tent
tent
term
term
term
term
term
terrible
terrible
terrible
terrible
terrible
terrible
terrible
terrible
test
test
test
test
than
than
than
than
thank
thank
thank
thank
thank
thank
thank
thank
thank
thank
that
that
that
that
that
thee
thee
thee
them
them
them
themselves
themselves
themselves
themselves
themselves
themselves
themselves
then
then
then
then
then
theory
theory
theory
theory
theory
theory
there
there
there
there
there
there
there
there
therefore
therefore
therefore
therefore
therefore
therefore
therefore
therefore
these
they
they
they
they
they
they
they
they
thick
thick
thick
thick
thick
thin
thin
thin
thin
thing
thing
thing
think
think
think
think
think
think
think
think
third
third
third
third
third
thirty
thirty
thirty
thirty
thirty
thirty
thirty
thirty
this
this
this
this
this
this
this
those
those
those
those
thou
thou
thou
though
though
though
though
thought
thought
thought
thought
thought
thought
thought
thought
thousand
thousand
thousand
thousand
thousand
thousand
thousand
thousand
thread
thread
thread
three
three
three
three
three
three
threw
threw
threw
threw
threw
threw
throat
throat
throat
throat
throat
throat
throat
through
through
through
through
through
through
through
throughout
throughout
throw
throw
throw
thrown
thrown
thrown
thrown
thrown
thrown
thrown
thumb
thumb
thumb
thumb
thumb
thumb
thumb
thumb
thumb
thumb
thus
thus
thus
thy
thy
thy
thy
thy
thy
tide
tide
tie
tie
tie
tie
tie
tight
tight
tight
tight
tight
tight
tight
tight
tight
tightly
tightly
tightly
tightly
tightly
tightly
tightly
tightly
till
till
till
till
till
till
till
till
till
till
time
time
time
time
time
time
tin
tin
tin
tin
tin
tin
tiny
tiny
tiny
tiny
tiny
tiny
tiny
tip
tip
tired
tired
tired
tired
tired
title
title
title
to
to
to
to
to
tobacco
tobacco
tobacco
tobacco
tobacco
today
today
today
today
today
today
today
together
together
together
together
told
told
told
told
told
told
told
told
told
told
told
tomorrow
tomorrow
tomorrow
tomorrow
tomorrow
tomorrow
tone
tone
tone
tone
tone
tongue
tongue
tongue
tongue
tongue
tongue
tongue
tongue
tonight
tonight
tonight
tonight
tonight
tonight
tonight
tonight
too
too
too
took
took
took
tool
tool
tool
tool
tool
tool
tool
tool
top
top
top
topic
topic
topic
topic
topic
torn
torn
torn
torn
torn
total
total
total
total
total
total
total
total
touch
touch
touch
touch
touch
touch
touch
toward
toward
toward
toward
toward
toward
toward
toward
toward
tower
tower
tower
tower
tower
tower
tower
town
town
town
town
toy
toy
toy
toy
toy
trace
trace
trace
trace
track
track
track
track
track
track
trade
trade
trade
trade
trade
trade
traffic
traffic
traffic
traffic
trail
trail
trail
trail
trail
trail
train
train
train
train
train
train
transportation
transportation
transportation
transportation
transportation
trap
trap
trap
trap
trap
travel
travel
travel
travel
travel
travel
treated
treated
treated
treated
treated
treated
treated
treated
treated
tree
tree
tree
tree
tree
tree
triangle
triangle
triangle
triangle
triangle
triangle
tribe
tribe
trick
trick
trick
trick
trick
trick
trick
trick
trick
trick
trick
trick
tried
tried
tried
tried
tried
tried
trip
trip
trip
trip
trip
trip
trip
trip
trip
trip
troops
troops
troops
troops
troops
troops
tropical
tropical
tropical
tropical
tropical
tropical
trouble
trouble
trouble
trouble
trouble
trouble
trouble
trouble
truck
truck
truck
truck
truck
trunk
truth
truth
truth
truth
try
try
try
try
tube
tube
tube
tube
tube
tube
tune
tune
tune
tune
tune
tune
turn
turn
turn
turn
twelve
twelve
twelve
twelve
twelve
twelve
twelve
twenty
twenty
twenty
twenty
twenty
twenty
twenty
twice
twice
twice
twice
twice
twice
two
two
two
two
two
two
two
type
type
type
type
type
type
type
typical
typical
typical
uncle
uncle
under
under
under
under
under
under
underline
underline
understanding
understanding
understanding
understanding
understanding
unhappy
unhappy
unhappy
unhappy
unhappy
union
union
union
union
union
union
unit
unit
unit
unit
unit
unit
unit
universe
universe
universe
universe
universe
universe
unknown
unknown
unknown
unknown
unknown
unknown
unless
unless
unless
unless
unless
unless
until
until
until
until
until
unusual
unusual
unusual
unusual
unusual
unusual
up
up
up
upon
upon
upper
upper
upper
upper
upper
upper
upper
upward
upward
upward
upward
upward
upward
us
us
use
use
use
use
use
use
useful
useful
useful
useful
useful
useful
useful
useful
useful
useful
using
using
using
usual
usual
usual
usually
usually
usually
valley
valley
valley
valley
valley
valley
valley
valuable
valuable
valuable
valuable
valuable
valuable
value
value
value
vapor
vapor
variety
variety
variety
variety
variety
variety
variety
various
various
various
various
various
various
vast
vast
vast
vast
vast
vegetable
vegetable
vegetable
vegetable
verb
verb
verb
verb
verb
verb
vertical
vertical
vertical
vertical
very
very
very
very
very
very
very
very
vessels
vessels
vessels
vessels
vessels
vessels
vessels
vessels
vessels
victory
victory
victory
view
view
view
view
view
view
view
village
village
village
village
village
village
village
visit
visit
visit
visit
visit
visitor
visitor
visitor
voice
voice
volume
volume
volume
volume
vote
vote
vote
vote
vowel
vowel
vowel
vowel
vowel
voyage
voyage
voyage
voyage
voyage
wagon
wagon
wait
wait
wait
wait
wait
walk
walk
walk
walk
walk
wall
wall
wall
wall
wall
wall
wall
wall
wall
want
want
want
want
want
want
war
war
war
war
war
war
war
war
warm
warm
warm
warm
warm
warm
warm
warm
warm
warm
warn
was
was
was
wash
wash
wash
wash
wash
waste
waste
waste
waste
waste
watch
watch
watch
watch
watch
water
water
water
water
water
water
water
wave
wave
way
way
way
way
way
we
we
we
we
we
weak
weak
weak
weak
weak
weak
weak
wealth
wealth
wealth
wealth
wealth
wealth
wear
wear
weather
weather
weather
weather
weather
week
week
week
weigh
weigh
weigh
weigh
weigh
weight
weight
weight
weight
weight
welcome
welcome
welcome
welcome
welcome
welcome
welcome
well
well
well
well
went
went
went
were
were
west
west
west
west
west
west
west
west
west
west
western
western
western
western
wet
wet
wet
wet
whale
whale
whale
whale
whale
what
what
what
what
whatever
whatever
whatever
whatever
whatever
whatever
wheat
wheat
wheat
wheat
wheat
wheat
wheat
wheat
wheat
wheel
wheel
wheel
wheel
wheel
wheel
when
when
when
when
when
whenever
whenever
whenever
whenever
whenever
whenever
whenever
where
where
where
where
where
where
wherever
wherever
wherever
wherever
wherever
whether
whether
whether
whether
which
which
which
which
which
while
while
while
while
while
while
while
while
whispered
whispered
whispered
whistle
whistle
whistle
whistle
whistle
whistle
whistle
whistle
white
white
white
white
white
white
white
who
who
who
who
who
who
whole
whole
whom
whom
whom
whose
whose
whose
whose
whose
whose
why
why
why
why
why
why
why
wide
wide
wide
wide
wide
wide
widely
wife
wife
wife
wife
wife
wife
wild
wild
wild
will
will
will
will
will
willing
willing
willing
win
win
win
win
win
win
win
wind
wind
wind
wind
wind
wind
wind
wind
window
window
wing
wing
wing
winter
winter
winter
wire
wire
wire
wire
wire
wise
wise
wise
wise
wise
wise
wise
wish
wish
wish
wish
with
with
with
within
within
within
within
within
within
within
within
without
without
without
without
without
without
without
wolf
wolf
wolf
wolf
wolf
wolf
wolf
women
women
women
women
won
won
won
wonder
wonder
wonder
wonder
wonder
wonder
wonderful
wonderful
wonderful
wonderful
wonderful
wonderful
wood
wood
wood
wood
wood
wood
wood
wood
wooden
wooden
wooden
wooden
wooden
wooden
wool
wool
wool
wool
wool
word
word
wore
wore
wore
wore
wore
wore
wore
work
work
work
work
work
work
work
work
work
worker
worker
worker
worker
worker
world
world
world
world
world
world
world
worried
worried
worried
worry
worry
worry
worry
worry
worse
worse
worth
worth
would
would
wrapped
wrapped
wrapped
wrapped
write
write
write
write
write
writer
writer
writer
writer
writer
writer
writing
writing
writing
writing
writing
writing
writing
writing
written
written
written
written
written
wrong
wrong
wrong
wrong
wrong
wrong
wrote
wrote
wrote
wrote
wrote
wrote
wrote
wrote
yard
yard
yard
yard
year
year
yellow
yellow
yellow
yellow
yes
yes
yes
yes
yesterday
yesterday
yet
yet
yet
yet
you
you
you
you
you
young
young
young
young
young
young
young
young
young
younger
younger
younger
younger
younger
younger
younger
your
yourself
yourself
yourself
youth
youth
youth
youth
youth
youth
zero
zero
zoo
zoo
zoo
zoo
zoo
