49935
79396
112879
232285
381631
398298
418428
431058
461070
516119
567727
652292
666928
699842
848879
963957
971789
1038010
1078586
1185599
1315926
1666558
1976920
2033640
2037332
2039551
2122545
2227963
2513472
2553365
3183728
3217933
3396597
3523349
3547732
3550040
3683168
3695364
3913908
4146326
4147909
4210577
4382050
4412052
4554950
4588737
4655114
4666890
4719504
4730024
4798484
4859302
5109067
5142639
5304881
5400636
5574374
5683729
5690741
5739049
5782686
5888373
6108858
6125066
6206541
6216659
6228778
6367229
6671896
6699346
6879415
6945745
7098224
7418237
7517533
7545432
7652729
7659517
7689407
7696746
7711064
7778048
7800738
7939359
8051786
8070569
8150624
8237223
8639409
8704464
8892048
8902830
8930417
8944875
9170091
9351739
9490136
9629107
9835032
9937030
9955239
9961767
10026966
10159330
10279333
10484951
10675354
10780941
10817742
11086617
11098554
11478887
11681918
11688234
11732276
11776642
11821588
11874099
11943342
12096355
12144438
12220478
12574070
12587556
12644176
12723745
12790163
12807714
13190260
13223348
13275161
13431398
13586892
14036133
14036273
14066472
14136685
14204514
14224435
14259586
14285050
14643868
14683500
14908904
14996047
15120695
15250721
15307220
15603985
15714928
15783448
15827712
16084097
16135518
16184979
16197067
16245459
16377726
16379911
16436248
16506059
16542176
16585737
16591782
16753423
16773946
16792204
16795634
16823055
16907429
16912731
16939355
17176920
17783179
17822090
18082110
18334752
18402198
18407845
18625929
18708388
18845275
19054201
19366890
19386218
19438762
19599538
19849494
20290084
20519119
20545170
20753114
20779863
20920789
20951542
21204834
21243593
21409546
21595658
21679695
21719503
21841125
22114289
22165520
22208328
22486167
22497079
22598696
22804509
22929384
23221732
23268817
23331294
23410061
23459750
23479438
23734384
23924599
23971444
24015920
24021608
24067564
24339730
24412688
24556415
24624333
24684475
24726353
24799803
24812255
24892809
25074747
25149092
25221068
25225385
25308949
25477551
25728272
25770837
25812103
25857605
25868254
25890905
25923252
26019176
26061274
26081637
26095856
26240456
26539880
26567177
26803412
26850999
27009947
27058255
27092379
27125445
27227712
27286394
27321838
27429753
27459424
27490363
27808972
27878750
28130669
28152150
28249468
28437725
28462854
28474464
28553228
28780286
28786927
29085567
29538298
29635196
29730022
29810962
29901106
29935224
30062644
30110775
30318915
30412409
30491700
30551324
30643628
30697229
30706881
30823127
30850788
31045417
31406459
31472389
31487993
31507441
31816217
31936012
31966657
32098801
32168407
32304167
32345606
32528363
32534257
32556814
32580420
32657303
32694201
32711219
32803276
32920254
32990835
32994309
33046593
33202538
33280110
33322563
33396315
33414053
33456760
33511625
33514661
33580827
33593864
33740569
33778107
34004168
34019362
34086210
34271775
34366540
34391723
34469368
34643189
34661134
34699614
34777997
34803753
34819235
34900413
34914326
34915195
34943593
34999945
35209818
35590229
35604646
35699865
35867420
35904794
35940479
36017449
36107995
36185913
36194224
36513576
36812107
36847819
36851535
36938030
37082288
37102515
37267599
37294176
37558307
37632769
37993373
38051109
38276088
38908815
39092039
39117793
39128666
39257680
39260630
39268820
39406402
39414516
39759917
39817662
40004158
40149064
40196513
40610038
40764169
40905147
40906432
40962759
41258600
41286051
41365543
41466159
41644918
41773668
41784345
41796192
42066551
42149661
42158953
42177238
42431502
42800129
42927617
43084819
43151917
43278434
43426323
43480076
43924408
44074476
44075873
44121231
44210798
44255768
44280109
44375208
44732341
44754587
44764553
44809262
44830895
44937100
45022185
45042651
45083269
45124315
45135319
45256721
45552467
45724164
45791723
45972392
45983175
46063672
46139446
46169724
46181628
46397747
46626017
46641145
46773108
46829502
46843055
46915962
47000346
47440820
47544591
47675957
47971597
47991036
48022872
48104826
48128839
48225113
48676206
48849656
49075835
49219353
49334407
49471883
49553117
49616467
49672069
49798114
49877379
49982142
50037742
50118255
50247323
50347985
50426325
50433121
50652763
50730532
50749213
50904131
51167160
51298607
51333537
51336989
51519522
51598186
51639458
51768808
51790452
51873282
51938613
51970716
52032772
52126656
52200418
52216151
52436623
52468547
52494754
52550327
52786957
52796853
52835236
52942662
52943366
53200581
53300171
53621887
53647867
53649160
53884177
53914114
53956010
54080463
54165589
54397570
54397852
54397874
54495205
54554855
54594461
54683052
54824210
55094472
55099613
55152917
55196270
55224248
55262042
55350673
55413058
55460829
55757052
55838147
55847781
56157007
56164628
56219708
56283653
56288236
56344836
56405662
56477260
56482418
56669913
56692355
56769270
56793550
56842979
56921459
57068179
57172199
57294910
57433887
57591689
57649298
57714104
57725170
57838887
57895521
57924808
57938710
58075958
58183081
58304248
58582618
58833863
58841366
58914664
59055585
59347310
59395740
59517081
59602197
59628459
59691635
59703574
59720575
59750515
59801543
59802798
59875825
59955779
59960213
60011684
60013647
60037246
60315247
60324203
60432960
60466733
60528458
60722549
60792483
60804626
61075072
61255172
61542313
61600178
61799811
61827378
62011300
62113456
62127252
62420108
62489194
62592462
62600281
62919671
63326314
63342791
63444307
63490086
63513449
63526958
63667025
63782288
64062114
64095638
64194373
64257151
64793560
64880246
64967080
64994907
65302928
65323143
65333265
65776093
65802211
65972097
66079709
66110194
66508565
66701330
66771869
66840170
66885941
66901350
66957355
67206878
67227901
67306225
67601826
67812100
67926354
67968496
68017139
68294823
68752642
68785759
68984624
69067267
69347476
69431853
69441875
69476533
69727237
69728423
69892086
69929271
70013105
70075864
70158132
70282352
70350669
70411255
70462057
70597197
70608721
70613141
70744664
70840073
70859400
71093166
71133342
71357904
71421857
71461711
71503551
71742774
71808904
71861250
71958864
72056556
72153221
72196466
72232790
72461127
72668212
72731956
72745966
72853287
72867926
72999622
73050353
73221936
73614144
73757695
73903784
73967284
74005218
74074741
74084935
74108248
74126754
74325947
74525864
74760866
74801725
74824761
74838627
74898745
74990348
74994346
75033261
75095520
75109037
75116802
75271186
75434296
75528674
75845228
76099115
76518429
76583628
76671697
76816111
76909637
76970261
76985657
77002919
77128905
77268912
77539403
77647319
77707390
77729558
77791661
77912224
78076999
78115968
78270900
78359391
78535520
78593634
78640625
78641393
78744447
78761708
78792977
78797320
78824700
79043006
79053262
79129331
79238371
79388139
79396948
79404484
79463136
79505289
79513133
79698601
79700017
79735640
79883265
79896456
80037903
80105993
80164260
80232504
80298990
80340756
80513843
80835294
80975640
81046978
81078669
81134058
81456310
81534742
81647717
81784054
81800400
81883740
82001609
82079640
82371823
82379705
82624938
82833740
83248802
83270421
83273129
83343660
83519366
83606988
83685979
83692418
83774541
83837404
83840209
83976646
84124600
84320919
84359453
84373680
84544040
84574880
84600541
84658978
84741567
84817173
84830479
85157343
85206677
85229804
85389929
85421232
85600436
85613011
85666082
85762500
85880252
86099315
86137263
86253918
86270618
86439344
86444863
86445457
86572412
86750036
86863416
86869766
86942539
86950843
86965904
86983989
87016543
87128687
87354227
87470490
87559753
87609530
87704516
87722611
87825399
87847678
87848796
88249565
88420993
88438441
88526102
88604922
88655314
88665191
88825720
88900478
88970817
89089855
89557485
89642090
89747817
89751106
89756783
89777906
89891449
90083500
90083771
90331196
90523354
90689146
90820299
90873725
90880312
90941254
90994525
91101721
91350024
91417764
91421731
91466466
91540758
91542944
91667296
91724870
91754280
91936010
91970340
92082574
92124906
92196400
92247526
92271318
92370529
92374603
92377915
92379480
92450276
92556388
92571516
92689278
92766694
92814299
92943229
93008721
93133793
93373359
93571533
93580049
93774296
93915828
94014076
94100563
94250011
94284604
94346153
94405258
94484294
94484435
94521596
94607860
94632769
94653796
94656330
94763983
94999538
95172939
95287259
95606471
96320910
96550866
96665537
96946896
97083298
97137837
97157106
97201374
97356923
97402102
97442167
97469595
97508006
97736033
97784679
97799193
97875744
97916554
98017705
98111449
98164126
98195736
98218376
98289555
98330604
98333021
98616403
98693393
98837650
98933798
98947753
98982470
99030431
99293430
99473392
99780404
99828075
99978533
100027001
100045543
100181254
100189019
100192356
100267187
100278197
100355736
100429755
100472868
100496679
100805072
100933320
101245775
101289405
101363431
101431278
101595646
101635473
101861196
102033862
102049486
102167418
102228314
102408369
102466597
102849574
102861478
102886688
103172891
103181074
103378427
103424705
103607585
103666132
104196506
104250815
104422402
104423773
104424640
104461709
104693555
104929084
104988254
105019994
105022742
105569211
105577444
105588987
105599224
105795117
105897143
106040648
106143153
106201114
106295160
106320100
106585597
106637988
106897881
106971395
107115117
107159300
107193888
107227525
107261784
107276013
107440456
107715714
107730166
107783141
107906695
107984742
108084018
108150568
108233907
108248137
108602404
108725004
108914440
108985011
109023533
109142559
109281357
109368545
109404055
109760435
109801189
109902287
110186088
110209409
110246121
110347875
110420978
110684212
110687634
110770993
110960841
111075023
111122179
111137531
111139223
111412332
111418724
111428448
111517690
111742459
111791993
111934891
112071489
112119147
112314496
112349343
112416267
112457178
112492933
112585518
112636453
112787607
112895467
112897788
113060596
113209201
113351117
113632112
113853812
113899199
113900537
114216166
114376351
114444026
114559500
114723694
114851632
114949901
114952170
115314409
115317879
115367538
116017946
116353031
116356918
116515748
116701400
116948208
117085370
117319000
117607331
117655536
117663018
117708630
117828411
117842734
117877755
117958204
118110687
118110948
118128414
118274798
118286751
118289912
118306684
118370969
118378419
118651561
118663293
118717956
118830708
118847752
118879668
118950564
119622869
119680635
119844186
119892847
120019636
120118094
120153192
120169607
120220228
120343303
120463409
120528587
120730505
120835589
120899725
120940275
120970870
120978479
121074047
121141356
121559605
121721528
121722771
121783643
121829287
121932697
121994733
122013171
122214118
122326609
122358331
122510396
122655866
122660381
122820333
123173478
123206709
123244470
123424191
123626549
123683326
123823302
123824263
123866833
123873203
123905971
124140322
124262731
124312544
124899190
124965088
125036078
125236351
125285434
125353884
125385008
125417121
125583015
125973138
126168927
126282926
126320980
126322401
126326126
126388318
126717291
126819252
126834402
126947457
126982146
127017045
127199199
127238268
127242061
127313378
127392078
127510468
127614759
127768231
128250311
128348513
128566957
128620256
128629545
128663941
128719093
128768133
128859467
128912381
128950273
129002292
129097575
129220118
129301745
129525315
129877415
130224225
130250061
130363228
130363448
130378392
130539786
130545431
130547878
130550563
130666932
130716173
130794335
130867316
130875908
130884175
130946892
130978141
131142585
131205742
131507710
131518440
131547103
131580061
131744357
131804264
131970720
132009888
132098800
132244807
132384680
132484720
132499675
132500523
132631857
132850496
132862573
132888172
132907521
132979210
133059986
133079360
133088064
133235285
133251997
133270192
133281153
133312679
133443907
133789906
133992923
134025709
134048867
134366366
134450051
134481353
134568091
134626583
134720573
134927343
135003391
135022493
135194229
135328498
135335956
135441460
135623538
135710216
135713005
135726002
136048828
136113279
136239047
136296115
136532644
136607604
136707704
136710100
136776353
136883062
137025445
137226588
137391764
137470644
137566785
137647274
138050625
138261117
138395503
138422517
138491476
138723873
138749642
139041710
139122626
139132041
139343532
139522988
139651943
139748082
139787916
139947107
139956702
140013069
140051806
140108139
140308335
140363059
140565752
140686528
140760067
140870903
140968350
141031577
141183076
141270448
141305648
141541812
141550948
141579426
141832794
141937389
142021845
142033320
142392089
142430614
142604416
142669606
142700290
142737193
143479645
143600946
143673306
143727512
143975217
144021247
144104474
144282449
144283770
144328293
144482990
144544626
144551802
144693925
144720529
144759980
144969706
145166492
145335847
145348086
145471942
145506256
145648287
145663818
145701969
145737814
145890731
145923469
145966589
145999848
146146324
146219439
146228494
146238401
146283100
146358877
146490592
146577514
146791876
147146909
147262616
147368910
147550185
147595761
147649977
147673128
147921401
148010904
148114394
148207107
148218520
148351811
148599259
148700409
148750033
148776035
149035477
149110134
149274364
149376276
149484317
149499520
149672956
149790507
149832200
149843808
149855302
149993431
150020578
150108236
150139833
150164731
150178490
150538171
150985539
151088248
151320461
151565928
151646081
151734411
152025456
152188178
152218441
152243087
152382035
152454595
152479227
152853776
152938883
152971621
152981100
153092974
153111423
153112637
153154410
153360025
153372686
153726659
153778952
153917826
154177984
154191430
154308080
154499819
154661985
154830758
154834625
155080235
155093857
155381433
155495925
155529565
155553231
155726386
155810513
155939643
155941281
156127226
156266997
156292249
156292944
156326140
156478257
156515004
156529177
156565192
156598135
156610615
156631257
156736479
156750775
156966904
156978835
157096165
157204228
157383445
157585262
157616976
157677966
157732026
157938893
158073906
158171893
158475769
158575581
158652309
158738770
158757515
158827726
159129959
159204234
159293739
159307058
159529042
159712139
159825159
160035742
160081362
160245052
160280846
160298808
160346341
160347857
160381164
160513321
160577474
160671085
160922447
160923665
161084367
161100949
161309646
161346680
161419304
161459758
161476044
161713973
161928215
161960555
162009727
162429305
162479810
162906272
162932730
162935604
163031399
163160057
163175337
163281016
163297674
163737706
163762997
163779690
163813013
163840746
163917244
163926767
164011336
164088364
164152711
164160077
164358198
164410831
164581137
164582763
164628985
164632778
164773997
165227796
165373131
165435711
165663416
165675981
165733710
165778608
165971168
165991322
166130181
166630900
166675487
166708082
166902073
166944029
167015920
167300711
167337057
167639232
167648464
167857373
167866666
167868690
167978693
168047069
168304415
168337617
168347224
168448020
168608785
168672424
168715934
168811683
168946998
169084780
169150937
169427571
169471743
169475623
169598821
169835614
169883851
169890804
170363140
170443479
170507614
170524721
171225173
171465530
171504392
171516765
171521816
171535113
171582479
171861329
171926364
171997199
172059871
172141597
172384133
172451610
172615508
172809272
172957034
172966942
173036238
173113552
173184226
173199460
173210478
173269173
173390708
173729513
173809290
173993048
174018213
174150706
174229971
174304812
174440453
174785512
174804065
174871852
175115507
175120001
175225077
175263518
175321728
175325957
175330407
175538797
175555216
175703469
175751448
176023027
176198305
176499694
176566316
176622250
176651841
176768163
176904071
176938828
176941032
177373904
177441264
177576878
177598994
177757168
177759427
177768055
178147618
178215125
178223124
178305410
178314853
178318380
178325788
178344576
178400514
178433731
178494684
178603626
178617837
178660512
178731767
178814472
179042167
179101215
179171223
179347493
179546412
179664469
179726978
179754807
179906273
179934387
179951809
179964813
180080047
180204054
180756034
180874067
180984807
181016385
181070135
181225865
181387739
181525659
181566924
181642002
181808040
181838196
181979200
182079133
182578408
182889601
182927364
182997762
183033156
183074896
183318125
183348904
183376990
183742615
183928750
184034340
184361974
184384226
184387888
184428208
184519984
184562731
184602824
184603664
184729825
184735505
184995736
185011504
185076165
185150599
185286130
185301700
185350649
185574584
185768783
185936894
185939368
186059790
186134861
186253839
186284104
186377961
186384086
186520453
186535607
186596401
186748935
187501778
187601654
187742364
187884810
187999189
188115784
188172139
188257073
188340317
188420733
188519491
188828764
189369661
189479884
189537162
189949196
189993350
189997607
190050732
190128313
190287739
190535343
190691408
190740260
190862850
191000774
191064549
191104353
191163551
191194804
191331783
191367371
191398065
191497703
191978489
192170061
192268094
192300083
192393346
192399761
192400905
192415038
192493805
192598832
192677896
192734901
192759992
192812191
192842838
192932164
192999234
193007455
193116558
193248417
193602856
193655826
193676191
193696863
194002811
194036788
194241054
194269945
194390333
194497550
194529691
194779002
195050005
195051531
195053224
195234915
195485317
195627502
195864881
195926190
196007985
196044566
196207262
196523735
196653508
196901809
196903821
196967389
197191443
197213874
197320933
197623906
197639146
197739349
197944164
197960433
198089511
198151630
198267953
198296273
198338881
198410191
198425275
198654708
198840505
198928018
199074113
199089788
199494911
199495869
199529116
199608057
199629281
199956112
200137808
200220462
200349601
200471688
200555015
200573801
200793678
200838210
200852477
201059837
201365158
201520293
201698009
201784217
202047742
202063529
202151462
202184350
202207713
202333445
202379477
202418109
202463175
202485506
202485755
202644982
202662546
203184629
203250921
203269869
203541809
203613305
203675210
203720692
203841841
203887719
203907338
204025239
204114581
204125042
204187653
204200430
204263126
204669360
204718481
204839552
204884452
204977160
204995130
205001560
205020318
205026388
205031780
205235904
205281373
205296910
205376950
205519876
205605100
205756563
205874229
206125858
206250165
206446086
206620131
206660872
206760341
206803477
206856359
206897515
207110491
207203949
207263620
207281260
207289981
207326053
207364186
207409753
207555397
207575301
207581949
207633528
207842471
208038967
208041309
208084470
208169555
208187801
208218477
208295720
208333326
208454393
208594443
208740827
208847205
208944456
209029655
209081150
209159870
209213063
209257245
209315242
209333372
209584555
209706651
209808128
209827609
210080512
210429200
210510708
210626448
210648986
210707669
210864305
211157186
211316992
211329035
211478078
211572758
211634499
211718704
211726088
211874809
211941709
211962665
212021928
212123982
212175984
212423214
212742400
212826601
212918157
212976791
213143541
213166443
213229414
213419398
213537723
213558789
213972873
214231284
214313504
214408147
214521720
214532505
214768771
214781874
215007360
215168461
215390468
215408859
215524155
215654630
215845605
216052410
216277246
216344727
216354518
216473445
216689780
216764506
216839027
216846540
216950536
217017220
217089925
217111000
217384616
217557343
217705875
217710437
217839708
217852955
217858575
217962244
218039450
218196894
218322836
218447622
218489222
218543543
218680487
218739090
218866269
218872152
218892638
219131454
219136192
219367034
219382673
219414372
219418967
219768340
219783558
219797659
220086301
220116624
220380926
220413067
220530932
220574266
220722620
221038444
221155589
221192034
221460395
221616062
221676203
221722092
221840791
222014498
222016825
222289788
222311136
222358505
222445029
222452760
222676829
222809267
222940092
223003411
223053630
223083424
223111766
223115249
223345108
223348557
223364887
223450086
223458549
223460910
223628303
223669838
223815483
223819185
223902481
224015868
224074988
224157264
224279748
224298145
224300320
224533618
224629143
224663048
224768128
225002411
225020366
225116827
225134684
225153871
225188226
225237121
225553659
225808863
225922662
226022084
226178171
226682770
226731335
226945145
227104459
227126611
227261045
227324731
227339884
227361840
227519813
227534343
227602558
227958631
228055693
228076049
228332419
228333505
228354427
228404346
228420189
228458806
228524332
228537991
228624588
228666541
228766762
229038718
229592168
229788265
229850162
229945849
230005596
230125128
230158044
230381656
230575330
230740237
230855527
231218399
231225023
231452390
231557368
231650986
231744809
231774143
231840774
231942208
231992345
232372262
232410773
232425844
232658058
232911936
233027016
233192894
233378462
233422482
233587810
233841893
233843449
233850027
233877010
233891770
234020619
234102613
234140819
234207142
234212125
234485977
234573735
234613394
234729162
235118142
235197318
235300228
235363506
235421402
235445911
235523372
235733990
235753114
235923184
236204038
236265038
236732009
236797479
236817873
237007857
237169309
237393381
237489961
237591757
237745025
237777152
237799487
237913130
237926569
237928406
237936012
237939007
237958407
238109875
238380434
238456344
238675957
238917418
239018760
239322756
239326768
239364580
239567577
239650924
239665063
239687609
239793283
239965110
240203162
240248542
240288578
240496134
240566222
240604787
240840200
240929345
240983325
241127378
241255076
241339331
241369922
241513943
242033421
242167153
242259979
242665250
242706267
242854319
242984847
243132284
243257223
243311643
243528802
243731987
243784267
244165274
244493373
244514583
244551104
244606877
244639184
244751173
244873459
244913045
244921808
245036839
245324764
245327717
245358258
245406007
245430750
245490927
245638072
245860734
245860813
245920721
246045729
246088377
246107224
246153559
246226692
246233541
246276919
246281420
246406948
246460709
246495092
246510144
246541009
246897826
246901488
246953031
247280630
247846700
247955982
247975370
248143521
248232031
248251612
248331248
248432515
248465556
248703480
248953131
249032060
249150856
249164003
249180870
249253756
249335231
249402393
249420017
249711284
249830058
250031333
250138248
250279097
250448191
250629747
250630247
250691159
250912585
251217090
251404913
251490809
251779909
251780804
251904702
251961703
251964307
251967068
252029199
252236768
252400198
252484923
252797925
252844988
253195790
253277127
253305577
253538620
253585268
253675404
253739605
254282191
254306757
254461432
254476900
254566138
254586043
254794952
255117270
255146078
255277558
255293533
255342811
255568451
255621121
255653069
255877546
256234587
256264797
256266620
256444829
256449934
256768915
256846426
256925955
257216195
257265604
257411898
257651299
257666453
257829516
257927974
258204566
258346424
258364977
258476561
258603004
258870854
258937546
259155296
259334923
259373254
259476522
259705709
259712155
259789443
260117649
260187476
260208432
260230035
260269322
260312524
260364907
260709888
260800321
260900372
261004930
261262188
261266202
261420105
261442267
261444185
261873588
262060811
262072806
262091775
262319087
262426054
262900211
262926484
262929544
262953412
263009670
263050215
263084648
263207354
263406756
263514032
263637321
263639815
263713281
263982435
264057101
264108629
264272650
264278725
264773350
264870536
265008529
265332066
265339300
265465699
265574564
265622206
265673213
265891809
265898197
265950617
266121171
266202361
266386534
266402985
266436351
266461953
266462346
266536764
266542057
266565471
266722850
266902346
266918921
267054448
267119074
267144812
267358909
267490475
267543156
267841587
267855199
267939260
268205225
268687928
268836575
268838931
268953726
269037933
269086215
269149804
269306883
269323395
269438463
269747785
269900293
270069934
270187602
270244435
270290665
270351334
270473397
270680551
270994320
271158173
271183230
271269701
271388911
271429345
271442270
271450871
271463573
271467338
271724798
271806436
271969354
272330412
272362401
272372554
272462255
272470391
272613601
272681979
272687344
272810113
272980039
272985577
273014085
273130013
273239863
273312988
273335005
273602527
273700652
273877373
273911063
273961269
274015601
274321143
274489076
274633082
274732185
275002482
275577258
275683451
275791976
276112070
276273600
276356523
276375014
276475481
276498826
276922678
276957455
277032723
277046224
277078671
277164427
277343365
277346609
277368174
277368192
277483003
277536146
277830771
277881939
278102970
278271613
278342084
278451636
278621239
278927438
279234498
279317032
279336813
279463346
279487810
279665269
279804322
280141562
280194978
280231581
280257463
280465239
280498787
280577787
280631439
280805807
280828844
280982844
281076392
281085833
281299342
281329209
281360606
281392066
281566936
281654225
281662571
281673822
281698258
282187198
282331939
282425620
282589424
282707958
282776405
282778216
283091504
283203984
283230258
283279066
283362543
283484305
283604481
283687132
283787759
283846528
283863567
283887588
284174525
284243150
284289378
284337246
284380460
284413409
284476875
284804042
285265199
285586765
285860433
286333438
286671127
286696541
286759208
286825208
286987694
287147036
287205824
287359027
287397818
287686418
287740103
287781839
287900655
287988309
288114109
288449532
288534253
288577661
288710772
288804428
288882845
288911576
288918497
289014659
289067001
289077769
289111657
289187350
289226140
289275650
289320685
289430965
289627702
289718354
289955047
289996292
290393882
291027794
291082880
291098501
291143104
291379935
291529098
291655298
291684236
291693422
291713439
292023382
292313232
292344125
292383641
292396979
292717966
292751021
292780229
292985272
293088957
293097976
293548867
293971724
293988352
294012209
294069643
294087550
294243474
294296069
294383089
294529841
294550959
294706292
294927558
294985676
295032928
295227689
295246829
295345584
295454193
295580505
295788288
296149976
296242194
296435209
296487714
296531942
296604801
296612157
296894786
296912566
297250858
297433616
297506508
297759066
297811335
297833298
297878701
297958030
297976647
298025973
298171503
298192574
298247405
298249686
298376552
298496279
298934468
298937905
299135087
299354747
299407191
299642980
299693330
299738932
299773318
299952926
300001722
300040202
300302278
300471964
300644192
300724918
300813503
300895772
301004805
301023653
301075117
301637358
302056792
302073069
302102233
302114716
302291054
302468165
302605655
302675714
302687420
302749364
303001231
303012466
303060326
303087327
303191948
303208560
303211211
303305697
303401806
303471885
303489423
303535922
303605116
303668901
303681814
303788595
303851103
303940986
303978542
304055866
304062876
304269471
304633637
305197588
305290244
305346170
305552764
305588966
305606939
305677453
305795730
305821715
305835215
305944488
305949633
306031459
306057985
306340071
306406379
306482298
306572730
306703595
306988321
307100193
307108266
307145295
307199203
307220523
307266328
307306726
307404241
307430394
307539711
307727959
307759233
307791535
307806394
307890652
307899367
307913692
307966889
307971436
308086076
308176607
308224493
308336945
308399979
308400608
308405352
308517377
308552809
308606120
308678741
308678797
308705110
308759308
308938987
309012579
309096825
309276971
309317447
309453826
309463157
309504942
309530216
309588249
309711234
310122105
310125886
310384031
310420262
310633516
310688848
310783247
310980541
311264158
311299312
311391774
311634958
311677086
311764206
311863554
312069653
312330921
312413513
312574894
312685711
312760277
312961138
313130961
313141571
313152103
313338873
313482163
313516001
313576955
313999723
314014175
314028545
314134255
314180912
314268753
314462903
314468628
314478513
314610721
314861966
315096414
315140052
315150547
315236764
315256775
315502751
315869636
316019525
316280491
316516167
316559860
316570268
316835343
317042347
317186491
317193109
317240292
317402030
317440421
317646327
317691810
317713405
317804541
318032466
318137703
318304727
318345793
318389248
318511652
318514780
318546635
318547239
318634387
318698386
318745358
318795451
318832215
319221627
319226245
319384189
319560980
319629128
319643844
319671004
319730850
319832244
320032953
320141379
320194873
320448483
320465288
320470805
320590893
320730461
320736730
320814820
321010124
321346660
321460294
321464228
321476324
321628185
321781161
321803643
321907460
321923748
322002387
322098324
322246760
322338846
322419593
322520119
322520204
322531573
322744735
322850958
322901588
322932240
322966852
323025797
323320874
323442749
323494662
323507578
323599726
323653689
323772925
323831810
324807174
324943360
325243891
325342165
325351788
325385666
325432196
325546481
325618571
325773281
325810798
325940203
326018713
326387980
326551593
326557541
326683318
326760188
326854921
326885467
326960906
327072822
327097705
327302544
327342195
327421729
327430684
327497950
327664805
327720186
327833701
327957511
328108344
328181235
328206935
328237284
328360559
328450063
328485462
328585356
328712204
328854800
328923253
328962590
329575989
329788150
329819373
329894950
329917886
330259073
330341148
330392638
330415232
330479835
330541610
330586913
330799435
330913254
331051950
331187117
331188511
331255343
331357630
331503033
331760379
331962040
332450714
332472064
332481148
332507207
332576225
332733820
332777651
332936303
333052108
333108130
333189351
333330897
333339740
333448130
333554736
333579280
333593492
333821422
333910854
334082682
334123830
334134365
334146076
334283485
334346413
334376870
334463067
334488099
334500519
334659241
334672363
334684407
334809900
335202398
335550015
335778964
335952703
335964098
336069476
336087790
336256051
336574264
336634047
336636036
336646000
336725726
336774974
336883732
336984835
337086878
337100971
337109780
337292006
337375714
337383083
337390186
337421794
337470233
337524248
337533590
337700492
338046029
338054061
338106749
338229286
338416332
338421368
338450537
338540605
338675651
338715765
338995143
339018754
339306004
339375246
339662296
339746634
339751442
339769863
339898143
340012020
340250145
340323823
340521515
341031983
341119717
341126717
341177895
341285637
341311882
341323962
341379281
341433624
341712596
341738497
342008101
342037632
342236150
342283707
342342940
342375312
342528532
342584987
342646968
342848264
342960910
342988011
343029352
343060164
343183551
343471010
343492500
343595285
344026161
344192350
344199368
344271770
344278732
344574075
344575839
344734212
344746201
344989077
345048914
345113588
345352092
345361632
345513236
345672402
345717446
345768790
345775667
345783387
345995076
346057516
346104086
346124223
346484999
346612972
346619013
346651619
346724793
346751963
346790563
346843801
347070082
347176736
347308136
347391176
347396226
347419415
347518046
347707317
347831896
347880351
347981711
348047341
348074005
348100074
348151966
348216968
348232610
348570337
348948922
349457319
349650818
349958355
350911121
350933112
350934952
351021620
351079412
351126748
351195103
351211626
351220920
351267234
351320762
351507470
351608844
351995643
352002127
352003946
352043002
352172557
352183753
352196413
352213601
352779376
352976664
353603976
353623150
353727294
353844706
353924143
354008146
354369979
354373841
354392737
354490786
354760390
354869856
355016300
355046623
355280318
355283712
355368685
355383418
355434770
355442436
355780343
355805007
355863629
355887697
355985298
356065671
356137691
356298922
356309932
356517940
356683178
356698818
356701976
356751380
356786308
356867154
356892501
356942109
357030057
357142680
357153952
357191037
357205739
357333842
357383066
357403294
357407714
357502977
357728714
357760243
357769727
357804164
357887324
357982124
358065143
358169258
358237418
358325226
358588897
358600023
358687558
358696446
358709827
358913400
359038979
359112099
359139069
359144567
359214654
359274005
359281652
359340194
359493876
359776776
359804798
359824438
360034332
360097168
360375027
360524350
360658650
360918260
361117335
361178570
361260713
361307669
361404633
361440002
361523357
361720321
361943087
362109292
362143320
362344556
362418022
362418697
362452882
362512933
362605981
362919330
363010948
363022214
363044892
363220957
363311861
363347731
363369801
363462248
363534649
363618167
363939226
364060915
364068025
364238527
364322704
364464184
364491081
364553630
364596425
364774927
364920398
365069589
365085993
365117594
365303076
365495163
365517714
365583585
365686761
365804270
365856344
365915376
366012128
366030532
366165532
366231200
366259599
366264650
366303394
366580985
366898576
366984389
367024739
367072180
367164742
367186829
367362357
367410121
367453118
367527935
367698085
367739283
367988335
368143112
368186339
368245040
368318310
368391833
368441630
368684273
368690210
368774943
368902409
368988539
369018191
369250470
369509944
369577891
369718641
369764122
369882437
370117825
370179716
370220018
370396451
370500546
370523079
370574329
370584505
370605565
370648576
371157680
371296774
371328847
371336648
371396721
371403873
371730469
371845589
371856097
372045872
372120184
372220636
372328343
372407963
372423807
372705410
372724018
373109389
373135821
373170872
373341249
373341785
373356848
373517961
373518637
373530716
373574753
373616200
373815386
373951928
374033399
374364387
374414475
374446574
374770211
374914462
374914735
374923053
375063295
375081816
375173854
375308258
375537206
375607466
376162995
376486778
376490472
376546869
376561574
376770583
376902892
376934843
377025684
377073435
377242478
377319683
377348148
377448728
377582299
377597314
377622753
377643082
378070107
378078605
378083139
378276001
378348449
378462224
378480708
378513213
378616389
378702984
378709459
378811649
378887654
379016756
379387391
379425874
379451453
379645699
379702014
379964446
380052518
380066993
380124093
380342309
380398281
380453076
380527149
380544806
380552340
380589827
380605697
381052483
381070432
381078565
381206676
381291265
381490992
381539715
381644240
381678162
381716326
381791291
381796866
381888209
381890174
382062306
382474068
382564279
382574994
382758678
382851622
382862436
382966530
383158706
383227097
383269153
383444248
383565203
383713196
383893022
383936497
383958642
384274851
384356268
384601819
384632885
384748859
384822161
384871168
384938021
384983738
385027421
385202492
385346181
385370568
385514640
385569453
385581850
385616532
385675529
386143811
386168957
386175792
386195011
386262879
386329603
386374234
386605580
386645489
386729486
386934344
387080767
387141696
387195237
387222018
387507097
387551200
387556467
387823083
387964490
388049821
388087740
388125535
388148013
388328136
388335516
388377946
388471404
388554510
388592425
388790117
388794581
389098054
389102266
389172195
389172926
389266690
389530836
389690913
389712624
389766053
389766115
389950601
390226049
390227657
390384164
390399499
390618572
390657572
390874673
391125253
391267269
391336274
391423583
391543201
391551161
391577174
391613479
391630446
391655327
391770213
391929903
391933135
392248771
392361382
392432389
392539687
392642822
392666907
392799744
393279938
393310854
393575752
393728591
393852771
394053693
394070115
394098152
394142035
394264691
394299090
394383909
394625092
394711110
394876781
395032233
395643533
395787922
395999463
396013558
396135192
396266631
396326559
396565861
396680221
396725086
396944417
397235276
397287934
397321273
397404534
397416965
397529539
397743363
397766973
397834993
397923532
398377888
398717807
398885297
398934366
398952060
398954894
399011355
399028446
399108287
399341454
399381427
399391513
399715933
399736104
399824274
399862927
399939424
400215092
400220738
400329807
400402005
400535838
400645103
400661048
400753062
400758987
400827437
400850757
400943958
401099422
401383873
401469200
401528833
401537277
401638481
401675053
401716981
401759550
401784721
401789050
402060707
402067338
402206309
402295259
402301179
402424379
402456606
402478832
402748086
402805379
403086527
403159359
403203097
403253915
403360392
403545470
403750471
404047322
404216440
404437259
404486131
404528182
404548773
404569164
404611799
404757448
404832918
404879948
404940917
405046906
405055318
405058023
405166715
405259910
405395706
405405040
405447764
405502479
405546418
405551639
405584235
405616839
405888061
405921639
405956584
405989459
405995913
406166109
406168802
406267501
406314451
407543663
407579173
407601080
407755134
407773028
407943943
408039722
408154684
408269536
408277264
408422050
408617793
408687491
408793145
408987319
409092870
409351427
409410687
409418807
409458181
409491983
409631256
409843365
409881749
409963371
410108426
410506469
411017504
411108436
411138632
411142729
411239762
411357212
411627172
411768376
411885978
411955315
411973835
412042964
412155468
412938259
412946319
413030126
413041711
413080194
413532463
413653378
413746538
413858290
413935181
414152467
414226757
414256496
414281315
414492325
414561378
414623072
414676344
414758577
414955586
415167203
415289973
415513429
415588078
415617123
415799444
415821588
415836054
415934256
416057285
416141660
416214524
416384054
416413150
416420693
416703485
416829212
416853285
416896825
416902143
417024445
417068981
417072422
417266672
417276487
417377371
417378840
417512899
417651646
417666582
417774817
417964152
418382217
418571754
418572352
418680272
418873758
419160088
419427507
419495269
419604182
419667968
419681391
419761109
419761197
419829644
419841778
420316005
420922373
420943896
420991126
421027906
421095092
421176980
421352130
421362527
421567077
421622443
421644407
421686949
421698910
421734292
421860304
421861654
421875381
421983122
422400746
422433502
422521686
422533439
422629238
422640743
422774442
422968244
423085366
423248385
423420499
423618127
423769222
423782971
423828399
423829831
423853860
424039975
424059795
424098306
424422051
424445306
424556176
424612660
424776928
425122991
425151609
425167603
425270531
425397954
425415240
425445647
425495078
425744286
425827954
425852582
425897632
426005208
426005212
426024741
426296519
426297864
426429044
426604987
426756223
426878087
427109649
427119342
427587966
427599784
427610093
427611654
427740333
427863268
427932780
427984731
428023490
428368075
428656645
428816234
428947178
429050968
429097297
429117515
429501945
429582542
429833934
429951271
429970420
430174255
430332468
430559963
430729570
430742285
430771070
430853608
431040126
431182475
431192341
431243121
431518407
431673449
431692761
431712905
431728233
431738241
431790618
431794387
431937838
431977712
431993812
431997544
432106293
432355290
432481690
432930733
433055505
433252641
433340586
433470341
433821755
433927023
433983694
434057294
434106146
434156342
434205682
434303712
434346991
434384495
434445295
434463610
434683358
434710676
434730267
434748042
434904177
434913791
435011687
435250788
435310080
435643938
435784638
435794772
435899675
436110458
436580922
436736305
437065208
437079543
437166216
437197342
437310316
437435064
437450064
437594030
437688076
437706655
437771687
437777687
437851621
437859532
438016371
438097043
438237945
438538046
438546121
438586757
438623799
438702464
438705677
438706905
438865563
439134450
439148477
439168025
439236402
439247022
439268760
439699097
439719519
439882112
439973065
440020617
440025310
440230068
440325305
440462299
440809819
441222243
441288684
441354150
441560618
441632459
441665728
441677483
441716986
441818857
441904824
441985002
442025494
442062088
442090983
442161128
442513845
442520367
442564267
442568157
442638648
442769467
442842401
442915084
442972738
443004504
443252957
443290440
443319459
443452792
443563603
443704199
443746023
443809069
443991408
444077375
444284031
444413515
444485888
444507140
444569133
444686234
444848236
444942803
445063389
445155234
445164456
445466443
445492319
445616321
445624073
445930643
446029502
446098610
446128335
446564258
446794112
446804022
446891454
446954730
447233779
447600961
447801273
447808228
447828954
447993374
448210054
448263915
448264733
448397222
448883908
448984286
448991265
449014669
449043177
449113882
449180509
449314895
449428066
449441589
449501165
449652749
449842112
450042013
450882680
451128245
451436723
451548116
451729711
451738232
451799347
451943439
452255218
452439615
452700233
452739669
452837833
452845314
453013711
453039169
453065129
453080972
453314651
453668104
453950341
453953867
454466713
455149192
455218672
455421650
455426889
455501088
455562011
455568271
455572255
455662756
455899492
455917966
456247164
456446584
456549156
456630448
456689058
456713807
456749759
456781241
457095433
457188582
457286747
457336294
457373747
457577772
457597221
457605540
457608586
457769567
457773215
457857958
457995490
458288058
458297280
458340172
458379855
458459513
458462838
458686745
459019096
459058947
459067400
459089640
459110900
459133557
459360134
459380498
459467614
459589575
459641792
459986639
460058930
460168441
460573934
460605455
460768965
460825535
461119231
461232436
461256579
461599002
461684601
461702901
461876973
462020799
462029332
462299614
462315108
462333558
462393292
462488129
462521371
462544743
462717579
462741146
462752180
462836645
463011312
463051005
463171549
463362829
463923165
464142254
464143314
464260250
464288131
464439170
464441006
464602196
464769582
464876234
464966274
465093980
465186156
465211867
465382706
465424561
465518016
465693325
466140096
466325766
466457455
466572548
466634492
466715271
466746472
466830778
466927687
467100420
467142669
467159463
467243584
467441432
467456523
467502238
467552610
467559344
467624429
467717175
467781027
467809517
467952923
468024988
468164357
468237600
468251107
468267594
468603281
468643798
468741058
468805511
469043570
469084336
469177818
469364871
469399856
469500498
469573596
469632470
469706594
469767810
469795972
469834981
470055287
470107066
470231353
470290228
470302828
470601261
470612318
470700161
470701721
470807989
470831420
470847088
470929763
471073893
471155086
471253275
471425329
471449349
471492375
471559279
471707614
471747673
471815045
472126349
472193150
472563248
472752358
472870066
472907611
472935878
472955949
473004520
473259937
473268824
473287717
473580684
473585049
473683892
473730415
473806650
473852076
473863667
473888244
473969973
474017288
474195529
474380481
474407366
474437690
474440765
474494240
474496117
474506742
474610890
474667582
474728884
474767510
474804059
474843766
474889863
475288051
475529111
475548145
475574984
475599043
475695241
475722108
475864013
476227024
476302537
476381452
476464762
476752537
476867090
476937946
477105296
477143122
477284357
477385122
477478263
477484622
477552487
477597219
477938994
478305115
478363239
478750731
478779652
479056109
479208182
479367584
479487289
479625307
479667576
479685385
479697606
479744421
479752659
479972475
479973754
480051261
480063577
480164535
480422569
480482878
480564229
480603822
480613903
480637696
480643692
480644974
480759938
480779199
480872777
481004270
481230995
481351737
481482854
481518174
481536351
481545681
481563288
481910044
481948987
481970984
481971664
481973507
482099477
482103566
482127168
482143724
482231863
482376956
482432374
482521885
482645400
482655289
482671260
482720698
482814585
482885460
482925592
482974184
483182915
483217485
483259459
483619236
483698309
483894859
484007955
484055897
484143184
484145652
484214470
484328131
484384196
484441937
484465958
484500440
484722067
484733915
484778300
484780910
484808478
484837164
484963973
485098518
485218372
485223697
485384702
485559687
485693731
485781154
485970358
486064006
486314723
486338130
486342794
486410965
486502655
486617414
486736104
486825133
487090380
487259055
487344842
487428019
487430435
487555278
487610736
487729110
487739067
487745179
487904491
488106553
488139040
488250064
488255020
488296577
488313801
488512100
488581960
488626169
488647964
488675275
488803050
488947411
489021757
489099873
489160729
489517365
489526271
489780249
489947576
490008441
490026452
490026649
490076413
490218716
490279695
490474529
490531071
490620112
490705399
490761343
490864064
491171921
491509268
491612598
491686808
491715658
491847843
491950351
491971127
492423543
492574172
492628550
492715444
492930276
493044121
493073162
493162046
493214937
493521638
493532660
493608883
493653580
493666640
493979116
494026619
494147515
494250706
494290709
494320664
494529562
494651149
494874708
494937300
495087843
495110834
495274033
495589912
495639610
495651442
495798262
495806703
495851067
495854034
495917927
495932371
496058315
496177222
496216152
496275757
496321663
496344646
496374590
496428548
496460278
496476447
496531709
496537149
496543838
497229810
497349029
497523700
497551908
497579266
497591858
497605776
497722343
497809334
497851883
497859433
497925089
497998612
498088922
498148762
498308122
498449874
498731450
498735723
498750173
498847009
498986291
499026994
499098992
499152881
499300375
499550256
499770912
499861124
499925221
500015981
500107781
500111285
500243047
500289415
500545645
500581394
500590963
500691512
500724032
500744203
500904994
500974895
501069712
501345260
501354390
501413080
501475999
501531918
501570017
501602504
501645506
501750498
501854357
502181176
502192898
502246344
502246985
502395384
502490533
502503987
502800234
502803991
502867151
502885313
503099220
503131609
503225665
503295919
503338658
503444725
503506163
503599313
503643203
503644545
503852826
503996043
504125796
504176792
504269230
504360581
504838326
505117639
505181571
505195001
505204537
505334608
505365787
505430695
505803364
505837884
505883856
505990514
506119031
506199579
506246963
506615721
506689540
506827873
507138759
507367679
507615320
507615659
507753618
507778757
507934420
507973615
508060174
508320523
508327293
508334751
508357722
508511772
508524500
508659811
508683965
508870391
509072795
509098546
509130771
509144860
509145119
509173708
509290652
509511677
509532634
509696167
509744896
509789889
509855539
509976616
510167918
510210380
510255965
510466165
510546897
510615012
510617496
510654116
510730061
510774062
510792394
511107637
511163700
511331464
511569925
511617823
511697650
511761776
511894575
511933144
512098393
512100943
512224455
512371835
512387301
512408215
512840659
513092947
513125308
513274670
513303873
513382576
513442318
513459836
513667266
513728627
513763556
513899016
513919324
513979274
514040969
514065516
514104120
514666725
514714682
514727013
514870604
515120537
515172079
515219241
515239942
515337417
515374217
515505756
515660855
515772847
515854140
515910157
515934218
516410566
516444149
516479959
516604321
516882353
517003472
517100207
517170452
517192395
517340748
517413039
517577570
517646629
517652030
517891617
517979563
518157416
518174110
518449171
518452572
518611706
518863657
518940178
519018039
519195926
519196530
519226351
519366254
519374837
519477994
519602378
519628098
519739457
519824075
520122544
520373150
520813878
520885132
520890471
520942726
521030115
521113854
521142734
521535965
521610424
521701636
521799972
522075026
522139951
522149025
522423237
522519329
522603253
522730043
522734787
522804143
522859237
522915333
522975337
523088118
523146430
523337844
523408403
523502851
523587192
523591958
523617132
523784583
523792032
524169143
524178507
524299757
524442240
524583564
524744515
525026132
525125987
525139823
525176175
525179811
525192451
525229769
525278170
525321588
525351799
525449019
525498023
525565143
525786800
525929062
525957248
525960747
526154388
526189519
526243278
526270136
526326242
526438888
526451601
526488215
526488423
526800869
526880507
526926095
526994922
527098306
527099595
527221507
527286422
527348089
527379112
527460428
527555941
527704790
527795656
528019903
528112176
528166578
528228448
528325362
528403469
528511338
528540043
528547725
528791543
528822619
528879730
528879912
528913767
529060689
529102792
529151344
529303142
529528467
529652969
529660660
529858539
530170640
530198507
530313574
530604141
530907311
530915315
530939440
530982785
531184563
531263897
531443310
531552072
531615974
531683529
531974465
531994282
532037468
532210974
532345072
532387425
532407904
532514999
532570763
532590576
532627801
532664568
532713390
532916322
533068209
533238091
533409672
533448489
533459395
533520430
533573481
533601872
533673511
533763511
533856242
533863506
533875010
533957243
534058299
534187721
534216087
534363529
534363710
534450636
534551515
534553544
534581746
534853376
534994927
534999475
535119609
535239444
535436855
535559046
535717845
536075939
536213034
536261772
536261848
536269547
536356731
536504450
536843738
536866000
536900980
536906257
536984842
537101520
537104249
537147631
537302797
537337560
537425342
537446966
537480608
537647660
537868028
537873550
538006590
538054430
538113074
538127552
538502465
538599192
538608534
538697842
538712427
538821696
538858638
538916846
538975940
539042500
539259442
539401829
539402191
539430446
539600356
539633526
539636996
539798122
539851856
539876446
539941817
539964168
540353193
540386762
540411028
540492964
540556407
540569359
540584418
540636595
540756136
540784680
540933495
540944639
540991097
541056310
541244918
541256246
541280276
541330848
541367273
541514392
541683993
542043980
542218147
542243504
542628009
542761570
542974618
543002217
543021330
543039785
543173375
543198889
543219231
543225718
543257560
543283851
543563193
543579702
543589807
543673417
543717005
543737466
543891876
543936432
544027388
544144703
544391985
544448566
544897554
544939450
544942581
545182739
545300133
545579382
545594982
546087171
546261105
546274460
546436684
546478156
546615468
546792232
546906123
546923637
546992151
547028341
547076367
547105031
547155965
547216670
547257176
547351544
547469388
547473453
547501550
547596889
547663974
547684491
547737439
547809383
547879019
547915425
548025722
548078871
548204733
548359841
548456934
548475717
548614078
548636137
548647525
548856000
548865764
549155455
549239627
549404549
549479476
549595998
549656496
549667433
549831023
549897828
549997430
550260178
550373934
550674716
550681686
550737898
551096051
551563341
551756354
551776848
551876893
552047519
552170197
552216922
552359293
552362702
552440457
552445526
552838905
552963207
552997774
553306305
553315389
553696566
553902745
553990468
554130858
554170880
554185269
554283107
554295862
554435611
554447370
554457952
554637317
554646591
554648952
554668609
554728749
554806886
554891317
554992679
555006198
555102349
555318143
555601858
555734411
555840463
555852964
555884759
556057238
556122695
556163939
556270392
556441120
556467792
556661446
556672039
556840890
556885670
556932573
557049394
557348122
557497052
557568238
557640835
557692919
557984793
558130536
558136695
558293489
558360723
558489088
558571666
558838790
558957799
559087011
559101071
559125136
559141393
559304010
559564315
559580589
559902837
560258348
560497944
560537393
560810116
560828636
560911268
561282323
561475161
561477691
561615713
561641038
561674203
561691137
561713830
561812237
561973257
562173173
562309152
562396191
562436402
562571873
562628071
562849668
562929479
562940430
563020154
563088692
563165384
563302318
563305091
563540842
563700714
563705065
563869754
564014441
564025985
564087246
564138242
564309654
564313114
564342083
564359836
564506403
564981648
565360772
565364579
565434613
565618820
565803732
566300935
566334487
566351992
566475172
566629808
566669259
566836769
566905346
566979487
567010019
567222786
567333757
567497169
567507120
567524827
567542799
567575834
567623995
567655441
567721932
567782724
567808551
567828374
567906347
568158776
568202337
568371940
568452613
568540276
568656357
568662180
568709419
568885812
569185733
569384989
569815062
569833566
569978560
570039950
570085905
570287105
570394101
570407523
570491881
570651646
570742995
571052016
571254967
571277955
571340825
571438294
571444486
571581740
571706696
571803700
571822914
571922351
571940975
571971529
572075971
572416562
572521485
572612144
572659933
572752405
572864456
572928473
573001557
573066973
573231024
573357578
573771398
573790331
573856491
573960177
573983800
574005212
574158870
574201077
574214694
574329268
574434011
574484918
574491906
574528401
574597552
574627048
574848345
574876764
574917249
574977918
575161917
575180308
575220625
575304894
575463097
575485826
575499399
575632487
575648442
575676071
575721450
575760073
575846344
576009453
576314085
576418797
576426762
576512364
576725001
576782340
576842497
576988362
577006676
577027017
577037733
577066556
577179580
577180813
577255453
577763149
577800633
578208295
578338360
578398841
578422639
578496254
578850680
578882183
579240822
579455358
579870913
579970084
579982600
580052263
580074326
580160595
580160996
580497123
580669963
580784769
580906528
581011489
581175334
581707180
581719247
581819042
581845601
581873382
582111595
582157050
582159881
582240865
582449339
582609814
582767044
582786504
582927505
582964931
582965335
582993879
583350741
583476790
583483761
583545872
583656268
583662760
583821346
583919761
584037601
584110235
584317766
584479137
584659084
584766557
584835319
584946457
585401588
585417272
585505811
585710029
585725740
585869407
585922140
586130508
586187108
586238039
586569209
586632888
586697668
586714951
586821926
586826789
587092216
587296329
587299552
587429257
587440648
587508319
587539700
587647148
588152934
588189604
588254563
588485068
588644866
588759981
588824397
588870517
588885792
588910162
589088001
589115727
589207722
589425756
589551742
589576911
589607699
589849985
589893909
589979197
590063317
590080990
590196108
590406120
590468738
590498453
590648645
590706845
590768287
590768430
590900523
591037094
591102613
591167419
591190070
591344033
591423445
591474218
591513743
591521499
591547387
591704282
591874520
591928113
591928968
592071168
592123495
592178841
592235201
592305348
592327595
592572256
592603648
592644146
592722830
592821035
593075962
593083030
593167973
593361897
593482492
593483863
593661131
593809007
593997516
594152748
594256761
594356977
594622127
594720922
594728905
594976395
594978480
595034821
595082028
595215356
595227185
595312068
595318411
595320091
595337265
595398528
595408213
595522320
595680123
595693222
595988935
595991302
596173651
596345300
596480369
596490365
596646100
596827601
596980325
597096660
597215921
597244771
597475528
597551218
597677902
597921808
598105917
598168514
598320944
598459007
598639377
598766343
598898061
599003164
599063983
599077290
599078594
599242767
599376428
599687534
599710535
599775385
599831705
599847265
599991441
600118574
600300669
600424892
600453105
600577814
600659149
600660063
600955278
601008238
601076502
601368805
602157152
602269580
602283121
602344495
602723678
602814515
602861499
602907026
602985337
603021490
603055643
603119656
603125605
603236447
603334669
603419201
603649351
603749163
603752395
603997350
604044563
604226735
604380196
604437662
604645681
604646900
604649087
604912226
605236869
605375562
605406038
605486817
605750602
605873382
605880622
605949742
605997675
606028538
606535318
606563483
606621758
606819219
606897565
606911379
607169550
607204623
607216828
607345810
607388405
607471523
607684374
607750428
607858257
607874919
607883782
608073399
608115275
608246333
608301581
608354417
608412500
608498081
608700999
608787183
609157738
609232845
609400152
609479489
609494448
609561881
609563073
609593066
609604896
609649916
609671765
609690163
609696881
609759455
609827776
609902986
609967590
610102212
610549557
610576432
610612121
610634575
610859277
610873326
610926196
610943172
610967828
610994089
611011150
611036878
611233133
611354755
611432833
611502901
611627362
611842951
611888956
611961304
612147123
612426242
612636509
612655698
612736543
613032728
613295906
613368169
613831538
613905458
613937290
614388643
614497652
614777341
614935950
615084373
615306324
615322657
615328271
615329549
615372739
615377543
615420241
615598801
615682796
615725433
616035865
616181629
616207607
616210390
616329918
616428765
616450958
616527635
616578986
616716785
616739714
616788427
616914912
617079069
617090341
617090623
617283046
617416203
617665067
617678482
617712858
617909860
618427494
618513399
618622975
618772253
619017029
619037801
619046053
619200657
619276021
619357721
619420210
619424246
619446611
619446685
619476624
619480268
619516407
619566005
619579752
619585062
619702722
619782488
619957746
619981420
620067503
620079988
620192090
620476254
620488211
620545305
620556244
620736142
621024046
621171724
621287502
621297657
621494282
621526663
621647720
621691953
621940795
621962446
621965516
621985049
622139739
622272165
622307931
622399791
622445303
622453605
622620984
622683489
622792577
622836564
622914462
623294009
623476597
623756780
623794538
623843814
624087876
624182178
624186822
624218941
624250697
624367670
624446924
624460693
624567059
624778208
625312541
625380380
625499440
625503832
625556988
625567157
625582032
625671006
625793282
625934158
626013194
626108800
626294383
626555733
626761598
626824945
626974505
627006479
627014212
627025926
627094250
627103027
627251155
627291014
627308756
627314768
627434728
627483773
627641925
627646123
627728132
627816799
628108199
628249890
628350269
628357524
628401642
628543379
628663618
628698333
628749911
628883614
628902236
628950854
629080788
629091279
629128798
629150078
629931915
630018354
630337579
630427541
630457066
630496642
630685374
630903790
631078160
631283352
631302842
631322512
631332437
631466899
631499481
631557138
631889544
631939069
632075019
632217633
632249001
632390731
632491462
632768171
632778867
633064311
633276798
633512909
633598453
633649092
633656534
633683138
633847041
634001584
634132006
634185359
634448251
634472581
634632035
634747678
634767992
634839793
634915688
634922449
635065667
635099033
635100844
635363590
635533902
635734513
635938412
636140744
636173846
636198897
636284758
636299320
636358118
636369602
636509269
636608620
636656581
636664525
636979251
637267377
637430558
637552478
637783046
637927190
638087905
638178325
638207914
638397970
638527999
638773266
638994292
639434015
639436690
639515850
639679196
639709955
639791902
639835802
639860292
639941998
639954102
640075399
640122191
640254431
640590406
640624602
640649947
640907200
641092520
641300672
641350398
641440731
641443082
641480460
641546788
641742874
641874658
641892569
641903012
641958551
641984237
642582127
642649650
642863513
642935890
642970906
643056216
643161476
643207812
643227852
643449977
643512117
643553094
643710048
644001216
644141086
644333243
644462599
644623934
644721534
644848919
645075683
645320650
645377525
645481763
645823317
646078210
646125187
646129815
646154836
646177687
646230469
646280964
646282986
646475814
646564431
646572149
646627790
646862401
646870294
646877785
647121755
647144372
647147091
647197861
647209708
647266555
647337345
647368808
647449422
647500863
647592461
647639756
647651570
647888431
648043387
648043764
648163152
648576920
648617871
648791946
648976223
649058715
649095350
649336367
649355797
649374168
649395985
649473906
649495630
649515482
649541751
649550465
649691481
649743781
650218181
650317693
650690815
650889937
651184416
651215188
651244274
651372544
651405746
651444348
651548281
651614596
651635149
651853338
651890363
651899854
652071084
652230926
652317405
652408220
652523044
652609169
652658082
652665883
652666412
652715709
652769648
652934118
652991272
653483886
653661848
653725771
653776841
653838143
653864043
653876960
653916265
653933594
653977850
653999607
654042332
654272885
654361959
654368316
654464759
654557504
654607952
654808539
654817922
654830161
654944197
654953608
655136942
655173980
655224926
655355857
655373252
655440761
655683476
655763684
656079271
656239354
656261919
656418405
656464655
656590165
656637216
656761953
656981046
657016622
657083114
657255949
657312682
657433732
657480671
657502418
658035950
658125843
658271831
658422209
658435608
658592371
658740423
658980881
659126905
659166443
659169088
659376753
659410349
659434311
659627028
659696208
659733883
659776544
659861311
659941932
660060268
660420936
660500171
660515487
660557948
660655925
660691824
660700750
660729624
660788458
660867473
660999985
661146899
661325153
661439174
661511899
661526736
661552173
661629123
661834699
661998584
662111108
662115116
662264331
662282714
662665968
662678108
663165990
663393564
663415306
663447885
663617389
664048093
664167794
664260777
664343926
664365950
664424282
664512026
664625477
664714073
664723749
664737631
665147298
665330143
665541180
665621516
665826509
666015369
666101958
666108206
666215539
666291182
666325408
666327702
666337060
666460747
666545977
667045651
667133889
667205619
667276234
667277008
667536738
667791590
667823651
668057118
668077691
668165149
668270830
668287268
668288813
668300863
668464331
668678399
668730503
668983065
669179329
669194830
669316869
669339146
669451677
669500174
669710124
669722241
669754579
670109055
670142378
670172663
670432270
670474021
670507145
670532757
670557424
670580948
670606052
670642297
670720557
670805137
670809541
670846555
671008683
671191394
671290291
671716669
671736599
671845038
671890967
671968513
672000318
672027878
672134277
672304446
672478974
672532053
672555239
672843999
673059313
673090886
673261094
673310800
673564169
673601185
673696701
674321418
674484205
674524318
674565161
674568263
674695310
674918880
675300482
675409852
675548929
675637105
675719740
675768444
675887707
675932689
675937053
675939523
675972435
676039106
676184025
676218341
676371520
676409525
676437363
676452513
676539280
676731870
676785094
677190791
677200560
677686859
677715345
677839233
678040096
678222448
678295686
678401797
678513897
678646222
678708744
678894387
678928756
678954871
679081517
679183201
679232661
679315783
679328300
679343692
679346226
679689911
679891827
679965381
679991306
679991737
680038628
680350731
680622535
680887016
680951293
681064258
681146234
681282448
681366921
681407495
681605078
681701158
681716244
681716447
681766515
681811461
681876843
681888457
682159852
682295471
682458980
682716761
682744519
682776074
682776693
682829441
682833951
682909094
683082284
683171191
683233029
683251554
683319493
683337214
683522083
683717852
683798418
683983087
684019144
684075526
684162490
684166806
684386579
684432521
684449661
684554589
684718462
684723206
684812428
685126138
685146666
685690290
685783100
685874285
686189550
686375325
686483197
686720246
686787135
686811065
686876920
686894656
687080111
687088966
687167301
687255609
687438612
687465690
687643395
687772385
687841544
687843037
687884364
687892290
687938129
687995278
688090228
688169794
688465214
688613189
688721511
688829710
689189396
689308105
689371558
689550356
689785882
689894152
690082896
690149509
690255776
690279538
690581287
690703454
691230145
691297398
691309281
691340267
691359503
691477568
691495643
691775972
691806083
691894547
692015621
692273290
692292632
692425143
692644329
692751956
692761437
692991035
692991436
693017383
693166684
693209709
693315326
693549439
693708096
694102721
694281072
694449483
694700364
694935392
694947479
694977277
694987874
695204591
695299654
695443986
695477089
695480790
695492946
695493451
695711925
695728099
695847079
695947184
696082759
696171252
696380388
696510185
696746568
696818962
696956551
697251291
697441203
697693597
697753187
697919244
698055727
698293128
698493832
698506339
698840705
698976195
699081101
699097315
699143493
699203403
699385200
699459258
699518251
699535745
699647523
699689991
699746469
700062813
700079355
700102809
700226356
700358034
700382855
700542204
700672216
700724194
700793499
701011494
701376268
701754117
701921494
701952603
701986720
702281984
702583232
702764423
703134992
703209069
703244741
703251191
703312238
703441623
703484729
703645877
703772332
703831264
703979523
704020314
704038239
704237527
704254625
704697032
704785077
704798765
704966850
704968709
705016674
705104656
705173762
705386366
705411160
705429111
705519590
705775877
705966752
706188430
706260658
706506952
706557316
706723883
707058404
707193978
707270017
707360000
707511017
707714290
707795805
707928603
707936311
708000358
708215098
708323774
708498780
708567534
708647333
708863596
708869857
708971756
709253649
709304616
709335308
709377330
709575243
709695658
709907025
710211730
710373063
710861479
710961485
710995016
711004209
711014268
711113843
711310141
711350073
711411660
711599377
711636981
711640605
711666205
711723675
711876749
711994674
712000854
712006476
712026634
712110027
712136915
712473086
712498880
712546428
712718530
712740301
712836808
713001925
713174773
713181364
713298130
713348893
713368577
713729018
713782122
713961166
713987409
714022235
714040339
714278292
714376662
714502996
714562451
714615154
714762451
714925972
715068717
715116800
715589667
715864707
715915627
715969802
716053161
716176292
716176789
716178645
716312834
716416625
716495679
716517310
716524936
716580208
716606757
716658059
716669404
716823998
717139770
717157005
717187038
717307217
717450573
717507243
717992907
718066922
718149337
718162128
718236031
718335278
718487969
718508318
718789325
718816868
719037308
719196098
719273719
719349127
719431660
719534220
719615651
719852929
719922186
719956192
720083159
720115736
720200462
720377320
720404077
720418017
720738439
720824759
720851857
720945606
721004003
721007580
721153621
721246990
721654201
721693868
721855987
722102366
722147488
722215765
722313619
722383077
722385469
722552278
722622021
722630848
722649580
722668621
722688415
722705212
722905702
723050078
723063137
723089561
723180178
723187217
723215083
723216429
723325874
723620685
723625398
723698278
723819234
723903817
724054141
724193143
724199550
724200262
724335018
724444573
724474483
724504578
724520755
724622253
724799635
724893181
724945905
725034761
725340754
725452656
725483186
725661743
725699613
725713047
725749208
725850476
725935377
726157967
726163622
726172657
726310151
726535044
726593785
726670828
726752880
727017491
727049878
727069744
727213496
727253526
727435375
727465267
727474981
727552880
727776167
727787817
727826092
727829529
727836887
727890670
728059668
728365475
728427767
728545710
728687014
728717044
728752642
728950188
729207786
729686030
729696809
729705294
729760046
729785396
729809906
729831136
730175628
730204303
730283277
730329882
730538853
730613873
730871342
730880949
731150440
731417906
731932501
732042549
732162956
732646955
732697988
732724190
732770165
732842215
732855190
732930504
732955974
733017377
733283975
733305427
733308161
733380654
733553566
733585665
733897423
733968380
734004642
734038274
734050354
734058310
734078204
734093499
734406122
734513427
734615901
734668847
734674831
734680377
734747389
734852739
734953506
735001385
735148777
735272501
736110151
736455134
736480410
736666832
736701884
736725431
736740605
736840671
736932871
736963333
737342457
737366909
737368590
737418059
737476526
737516787
737809995
738016355
738241370
738260961
738341650
738601167
738628167
738644031
738672212
738721149
738851205
739022383
739217291
739244078
739271649
739375930
739505048
739695911
739889315
739911569
740119916
740164715
740179811
740192183
740430253
740454975
740478623
740636275
740686184
740733622
740890026
740909268
740929780
740940045
740944297
741186778
741390963
741417388
741618220
741622845
741688031
741770245
741831765
741831829
742013096
742198416
742279151
742368559
742518554
742667981
742688003
742729524
742786457
742787977
742848581
743194247
743340051
743513911
743637152
743645002
744157406
744273591
744391461
744484956
744490522
744568402
744934861
745017133
745048177
745101305
745118609
745375723
745383844
745539467
745613393
745666898
745688168
745752409
745834210
745899716
746015580
746304125
746541762
746581545
746595244
746620812
746711287
746761430
746902891
747074373
747262310
747279329
747281660
747531949
747830492
747851619
747898102
747916044
747988939
748164537
748321159
748527137
748550941
748674944
748908901
748999506
749074655
749090817
749262683
749414197
749773823
749844237
749939471
750132726
750147535
750248165
750277068
750374979
750474099
750498865
750765200
750850484
750984230
750994654
751157170
751287126
751350737
751601250
751621128
751754511
751922966
752036727
752117367
752217022
752317386
752388416
752401968
752438986
752621622
752623211
752635915
752661089
752709811
752964722
753022280
753116901
753300243
753309237
753643715
753796359
753844456
753897560
753971842
754048786
754084390
754390920
754415428
754509915
754511028
754576632
754604816
754931313
755007205
755031852
755156005
755217960
755377374
755404546
755425386
755463495
755470325
755508182
755691325
755781400
755810999
755997855
756021765
756096313
756332096
756443487
756457655
756613849
756847349
756861339
756884728
756997762
757498914
757513578
757541725
757558321
757647674
757761389
757876571
757920352
757984680
758018465
758071483
758108072
758128508
758200486
758221135
758318379
758519826
758535456
758828522
758884412
759254474
759360287
759577235
759603590
759653865
759659679
759909682
760046997
760233601
760237734
760245511
760250849
760269363
760284479
760364344
760396116
760584515
760973622
761105257
761145596
761227551
761235558
761375882
761464711
761489303
761655993
761782405
761795946
761875918
761892516
761894033
761929399
761976206
762063073
762269891
762577664
762634772
762646154
762751370
762753694
762824047
762885187
762975559
763110751
763150031
763176763
763336472
763342219
763801100
763892854
764022331
764046901
764092517
764123807
764565383
764638266
764678825
764798278
764831422
764893341
765429370
765488727
765554822
765567925
765576853
765721787
765807392
765985803
766183827
766327093
766399455
766534289
766656470
766750143
766808799
766811288
767345912
767376708
767459064
767585149
767828037
767862564
767884841
768116014
768185911
768214825
768220588
768714654
769273071
769431405
769506867
769530488
769670156
769724195
769869971
769870198
769889957
769961367
770091413
770113138
770222688
770231114
770368509
770492288
770686924
770732579
770751109
770781462
770991936
771017104
771208195
771645222
771655883
771802384
771826133
771884191
771920570
771997240
772011154
772059403
772182135
772297423
772548432
772661352
772854742
773003394
773017339
773082435
773180951
773340675
773411941
773556290
773756137
773801505
773886805
773964350
773970763
774119855
774467183
774943763
774994248
775140265
775305412
775317308
775388581
775538821
775549907
775582002
775656273
775683485
775781849
775850880
776013674
776111575
776144185
776255852
776274671
776305906
776397212
776400686
776463942
776488772
776542492
776626164
776900060
776954220
776972111
777073583
777228817
777256877
777313910
777315494
777383153
777537028
777579502
777793297
777963685
778016512
778105357
778131271
778439140
778894129
779148360
779332807
779462543
779525439
779575567
779779676
779826682
779950177
780000029
780057729
780210089
780217913
780238432
780453355
780463403
780529550
780783120
780924809
780998602
781078059
781208842
781271048
781488458
781728053
781756896
781931606
782027070
782108148
782216337
782220602
782237824
782308274
782327863
782386600
782574928
782800233
782833403
782976073
783127094
783391635
783419028
783517300
783938355
784109952
784152627
784169705
784239033
784595796
785001055
785007961
785036132
785162374
785370927
785395777
785492655
785503747
785512999
785577173
785635435
785885712
785959387
785973624
786086433
786132536
786210920
786387280
786514886
786685497
786929544
787031612
787129624
787641942
787662218
787687893
787691155
787691231
787714488
787759716
787835859
787927743
788007160
788031996
788073639
788085196
788164986
788422548
788436636
788675071
788820321
788906278
789015730
789121947
789200044
789455419
789681178
789686324
789751805
789815650
789951443
790012086
790115115
790215144
790434728
790602633
790848305
790876315
790880717
791089584
791141458
791216923
791401560
791408729
791480091
791643173
791849994
792052413
792342064
792395225
792512628
792593682
792622710
792673778
792864694
792878846
792908712
793030877
793278210
793429790
793454804
793550079
793631350
793719005
793809314
794029884
794214259
794396404
794535400
794693565
794711568
794773910
794776803
794945017
795031469
795276020
795492990
795544665
795578595
795600970
795716446
795731465
795940751
796042051
796066004
796216759
796239283
796426762
796527131
796590617
796599239
796841924
796842195
797089498
797115871
797324894
797432805
797531204
797770170
797848951
797911574
797993428
798070965
798126190
798222858
798358675
798378139
798432062
798500558
798603617
798736789
798773954
798959920
799131885
799172514
799243842
799276201
799334209
799401395
799621617
799637711
799941188
799970642
800078079
800085870
800157048
800366276
800406579
800514983
800537299
800549781
800632806
800752591
800890168
800905640
801015463
801058430
801071258
801095712
801106321
801137049
801299137
801322406
801488556
802078407
802087000
802095480
802150948
802354781
802439617
802644255
802696026
802730290
803101453
803116424
803282909
803320845
803457865
803613468
803663675
803898831
803954675
804034814
804104763
804159544
804373173
804631790
804730452
804756635
804849352
804883485
804985262
805079771
805093043
805220350
805226867
805427837
805574338
805700508
805789701
805855913
805909670
805936185
806044842
806142652
806245574
806402380
806644179
806903386
807152783
807213360
807245398
807271901
807368018
807436218
807623524
808017731
808117170
808225220
808287899
808332056
808349898
808537181
809171228
809186108
809229749
809255963
809281196
809494807
809510802
809518092
809820124
809880682
809914716
810139887
810141488
810347236
810385205
810724987
810739681
811050252
811179923
811238431
811455347
811461593
811684187
811890253
811980848
812440125
812516365
812594217
812900609
812933348
812947700
812976623
812992600
813189870
813248325
813293496
813343841
813367727
813411560
813424562
813473603
813527089
813617893
813819802
813847330
813865790
813987895
814054424
814189776
814299416
814306204
814480505
814732617
814900260
815056559
815092366
815184787
815199650
815217398
815222561
815238893
815246919
815384905
815494122
815503804
815546503
815555004
815575505
815621225
815631666
815695706
815736904
815763460
815952686
815997839
816070010
816353229
816370065
816410570
816528791
816540445
816583877
816641753
816679455
816682734
816789257
816846729
816847237
817174074
817458212
817499635
817581128
817636379
817642285
817793023
817859888
818138842
818458441
818533770
818552816
818614914
818739355
818770526
818848897
819022446
819055287
819248261
819304964
819484067
819560145
819713699
820016243
820041095
820202873
820244808
820382371
820424388
820561465
820586152
820783875
821033532
821043936
821149360
821369162
821398358
821458805
821574058
821789885
821913566
821971941
822025060
822048835
822201112
822228477
822321397
822349360
822562904
822570570
823109127
823238089
823258246
823291085
823373445
823394904
823478899
823520795
823668010
823681933
823698876
823968445
823980954
824046844
824161136
824190122
824296626
824622743
825053614
825122477
825209687
825250374
825318383
825422266
825502146
825514065
825590749
825657599
825784093
825859164
826042492
826047622
826540154
826669591
826675153
826937657
826955558
827042756
827049547
827246784
827344275
827347457
827389309
827411331
827474031
827564111
827615258
827671419
827731418
827743710
828091882
828125341
828142662
828367427
828557653
828605239
828698997
828735628
828773333
828859172
828870340
828937328
829017112
829037711
829135336
829204278
829329529
829393437
829493958
829821524
829924595
829943201
829950038
830024567
830052543
830332462
830433308
830433525
830455985
830522306
830674190
830727805
830824392
830951103
831430660
831449182
831487757
831488927
831549740
831567507
831584993
831866972
831933309
831984543
832002718
832267388
832405697
832477560
832597604
832682137
832685389
832839716
832883481
832930030
832933464
833001393
833072169
833310188
833339342
833449840
833515075
833543145
833574804
833865176
833877265
833927881
834099544
834209886
834443211
834487907
834538159
834559746
834586545
834632184
834841933
834968746
835139825
835320784
835339161
835531903
835926907
836047056
836104599
836163603
836240318
836273173
836933983
837009512
837051281
837071847
837096466
837357749
837414245
837483221
837606170
837666569
837681825
837742832
837755096
838044475
838127199
838132310
838335462
838518092
838591726
838763968
838879431
839094617
839104179
839226313
839230260
839287321
839650028
839844385
839878735
840035006
840085979
840218730
840443310
840585517
840623972
840661699
840667717
840701167
840751658
841516318
841573427
841655430
841701890
841754755
841922433
842156654
842171679
842232726
842337518
842373297
842461779
842498470
842659928
842691477
842757079
842956240
842960985
843006012
843032468
843147890
843244213
843439083
843490046
843544706
843816540
843893861
843971252
844042076
844051528
844186930
844379514
844470787
844477585
844491386
844582874
844704542
844912936
844948713
845058145
845102585
845112178
845162522
845300186
845322319
845379039
845462519
845694577
845835349
845921516
845924338
845986279
846301360
846310442
846397501
846472480
846636023
846699780
846847296
846891013
847185913
847413778
847469010
847564975
847721398
847738844
848181250
848443777
848582843
848632014
848685675
848806224
848927871
849679137
849757893
849818051
849917091
849947518
850075916
850248370
850340243
850406762
850413749
850623130
850897823
850924022
850941406
850981328
851037873
851059833
851224361
851254460
851309943
851398111
851528205
851539227
851555364
851608302
851916931
852065084
852100149
852322106
852488958
852524313
852554460
852712806
852773167
853001797
853079915
853115771
853415415
853424451
853463361
853621587
853659766
853774513
853829539
854152317
854154841
854178264
854259972
854283134
854598324
854847968
854865353
854867895
854898813
855020720
855243755
855327070
855330090
855398477
855418619
855557455
855561568
855655489
855695426
855810121
855838209
856133009
856447582
856503011
856660619
856747587
856778061
856864213
856963508
856970063
856985084
857056869
857238539
857307607
857367459
857451205
857521412
857595639
857658658
857716214
857933484
857950650
857998393
858002913
858021197
858047692
858258881
858416522
858573235
858573376
858633559
858705047
858766930
858924167
858999410
859119194
859186203
859257503
859349949
859421394
859805800
859809505
859845959
860321509
860429083
860461731
860479599
860641417
860720257
860724652
860746696
860926782
860959827
861094186
861141549
861143269
861516876
861591130
861604861
862135081
862170218
862392607
862524696
862579880
862769339
862897374
863060320
863100670
863566077
863624215
863750166
863866212
863894079
864000464
864206472
864296017
864308436
864325730
864719947
864959622
864979876
865013032
865048673
865214878
865267894
865347911
865380325
865444515
865511486
865577907
865669299
865713236
866097021
866144155
866387139
866408471
866469386
866497121
866578394
866635567
866692651
866732364
866889209
867089620
867137519
867273083
867340204
867537526
867587795
867601089
867700490
867944069
867945850
868030531
868083847
868218640
868236745
868332093
868431973
868527426
868615334
868828064
868912391
868927540
868930350
869250871
869308729
869347675
869367519
869617090
869918114
869963117
870092596
870092929
870096300
870234126
870239852
870306067
870329628
870347268
870356724
870451099
870567625
870948741
871104984
871134389
871259202
871365318
871388600
871419989
871487724
871695375
871753372
871803627
871875590
871905786
871941325
871983444
872201447
872278110
872523714
872623498
872705530
872996102
873213814
873291197
873846416
873974715
874123928
874167435
874190972
874364065
874387653
874411985
874450986
874585892
874605165
874723521
874726083
874827306
874829041
874901326
874941832
874953242
875322655
875417844
875605126
875660974
875698494
875815740
875834963
875933804
876063430
876180198
876186460
876197705
876199591
876251725
876405749
876469861
876522493
876612262
876686109
876997707
877116255
877405448
877436621
877574913
877603640
877831174
877919150
878052787
878064702
878154356
878161858
878191797
878221098
878235353
878394680
878696962
878850032
878860128
879062719
879234439
879367897
879418802
879456238
879868109
879994798
880182221
880212799
880233021
880678099
880685082
880686538
880761252
881197266
881240672
881273650
881316941
881525717
881542243
881612821
882071171
882481980
882520787
882549491
882553700
882640979
882688185
882712139
882798283
882818906
882932624
883127465
883141316
883275279
883275516
883657329
883823779
883901001
884519968
884666065
884704351
884719082
884806411
884844775
885005024
885006288
885032824
885039072
885103882
885128117
885226939
885227032
885394292
885444841
885548475
885680712
885703465
885789265
885807366
886033007
886219163
886422817
886469238
886572684
886580137
886870535
886895513
886929723
886994722
887074502
887335613
887356336
887380542
887475887
887560600
887734488
887808612
887858396
887864306
887904008
887945992
887960538
888057149
888075292
888137411
888296429
888401533
888489676
888502817
888543613
888596028
888664331
888709046
888874436
889024122
889137192
889245494
889289961
889409900
889511214
889592721
889691968
889694118
889809563
889991214
890048595
890111505
890526168
890553726
890607627
890637331
890665662
891305437
891333269
891439218
891579651
891631196
891928353
892017235
892032674
892198805
892241778
892378614
892731654
892766009
892780471
892800702
892916066
892929366
893010104
893158321
893430096
893484588
893516755
893645599
893723631
893800751
893824051
893987464
894074890
894212036
894305684
894319397
894399936
894402123
894403782
894520928
894741048
894769950
894856359
894957405
895037171
895360614
895509904
895825491
895828513
896118375
896180182
896341763
896517901
896599099
896844878
897227318
897385408
897398687
897425451
897512995
897566490
897674890
897869559
897944939
898010073
898028489
898499891
898662961
898845002
899027552
899053867
899156081
899236939
899392587
899622139
900012563
900083185
900083277
900109298
900121000
900277202
900317739
900320727
900365348
900461925
900501276
900631233
900655812
900729681
900743636
900845277
900911163
901070824
901112169
901134385
901280610
901319389
901407389
901530338
901694241
901757277
901888640
902015422
902084442
902116173
902315849
902398089
902451688
902538580
902581305
902711787
902729836
902998772
903292515
903307974
903312154
903510006
903522430
903670033
903723067
903766435
903800060
903854165
903877434
904019419
904026625
904084863
904152589
904189741
904393754
904447458
904636787
904686240
904725402
904747222
904898740
904968279
905146667
905149083
905166430
905283639
905341005
905358798
905429892
905572202
905845088
905971560
905998783
906044221
906052371
906266130
906350020
906496879
906611930
906857556
907086044
907334791
907397050
907513041
907516135
907642462
907739472
907793613
908041752
908293018
908368996
908451942
908501968
908735095
909017329
909039376
909039463
909040709
909150484
909264016
909374176
909520784
909543851
909549303
909575326
909577628
909687888
909699045
909766053
909884146
910033245
910281587
910435779
910454671
910648724
910738448
910787316
910875213
910936954
911050421
911074037
911335329
911410763
911412188
911464402
911480486
911485812
911490484
911518103
911795080
911845973
912019595
912094955
912185964
912198371
912308247
912692013
912753883
912879909
913246632
913248208
913340835
913387838
913416408
913491595
913590051
913660828
913719052
913866500
913981859
914068822
914164943
914251926
914282224
914300764
914399694
914664214
914719293
914722935
914732953
914848857
915135597
915194175
915211017
915231546
915251331
915255020
915284131
915409458
915550382
915623599
915628635
915716034
915930883
915967684
916144397
916454263
916508071
916581768
916609847
916876561
916928886
917135297
917152903
917264844
917349761
917413423
917543820
917613623
917722763
917869034
917880180
918068873
918086938
918112637
918123391
918388084
918476526
918539726
918569569
918633265
918678933
918791243
918837732
918917555
918974168
919141323
919289252
919555036
919574528
919667042
919672076
919726374
920011962
920104040
920207521
920306753
920355397
920393368
920467947
920505623
920528934
920531301
920772300
920879047
920917928
921274949
921371259
921531140
921605887
921760591
921814149
922035724
922162721
922199177
922248178
922258214
922276651
922305071
922367671
922530592
922533096
922617728
922679750
922783787
922915584
922943686
922984973
923104200
923285059
923287003
923320542
923335627
923335880
923580679
923871121
924083248
924104853
924247646
924261392
924458102
924783711
924857809
924900753
924941840
925062347
925341519
925379825
925491150
925629445
925759680
925859585
926180594
926632902
926952763
926992737
926996408
927108483
927273151
927320788
927655701
927719382
927897795
927997481
928035332
928213833
928273217
928302137
928511101
928630429
928631244
928747798
928769006
928838729
928929421
928984953
929071363
929190951
929228757
929452582
930059956
930060818
930314904
930371877
930442934
930480902
930522604
930578323
930681871
930753898
931004135
931072951
931087969
931137135
931208011
931224451
931253393
931646852
931817645
931868699
931972826
932260324
932501706
932519857
932626953
932718776
932827421
933221291
933397956
933425166
933537388
933680246
933705520
933984402
934121858
934203683
934294144
934313541
934318616
934423157
934661627
934709232
934712165
934783124
934786197
934992153
935096903
935130820
935152550
935220899
935259116
935267642
935298024
935309025
935410351
935487967
935513882
935529732
935977287
936037518
936174317
936192091
936518397
936690519
936725139
936760147
936782912
936870976
936960526
936965261
937041922
937077268
937222622
937244507
937260548
937261228
937360046
937432264
937469056
937557550
937607964
937747145
937779715
937808716
937844486
937942883
937994418
938015666
938295492
938329148
938357741
939389076
939446611
939497031
939580490
939594604
939863450
939937239
939997184
940132260
940326955
940462019
940568817
940768982
940816225
940843390
940960882
941061596
941134628
941239712
941565910
941676366
941753408
941775918
941969273
941996725
942105818
942109636
942359033
942551740
942650157
942771510
942780290
942822161
942899938
943212291
943273333
943539114
943636599
943716398
943762867
943870306
944280271
944343777
944365069
944420654
944528769
944608289
944936565
944985649
945081129
945216173
945261160
945419682
945632798
945760645
945810301
945851724
945980037
946214761
946247981
946393634
946432263
946482032
946488016
946582334
947115358
947219764
947282837
947287556
947313105
947392542
947397925
947406263
947498940
947558727
947615094
947818740
947929777
947992713
948015484
948128216
948158731
948161568
948261315
948346592
948488213
948790656
948999151
949381996
949394587
949533913
949550849
949569169
949581871
949612360
949666351
949676221
949708486
949824067
949824093
949834810
949893260
949942207
949942711
949981983
950112030
950256659
950295182
950310406
950342943
950381986
950487542
950638882
950917934
950964128
951238768
951355907
951365523
951471954
951490700
951498201
951617344
951629499
951731416
951738574
951776680
951852463
951900395
952104833
952462030
952513755
952647823
952751597
952779349
952804420
952898383
953071976
953346586
953396764
953563567
953569806
953581838
953629732
953803212
953871703
953911950
953954501
954011691
954127505
954184012
954243586
954480832
954603672
954699245
954837591
954839133
954988126
955006538
955154468
955312478
955507777
955550581
955598677
955680820
955691974
955778979
955906773
955943911
956206161
956233716
956375360
956441346
956475474
956512792
956667481
957067887
957238229
957292487
957330473
957340864
957489546
957902025
957929591
958198125
958207082
958373854
958687431
958740902
958778938
958783265
959092736
959093126
959684876
959733729
959954710
959988458
960044178
960084008
960116131
960174182
960313463
960477291
960516035
960601137
960625780
960656981
960693408
960693982
960885966
960886903
960930030
961164134
961273798
961389709
961407345
961514290
961580624
961591096
961605920
961628467
961645678
961697807
961823438
961871146
961944444
962084293
962339778
962464128
962472200
962524373
962636930
962637342
962667509
962668679
962779876
962877356
962892833
962914629
963015859
963026080
963068717
963091722
963351838
963371725
963507507
963531525
963993411
964096798
964116071
964125988
964331236
964509916
964586120
964662439
964946524
964956357
965006460
965095143
965248088
965265498
965265766
965472886
965541338
965794065
965818287
965874225
966061522
966074733
966089241
966434670
966541852
966619760
966861043
967027583
967104595
967111841
967173763
967282947
967455965
967456012
967473653
967604771
967812221
967825188
968121570
968143464
968259427
968383560
968593584
968783234
968857390
968902771
968947839
969242861
969245997
969461491
969477627
969787882
969869223
970146432
970149515
970306373
970324064
970500185
970931118
971018645
971022280
971242584
971246635
971261589
971291055
971576818
971761346
971781287
971821714
972045744
972111893
972363040
972393717
972530976
972645847
972652894
972872969
973165329
973210432
973267334
973318699
973396453
973414654
973440042
973632843
973743054
973851700
973877671
974200415
974289309
974303994
974412492
974482008
974723671
974803230
974926256
975001891
975084516
975222590
975569496
975583138
975650638
975758985
975760069
975820928
975829788
975837270
975909657
975994421
976245776
976401490
976474693
976481695
976607220
976786980
976840877
976865416
976948928
977026431
977064429
977519733
977573160
977604982
977644002
977875957
977896777
978036559
978131293
978212286
978235667
978391119
978492084
978505983
978515421
978526223
978548993
978671615
978700056
978788879
978788927
978894092
979063567
979113211
979182998
979214626
979238790
979240162
979314015
979361572
979406008
979572358
979620564
979777668
979777756
979851818
979852245
980059250
980100629
980160745
980187269
980484152
980527224
980659431
980787512
980821883
981021526
981138211
981171911
981230361
981383259
981469810
981475883
981514854
981585252
981676304
981765349
981930802
981982674
982166343
982205613
982256794
982300261
982319942
982320735
982418824
982471113
982575730
982707142
982885897
982903889
983010211
983117045
983275708
983698256
983809591
983885324
984013237
984497733
984517811
984834630
985016870
985089706
985106271
985125253
985131499
985237562
985666898
985707803
985811054
986174882
986184548
986219117
986225063
986383877
986499431
986517531
986564889
986668666
986775030
986899804
986933857
986997175
987067039
987096342
987100504
987259583
987496262
987676201
987721421
987852328
987877839
987999397
988174728
988341035
988401223
988727711
988789952
988802931
988936768
989073039
989259655
989366637
989473589
989610487
989954248
989960965
989961488
990092420
990093613
990095375
990200971
990272429
990346358
990444362
990527438
990539492
990582052
990606224
990642922
990649074
990768705
990823007
991221151
991562980
991661253
991927164
991933652
992083624
992109390
992194339
992241428
992292571
992433645
992518513
992813595
993112507
993171322
993216973
993229600
993232780
993444148
993729500
994088333
994154466
994179463
994198916
994366279
994650035
994759256
994847816
994963975
995007329
995024600
995065666
995130430
995202498
995286193
995313338
995327218
995437150
995510677
995519713
995681363
995963122
996091927
996228411
996387092
996419217
996467080
996659965
996773656
996779876
996943875
997021638
997137068
997394781
997418207
997427500
997912490
998161245
998320982
998474766
998586876
998711034
998750953
998755029
998803312
998916660
998942790
998963424
999087493
999114101
999308521
999353066
999445762
999548744
999624833
999672684
999818328
999864631
999888061
999915857
999989035
999991630
999994027
1000028990
1000209385
1000327682
1000872288
1000897154
1000905895
1000944035
1001248696
1001355300
1001649824
1001672881
1001675095
1001840499
1001868575
1001890377
1002002296
1002335357
1002346949
1002383271
1002495081
1002585421
1002659050
1002693823
1002872404
1002938321
1003202155
1003379779
1003428312
1003491036
1003622082
1003691872
1003707979
1003835472
1004047550
1004066365
1004107194
1004248379
1004338265
1004401091
1004407786
1004507210
1004666696
1004671841
1004983367
1005033982
1005106024
1005131510
1005188353
1005307498
1005361515
1005460979
1005477301
1005541960
1005670025
1005724031
1005767748
1005928850
1006031906
1006097263
1006188127
1006306183
1006375875
1006426683
1006435976
1006436601
1006540497
1006609586
1006653848
1006787212
1006818564
1007004804
1007141043
1007157844
1007218810
1007336489
1007422190
1007451381
1007530135
1007748414
1007766912
1007785378
1007961871
1008052246
1008083597
1008100382
1008167518
1008297438
1008339387
1008452308
1008698869
1008844106
1008893435
1009070797
1009158374
1009581267
1009717436
1009766233
1009838693
1009929250
1009931129
1010084445
1010111140
1010152707
1010257686
1010277611
1010437703
1010633618
1010802588
1011186732
1011189150
1011252527
1011303500
1011328359
1011540926
1011646455
1011654531
1012103137
1012205656
1012264513
1012270924
1012624790
1012851662
1012979377
1013106621
1013219442
1013275358
1013333706
1013447424
1013451301
1013539216
1013539704
1013660653
1013673113
1014053100
1014266433
1014281307
1014343246
1014497187
1014599385
1014709892
1014835732
1015381559
1015443548
1015491161
1015754088
1015817749
1015937022
1015991137
1016159108
1016170662
1016196007
1016231952
1016329734
1016482053
1016548577
1016850758
1016864991
1016871627
1016901287
1016995832
1016999916
1017029179
1017341209
1017452974
1017607793
1017671535
1017725001
1017872275
1017991790
1018053662
1018127685
1018268483
1018512480
1018769481
1018857011
1018988701
1019136803
1019296710
1019606427
1019709754
1019908631
1019920253
1019931480
1019981286
1020249855
1020278081
1020325003
1020405985
1020531602
1020675091
1020779889
1020925747
1021025590
1021074133
1021107087
1021107602
1021571435
1021766455
1022063163
1022341556
1022471387
1022480298
1022514106
1022673019
1022797712
1022897247
1023101164
1023199064
1023360995
1023496704
1023502407
1023688795
1023689004
1023771887
1024432283
1024562417
1024695155
1024706226
1024716124
1025148749
1025703785
1025730145
1025739739
1025948075
1026150795
1026214657
1026218190
1026239359
1026243414
1026249447
1026273941
1026292943
1026308625
1026385267
1026414884
1026439940
1026602759
1026628773
1026729803
1026828306
1026993378
1027067598
1027526062
1027630912
1027885465
1028095462
1028227125
1028243580
1028269909
1028292237
1028576224
1028625661
1028651494
1028713055
1028781849
1029102332
1029388927
1029446718
1029540937
1029557227
1029583025
1029614157
1029908579
1029911371
1030269275
1030270210
1030305587
1030330169
1030413458
1030436337
1030514013
1030704253
1030783433
1030814875
1030926663
1031010814
1031086783
1031115929
1031359472
1031511364
1031634210
1031641585
1031779124
1032166232
1032232833
1032303580
1032478635
1032515080
1032536135
1032652973
1032684124
1032712501
1032765460
1032766047
1032819869
1032912588
1032923890
1033016421
1033266025
1033404206
1034064909
1034200699
1034277965
1034509523
1034522518
1034540888
1034567618
1034789226
1034973087
1035025435
1035104619
1035489846
1035791680
1035800526
1035916035
1035917479
1035922830
1035957967
1035967398
1035991369
1036370220
1036574925
1036703129
1036894599
1037125492
1037285496
1037490929
1037526195
1037584470
1037592439
1037767476
1037851910
1037883151
1037962108
1038139708
1038143306
1038227365
1038401723
1038657319
1038854036
1039002803
1039214801
1039437626
1039541977
1039576362
1039599518
1039812792
1039984151
1040140620
1040201941
1040238512
1040290516
1040313080
1040319693
1040374969
1040735182
1040874527
1040989607
1041091555
1041104682
1041176208
1041600506
1041732987
1041788868
1041931099
1041943980
1042262906
1042287932
1042307519
1042326494
1042354145
1042369902
1042683780
1043208853
1043521901
1043547256
1043564105
1043596412
1043680377
1043703260
1043829826
1043947236
1044014268
1044179754
1044298014
1044454529
1044611946
1044842449
1044852785
1045042978
1045202354
1045229322
1045329679
1045409893
1045437141
1045522632
1045782036
1045864307
1045963252
1046027644
1046099468
1046149307
1046341788
1046363518
1046388158
1046505915
1046558862
1046914103
1046921584
1047102262
1047263698
1047396162
1047554489
1047702857
1047764602
1047828640
1047837647
1047880798
1047939820
1047997676
1048396762
1048511732
1048524767
1048585797
1048760173
1048805909
1048846307
1049032123
1049070280
1049103518
1049221282
1049286976
1049476973
1049597971
1049796397
1049818664
1049957613
1049967329
1050005336
1050015718
1050125254
1050317430
1050364279
1050367029
1050535649
1050546428
1050660799
1050752597
1050812012
1050881499
1050932894
1050986799
1051000361
1051007869
1051052054
1051070012
1051145118
1051176440
1051465774
1051580124
1051618798
1051760476
1051999463
1052000106
1052002053
1052148209
1052167005
1052172948
1052176656
1052195806
1052298265
1052632393
1052706005
1052718608
1052788278
1052837817
1053221843
1053229747
1053250753
1053282363
1053379011
1053703253
1053881345
1054097145
1054127401
1054161149
1054205198
1054242961
1054335357
1054394196
1054411161
1054520355
1054795300
1054876869
1054886134
1054951370
1055059395
1055137598
1055179584
1055198579
1055395139
1055523476
1055592690
1055605833
1055807587
1055896973
1055936892
1056248834
1056292314
1056558019
1056822222
1056833969
1056976520
1057009126
1057067725
1057114990
1057154907
1057183510
1057201146
1057239066
1057418085
1057496275
1057536318
1057549023
1057709065
1057829291
1058082456
1058109535
1058164333
1058165930
1058170857
1058203833
1058248372
1058418919
1058851509
1059156928
1059367926
1059505889
1059570829
1059699556
1059802279
1059818393
1059873658
1060307891
1060350264
1060401998
1060455993
1060466769
1060641476
1060645066
1060752257
1060946582
1061004573
1061127634
1061162077
1061280246
1061567598
1061636604
1061704095
1061764711
1061844096
1061853728
1061902007
1062106262
1062182711
1062439781
1062575707
1062577905
1062642045
1062659827
1062693281
1062722536
1062836753
1063110523
1063146459
1063409881
1063494909
1063550444
1063633879
1063650899
1063801899
1063903609
1063907163
1063907458
1064060888
1064100668
1064302562
1064353488
1064510140
1064589327
1064618926
1064736779
1064870968
1064894944
1064912271
1065067934
1065187563
1065337382
1065369276
1065397348
1065447049
1065483775
1065642284
1065696372
1065724756
1066497593
1066785530
1066890307
1066891883
1067138537
1067263184
1067292715
1067364067
1067380161
1067400783
1067454398
1067458391
1067462661
1067466240
1067677346
1067768892
1067863741
1068006628
1068066776
1068067929
1068187780
1068311673
1068379359
1068406869
1068433229
1068674711
1069041247
1069362126
1069475049
1069491520
1069517080
1069691664
1069707081
1069815336
1070143262
1070165613
1070191680
1070279715
1070282565
1070346812
1070388518
1070462260
1070547107
1070646095
1070729271
1070889649
1070926024
1070982946
1071034487
1071137511
1071152568
1071254761
1071591014
1071597981
1071658247
1071732676
1071755758
1071777670
1071814468
1071920092
1071928857
1071963986
1072186634
1072292433
1072319014
1072349968
1072632560
1072646200
1072852356
1072961895
1073170180
1073242559
1073419583
